[2024-03-19 17:46:32.481644] 明厨亮灶发送数据开始程序执行
[2024-03-19 17:46:32.482670] 财务应付单 发送任务定时任务开始执行...
[2024-03-19 17:46:32.489837] connect to MySQL:Success
[2024-03-19 17:46:32.538406] Disconnect mysql
[2024-03-19 17:46:32.546267] connect to MySQL:Success
[2024-03-19 17:46:32.626418] Disconnect mysql
[2024-03-19 17:46:32.634228] connect to MySQL:Success
[2024-03-19 17:46:32.634228] connect to MySQL:Success
[2024-03-19 17:46:32.635264] 线程2: 第1个订单拼接字符串开始！
[2024-03-19 17:46:32.635264] 线程1: 第1个订单拼接字符串开始！
[2024-03-19 17:46:32.637335] Disconnect mysql
[2024-03-19 17:46:32.637335] Disconnect mysql
[2024-03-19 17:46:33.070913] connect to MySQL:Success
[2024-03-19 17:46:33.070913] 线程1: 第1个订单发送开始
[2024-03-19 17:46:33.084420] connect to MySQL:Success
[2024-03-19 17:46:33.085467] 线程2: 第1个订单发送开始
[2024-03-19 17:46:34.603025] 线程1: 第1个订单发送结束
[2024-03-19 17:46:34.603025] 线程2: 第1个订单发送结束
[2024-03-19 17:46:34.610744] connect to MySQL:Success
[2024-03-19 17:46:34.610744] connect to MySQL:Success
[2024-03-19 17:46:34.610744] 线程1: 第2个订单拼接字符串开始！
[2024-03-19 17:46:34.611780] 线程2: 第2个订单拼接字符串开始！
[2024-03-19 17:46:34.613327] Disconnect mysql
[2024-03-19 17:46:34.613327] Disconnect mysql
[2024-03-19 17:46:34.631889] connect to MySQL:Success
[2024-03-19 17:46:34.632898] connect to MySQL:Success
[2024-03-19 17:46:34.632898] 线程2: 第2个订单发送开始
[2024-03-19 17:46:34.633919] 线程1: 第2个订单发送开始
[2024-03-19 17:46:34.748540] 线程1: 第2个订单发送结束
[2024-03-19 17:46:34.755340] 线程2: 第2个订单发送结束
[2024-03-19 17:46:34.756386] connect to MySQL:Success
[2024-03-19 17:46:34.756945] 线程1: 第3个订单拼接字符串开始！
[2024-03-19 17:46:34.757985] Disconnect mysql
[2024-03-19 17:46:34.765889] connect to MySQL:Success
[2024-03-19 17:46:34.766896] 线程2: 第3个订单拼接字符串开始！
[2024-03-19 17:46:34.766896] connect to MySQL:Success
[2024-03-19 17:46:34.767952] 线程1: 第3个订单发送开始
[2024-03-19 17:46:34.770573] Disconnect mysql
[2024-03-19 17:46:34.780483] connect to MySQL:Success
[2024-03-19 17:46:34.781520] 线程2: 第3个订单发送开始
[2024-03-19 17:46:34.884917] 线程1: 第3个订单发送结束
[2024-03-19 17:46:34.891636] connect to MySQL:Success
[2024-03-19 17:46:34.892677] 线程1: 第4个订单拼接字符串开始！
[2024-03-19 17:46:34.894736] Disconnect mysql
[2024-03-19 17:46:34.897772] 线程2: 第3个订单发送结束
[2024-03-19 17:46:34.914338] connect to MySQL:Success
[2024-03-19 17:46:34.915375] 线程1: 第4个订单发送开始
[2024-03-19 17:46:34.916422] connect to MySQL:Success
[2024-03-19 17:46:34.917450] 线程2: 第4个订单拼接字符串开始！
[2024-03-19 17:46:34.920006] Disconnect mysql
[2024-03-19 17:46:34.929190] connect to MySQL:Success
[2024-03-19 17:46:34.929710] 线程2: 第4个订单发送开始
[2024-03-19 17:46:35.027794] 线程1: 第4个订单发送结束
[2024-03-19 17:46:35.034475] connect to MySQL:Success
[2024-03-19 17:46:35.034475] 线程1: 第5个订单拼接字符串开始！
[2024-03-19 17:46:35.036580] Disconnect mysql
[2024-03-19 17:46:35.054017] connect to MySQL:Success
[2024-03-19 17:46:35.055058] 线程1: 第5个订单发送开始
[2024-03-19 17:46:35.058685] 线程2: 第4个订单发送结束
[2024-03-19 17:46:35.064765] connect to MySQL:Success
[2024-03-19 17:46:35.064765] 线程2: 第5个订单拼接字符串开始！
[2024-03-19 17:46:35.066805] Disconnect mysql
[2024-03-19 17:46:35.084412] connect to MySQL:Success
[2024-03-19 17:46:35.085462] 线程2: 第5个订单发送开始
[2024-03-19 17:46:35.172085] 线程1: 第5个订单发送结束
[2024-03-19 17:46:35.199465] 线程2: 第5个订单发送结束
[2024-03-19 17:46:35.200495] 对账单1发送结束
[2024-03-19 17:46:35.201501] 本次发送定时任务结束
[2024-03-19 17:50:22.915321] 明厨亮灶发送数据开始程序执行
[2024-03-19 17:50:22.915321] 财务应付单 发送任务定时任务开始执行...
[2024-03-19 17:50:22.924074] connect to MySQL:Success
[2024-03-19 17:50:22.970149] Disconnect mysql
[2024-03-19 17:50:22.990368] connect to MySQL:Success
[2024-03-19 17:50:23.032693] Disconnect mysql
[2024-03-19 17:50:23.046132] connect to MySQL:Success
[2024-03-19 17:50:23.046132] connect to MySQL:Success
[2024-03-19 17:50:23.047162] 线程2: 第1个订单拼接字符串开始！
[2024-03-19 17:50:23.047162] 线程1: 第1个订单拼接字符串开始！
[2024-03-19 17:50:23.049225] Disconnect mysql
[2024-03-19 17:50:23.049225] Disconnect mysql
[2024-03-19 17:50:23.063639] connect to MySQL:Success
[2024-03-19 17:50:23.063639] connect to MySQL:Success
[2024-03-19 17:50:23.063639] 线程1: 第1个订单发送开始
[2024-03-19 17:50:23.063639] 线程2: 第1个订单发送开始
[2024-03-19 17:50:23.583482] 线程1: 第1个订单发送结束
[2024-03-19 17:50:23.584022] 线程2: 第1个订单发送结束
[2024-03-19 17:50:23.599118] connect to MySQL:Success
[2024-03-19 17:50:23.599118] connect to MySQL:Success
[2024-03-19 17:50:23.599668] 线程2: 第2个订单拼接字符串开始！
[2024-03-19 17:50:23.599668] 线程1: 第2个订单拼接字符串开始！
[2024-03-19 17:50:23.601745] Disconnect mysql
[2024-03-19 17:50:23.601745] Disconnect mysql
[2024-03-19 17:50:23.614654] connect to MySQL:Success
[2024-03-19 17:50:23.615673] 线程1: 第2个订单发送开始
[2024-03-19 17:50:23.618235] connect to MySQL:Success
[2024-03-19 17:50:23.618235] 线程2: 第2个订单发送开始
[2024-03-19 17:50:23.728551] 线程2: 第2个订单发送结束
[2024-03-19 17:50:23.741437] 线程1: 第2个订单发送结束
[2024-03-19 17:50:23.743481] connect to MySQL:Success
[2024-03-19 17:50:23.744487] 线程2: 第3个订单拼接字符串开始！
[2024-03-19 17:50:23.746558] Disconnect mysql
[2024-03-19 17:50:23.759934] connect to MySQL:Success
[2024-03-19 17:50:23.760996] 线程1: 第3个订单拼接字符串开始！
[2024-03-19 17:50:23.762005] Disconnect mysql
[2024-03-19 17:50:23.765679] connect to MySQL:Success
[2024-03-19 17:50:23.766729] 线程2: 第3个订单发送开始
[2024-03-19 17:50:23.776599] connect to MySQL:Success
[2024-03-19 17:50:23.777630] 线程1: 第3个订单发送开始
[2024-03-19 17:50:23.892008] 线程2: 第3个订单发送结束
[2024-03-19 17:50:23.907542] connect to MySQL:Success
[2024-03-19 17:50:23.908579] 线程2: 第4个订单拼接字符串开始！
[2024-03-19 17:50:23.910620] Disconnect mysql
[2024-03-19 17:50:23.926060] connect to MySQL:Success
[2024-03-19 17:50:23.927097] 线程2: 第4个订单发送开始
[2024-03-19 17:50:23.929715] 线程1: 第3个订单发送结束
[2024-03-19 17:50:23.944752] connect to MySQL:Success
[2024-03-19 17:50:23.945769] 线程1: 第4个订单拼接字符串开始！
[2024-03-19 17:50:23.947338] Disconnect mysql
[2024-03-19 17:50:23.964983] connect to MySQL:Success
[2024-03-19 17:50:23.964983] 线程1: 第4个订单发送开始
[2024-03-19 17:50:24.048035] 线程2: 第4个订单发送结束
[2024-03-19 17:50:24.064607] connect to MySQL:Success
[2024-03-19 17:50:24.064607] 线程2: 第5个订单拼接字符串开始！
[2024-03-19 17:50:24.066699] Disconnect mysql
[2024-03-19 17:50:24.083315] connect to MySQL:Success
[2024-03-19 17:50:24.084349] 线程2: 第5个订单发送开始
[2024-03-19 17:50:24.092144] 线程1: 第4个订单发送结束
[2024-03-19 17:50:24.108677] connect to MySQL:Success
[2024-03-19 17:50:24.109718] 线程1: 第5个订单拼接字符串开始！
[2024-03-19 17:50:24.111794] Disconnect mysql
[2024-03-19 17:50:24.123160] connect to MySQL:Success
[2024-03-19 17:50:24.124180] 线程1: 第5个订单发送开始
[2024-03-19 17:50:24.208989] 线程2: 第5个订单发送结束
[2024-03-19 17:50:24.249307] 线程1: 第5个订单发送结束
[2024-03-19 17:50:24.250304] 对账单1发送结束
[2024-03-19 17:50:24.250304] 本次发送定时任务结束
[2024-03-19 17:51:33.148153] 明厨亮灶发送数据开始程序执行
[2024-03-19 17:51:33.149170] 财务应付单 发送任务定时任务开始执行...
[2024-03-19 17:51:33.156947] connect to MySQL:Success
[2024-03-19 17:51:33.196153] Disconnect mysql
[2024-03-19 17:51:33.202827] connect to MySQL:Success
[2024-03-19 17:51:33.245724] Disconnect mysql
[2024-03-19 17:51:33.253535] connect to MySQL:Success
[2024-03-19 17:51:33.253535] connect to MySQL:Success
[2024-03-19 17:51:33.254555] 线程2: 第1个订单拼接字符串开始！
[2024-03-19 17:51:33.254555] 线程1: 第1个订单拼接字符串开始！
[2024-03-19 17:51:33.304193] 线程1: 第1个订单拼接字符串结束
[2024-03-19 17:51:33.305201] Disconnect mysql
[2024-03-19 17:51:33.316951] 线程2: 第1个订单拼接字符串结束
[2024-03-19 17:51:33.318014] Disconnect mysql
[2024-03-19 17:51:33.325681] connect to MySQL:Success
[2024-03-19 17:51:33.325681] 线程1: 第1个订单发送开始
[2024-03-19 17:51:33.335556] connect to MySQL:Success
[2024-03-19 17:51:33.335556] 线程2: 第1个订单发送开始
[2024-03-19 17:51:33.501439] 线程1: 第1个订单发送结束
[2024-03-19 17:51:33.507225] 线程2: 第1个订单发送结束
[2024-03-19 17:51:33.512426] connect to MySQL:Success
[2024-03-19 17:51:33.513536] 线程1: 第2个订单拼接字符串开始！
[2024-03-19 17:51:33.522210] connect to MySQL:Success
[2024-03-19 17:51:33.522210] 线程2: 第2个订单拼接字符串开始！
[2024-03-19 17:51:33.561394] 线程1: 第2个订单拼接字符串结束
[2024-03-19 17:51:33.561915] Disconnect mysql
[2024-03-19 17:51:33.567991] 线程2: 第2个订单拼接字符串结束
[2024-03-19 17:51:33.569013] Disconnect mysql
[2024-03-19 17:51:33.571061] connect to MySQL:Success
[2024-03-19 17:51:33.572083] 线程1: 第2个订单发送开始
[2024-03-19 17:51:33.576784] connect to MySQL:Success
[2024-03-19 17:51:33.576784] 线程2: 第2个订单发送开始
[2024-03-19 17:51:33.685302] 线程1: 第2个订单发送结束
[2024-03-19 17:51:33.692938] connect to MySQL:Success
[2024-03-19 17:51:33.692938] 线程1: 第3个订单拼接字符串开始！
[2024-03-19 17:51:33.701713] 线程2: 第2个订单发送结束
[2024-03-19 17:51:33.717216] connect to MySQL:Success
[2024-03-19 17:51:33.717216] 线程2: 第3个订单拼接字符串开始！
[2024-03-19 17:51:33.744734] 线程1: 第3个订单拼接字符串结束
[2024-03-19 17:51:33.745778] Disconnect mysql
[2024-03-19 17:51:33.762458] connect to MySQL:Success
[2024-03-19 17:51:33.763520] 线程1: 第3个订单发送开始
[2024-03-19 17:51:33.807252] 线程2: 第3个订单拼接字符串结束
[2024-03-19 17:51:33.808292] Disconnect mysql
[2024-03-19 17:51:33.824924] connect to MySQL:Success
[2024-03-19 17:51:33.825954] 线程2: 第3个订单发送开始
[2024-03-19 17:51:33.880522] 线程1: 第3个订单发送结束
[2024-03-19 17:51:33.895128] connect to MySQL:Success
[2024-03-19 17:51:33.896155] 线程1: 第4个订单拼接字符串开始！
[2024-03-19 17:51:33.926390] 线程2: 第3个订单发送结束
[2024-03-19 17:51:33.933282] connect to MySQL:Success
[2024-03-19 17:51:33.933282] 线程2: 第4个订单拼接字符串开始！
[2024-03-19 17:51:33.982239] 线程2: 第4个订单拼接字符串结束
[2024-03-19 17:51:33.983873] Disconnect mysql
[2024-03-19 17:51:33.989074] 线程1: 第4个订单拼接字符串结束
[2024-03-19 17:51:33.990667] Disconnect mysql
[2024-03-19 17:51:33.993777] connect to MySQL:Success
[2024-03-19 17:51:33.993777] 线程2: 第4个订单发送开始
[2024-03-19 17:51:34.000555] connect to MySQL:Success
[2024-03-19 17:51:34.000555] 线程1: 第4个订单发送开始
[2024-03-19 17:51:34.113866] 线程1: 第4个订单发送结束
[2024-03-19 17:51:34.113866] 线程2: 第4个订单发送结束
[2024-03-19 17:51:34.127356] connect to MySQL:Success
[2024-03-19 17:51:34.128395] connect to MySQL:Success
[2024-03-19 17:51:34.128395] 线程1: 第5个订单拼接字符串开始！
[2024-03-19 17:51:34.128395] 线程2: 第5个订单拼接字符串开始！
[2024-03-19 17:51:34.177246] 线程2: 第5个订单拼接字符串结束
[2024-03-19 17:51:34.178285] Disconnect mysql
[2024-03-19 17:51:34.180353] 线程1: 第5个订单拼接字符串结束
[2024-03-19 17:51:34.181360] Disconnect mysql
[2024-03-19 17:51:34.186011] connect to MySQL:Success
[2024-03-19 17:51:34.187064] 线程2: 第5个订单发送开始
[2024-03-19 17:51:34.190121] connect to MySQL:Success
[2024-03-19 17:51:34.190121] 线程1: 第5个订单发送开始
[2024-03-19 17:51:34.299358] 线程1: 第5个订单发送结束
[2024-03-19 17:51:34.308196] 线程2: 第5个订单发送结束
[2024-03-19 17:51:34.309237] 对账单1发送结束
[2024-03-19 17:51:34.309237] 本次发送定时任务结束
[2024-03-19 17:52:32.284908] 明厨亮灶发送数据开始程序执行
[2024-03-19 17:52:32.285910] 财务应付单 发送任务定时任务开始执行...
[2024-03-19 17:52:32.300382] connect to MySQL:Success
[2024-03-19 17:52:32.346347] Disconnect mysql
[2024-03-19 17:52:32.362911] connect to MySQL:Success
[2024-03-19 17:52:32.403991] Disconnect mysql
[2024-03-19 17:52:32.411708] connect to MySQL:Success
[2024-03-19 17:52:32.412746] 线程2: 第1个订单拼接字符串开始！
[2024-03-19 17:52:32.420544] connect to MySQL:Success
[2024-03-19 17:52:32.421560] 线程1: 第1个订单拼接字符串开始！
[2024-03-19 17:52:32.471194] 线程1: 第1个订单拼接字符串结束
[2024-03-19 17:52:32.472223] Disconnect mysql
[2024-03-19 17:52:32.478971] 线程2: 第1个订单拼接字符串结束
[2024-03-19 17:52:32.478971] Disconnect mysql
[2024-03-19 17:52:32.497514] connect to MySQL:Success
[2024-03-19 17:52:32.498511] 线程1: 第1个订单发送开始
[2024-03-19 17:52:32.502621] connect to MySQL:Success
[2024-03-19 17:52:32.503655] 线程2: 第1个订单发送开始
[2024-03-19 17:52:32.617998] 线程2: 第1个订单发送结束
[2024-03-19 17:52:32.621671] 线程1: 第1个订单发送结束
[2024-03-19 17:52:32.624796] connect to MySQL:Success
[2024-03-19 17:52:32.624796] 线程2: 第2个订单拼接字符串开始！
[2024-03-19 17:52:32.637298] connect to MySQL:Success
[2024-03-19 17:52:32.637298] 线程1: 第2个订单拼接字符串开始！
[2024-03-19 17:52:32.675397] 线程2: 第2个订单拼接字符串结束
[2024-03-19 17:52:32.676429] Disconnect mysql
[2024-03-19 17:52:32.684238] 线程1: 第2个订单拼接字符串结束
[2024-03-19 17:52:32.685269] Disconnect mysql
[2024-03-19 17:52:32.693105] connect to MySQL:Success
[2024-03-19 17:52:32.694127] connect to MySQL:Success
[2024-03-19 17:52:32.694127] 线程2: 第2个订单发送开始
[2024-03-19 17:52:32.695164] 线程1: 第2个订单发送开始
[2024-03-19 17:52:32.812978] 线程1: 第2个订单发送结束
[2024-03-19 17:52:32.812978] 线程2: 第2个订单发送结束
[2024-03-19 17:52:32.821103] connect to MySQL:Success
[2024-03-19 17:52:32.822143] 线程2: 第3个订单拼接字符串开始！
[2024-03-19 17:52:32.822687] connect to MySQL:Success
[2024-03-19 17:52:32.823728] 线程1: 第3个订单拼接字符串开始！
[2024-03-19 17:52:32.865695] 线程2: 第3个订单拼接字符串结束
[2024-03-19 17:52:32.866709] Disconnect mysql
[2024-03-19 17:52:32.867726] 线程1: 第3个订单拼接字符串结束
[2024-03-19 17:52:32.869774] Disconnect mysql
[2024-03-19 17:52:32.874478] connect to MySQL:Success
[2024-03-19 17:52:32.875517] 线程2: 第3个订单发送开始
[2024-03-19 17:52:32.887349] connect to MySQL:Success
[2024-03-19 17:52:32.888387] 线程1: 第3个订单发送开始
[2024-03-19 17:52:32.981957] 线程2: 第3个订单发送结束
[2024-03-19 17:52:32.997896] connect to MySQL:Success
[2024-03-19 17:52:32.998917] 线程2: 第4个订单拼接字符串开始！
[2024-03-19 17:52:33.001539] 线程1: 第3个订单发送结束
[2024-03-19 17:52:33.008191] connect to MySQL:Success
[2024-03-19 17:52:33.009203] 线程1: 第4个订单拼接字符串开始！
[2024-03-19 17:52:33.049608] 线程2: 第4个订单拼接字符串结束
[2024-03-19 17:52:33.050629] Disconnect mysql
[2024-03-19 17:52:33.055259] 线程1: 第4个订单拼接字符串结束
[2024-03-19 17:52:33.057346] Disconnect mysql
[2024-03-19 17:52:33.067101] connect to MySQL:Success
[2024-03-19 17:52:33.068152] 线程2: 第4个订单发送开始
[2024-03-19 17:52:33.073880] connect to MySQL:Success
[2024-03-19 17:52:33.074922] 线程1: 第4个订单发送开始
[2024-03-19 17:52:33.179314] 线程1: 第4个订单发送结束
[2024-03-19 17:52:33.187064] connect to MySQL:Success
[2024-03-19 17:52:33.187064] connect to MySQL:Success
[2024-03-19 17:52:33.188103] 线程1: 第5个订单拼接字符串开始！
[2024-03-19 17:52:33.188103] 线程2: 第5个订单拼接字符串开始！
[2024-03-19 17:52:33.234216] 线程1: 第5个订单拼接字符串结束
[2024-03-19 17:52:33.234773] Disconnect mysql
[2024-03-19 17:52:33.234773] 线程2: 第5个订单拼接字符串结束
[2024-03-19 17:52:33.235815] Disconnect mysql
[2024-03-19 17:52:33.252378] connect to MySQL:Success
[2024-03-19 17:52:33.252378] connect to MySQL:Success
[2024-03-19 17:52:33.253414] 线程2: 第5个订单发送开始
[2024-03-19 17:52:33.253414] 线程1: 第5个订单发送开始
[2024-03-19 17:52:33.357817] 线程1: 第5个订单发送结束
[2024-03-19 17:52:33.357817] 线程2: 第5个订单发送结束
[2024-03-19 17:52:33.358849] 对账单1发送结束
[2024-03-19 17:52:33.374772] connect to MySQL:Success
[2024-03-19 17:52:33.441039] Disconnect mysql
[2024-03-19 17:52:33.448784] connect to MySQL:Success
[2024-03-19 17:52:33.449826] 线程2: 第1个订单拼接字符串开始！
[2024-03-19 17:52:33.456596] connect to MySQL:Success
[2024-03-19 17:52:33.457627] 线程1: 第1个订单拼接字符串开始！
[2024-03-19 17:52:33.501486] 线程2: 第1个订单拼接字符串结束
[2024-03-19 17:52:33.501486] Disconnect mysql
[2024-03-19 17:52:33.508218] 线程1: 第1个订单拼接字符串结束
[2024-03-19 17:52:33.508218] Disconnect mysql
[2024-03-19 17:52:33.511315] connect to MySQL:Success
[2024-03-19 17:52:33.512319] 线程2: 第1个订单发送开始
[2024-03-19 17:52:33.516409] connect to MySQL:Success
[2024-03-19 17:52:33.516409] 线程1: 第1个订单发送开始
[2024-03-19 17:52:33.647172] 线程1: 第1个订单发送结束
[2024-03-19 17:52:33.652736] 线程2: 第1个订单发送结束
[2024-03-19 17:52:33.653773] connect to MySQL:Success
[2024-03-19 17:52:33.653773] 线程1: 第2个订单拼接字符串开始！
[2024-03-19 17:52:33.657890] connect to MySQL:Success
[2024-03-19 17:52:33.658932] 线程2: 第2个订单拼接字符串开始！
[2024-03-19 17:52:33.702907] 线程1: 第2个订单拼接字符串结束
[2024-03-19 17:52:33.702907] 线程2: 第2个订单拼接字符串结束
[2024-03-19 17:52:33.702907] Disconnect mysql
[2024-03-19 17:52:33.704468] Disconnect mysql
[2024-03-19 17:52:33.721106] connect to MySQL:Success
[2024-03-19 17:52:33.721106] 线程1: 第2个订单发送开始
[2024-03-19 17:52:33.723162] connect to MySQL:Success
[2024-03-19 17:52:33.724207] 线程2: 第2个订单发送开始
[2024-03-19 17:52:33.823054] 线程1: 第2个订单发送结束
[2024-03-19 17:52:33.824632] 线程2: 第2个订单发送结束
[2024-03-19 17:52:33.837517] connect to MySQL:Success
[2024-03-19 17:52:33.838554] 线程1: 第3个订单拼接字符串开始！
[2024-03-19 17:52:33.839594] connect to MySQL:Success
[2024-03-19 17:52:33.840634] 线程2: 第3个订单拼接字符串开始！
[2024-03-19 17:52:33.889179] 线程1: 第3个订单拼接字符串结束
[2024-03-19 17:52:33.889179] 线程2: 第3个订单拼接字符串结束
[2024-03-19 17:52:33.890221] Disconnect mysql
[2024-03-19 17:52:33.890221] Disconnect mysql
[2024-03-19 17:52:33.899991] connect to MySQL:Success
[2024-03-19 17:52:33.899991] 线程1: 第3个订单发送开始
[2024-03-19 17:52:33.907754] connect to MySQL:Success
[2024-03-19 17:52:33.907754] 线程2: 第3个订单发送开始
[2024-03-19 17:52:34.009205] 线程2: 第3个订单发送结束
[2024-03-19 17:52:34.013338] 线程1: 第3个订单发送结束
[2024-03-19 17:52:34.019031] connect to MySQL:Success
[2024-03-19 17:52:34.019031] 线程1: 第4个订单拼接字符串开始！
[2024-03-19 17:52:34.024161] connect to MySQL:Success
[2024-03-19 17:52:34.024161] 线程2: 第4个订单拼接字符串开始！
[2024-03-19 17:52:34.069025] 线程1: 第4个订单拼接字符串结束
[2024-03-19 17:52:34.070057] Disconnect mysql
[2024-03-19 17:52:34.074730] 线程2: 第4个订单拼接字符串结束
[2024-03-19 17:52:34.075762] Disconnect mysql
[2024-03-19 17:52:34.082515] connect to MySQL:Success
[2024-03-19 17:52:34.083545] 线程2: 第4个订单发送开始
[2024-03-19 17:52:34.104106] connect to MySQL:Success
[2024-03-19 17:52:34.104106] 线程1: 第4个订单发送开始
[2024-03-19 17:52:34.193903] 线程1: 第4个订单发送结束
[2024-03-19 17:52:34.195972] 线程2: 第4个订单发送结束
[2024-03-19 17:52:34.201618] connect to MySQL:Success
[2024-03-19 17:52:34.202671] 线程2: 第5个订单拼接字符串开始！
[2024-03-19 17:52:34.208367] connect to MySQL:Success
[2024-03-19 17:52:34.209403] 线程1: 第5个订单拼接字符串开始！
[2024-03-19 17:52:34.249404] 线程2: 第5个订单拼接字符串结束
[2024-03-19 17:52:34.250416] Disconnect mysql
[2024-03-19 17:52:34.256511] 线程1: 第5个订单拼接字符串结束
[2024-03-19 17:52:34.256511] Disconnect mysql
[2024-03-19 17:52:34.259575] connect to MySQL:Success
[2024-03-19 17:52:34.260116] 线程2: 第5个订单发送开始
[2024-03-19 17:52:34.264180] connect to MySQL:Success
[2024-03-19 17:52:34.265221] 线程1: 第5个订单发送开始
[2024-03-19 17:52:34.358117] 线程1: 第5个订单发送结束
[2024-03-19 17:52:34.360155] 线程2: 第5个订单发送结束
[2024-03-19 17:52:34.373556] connect to MySQL:Success
[2024-03-19 17:52:34.374559] 线程1: 第6个订单拼接字符串开始！
[2024-03-19 17:52:34.374559] connect to MySQL:Success
[2024-03-19 17:52:34.375572] 线程2: 第6个订单拼接字符串开始！
[2024-03-19 17:52:34.422393] 线程1: 第6个订单拼接字符串结束
[2024-03-19 17:52:34.423453] Disconnect mysql
[2024-03-19 17:52:34.427156] 线程2: 第6个订单拼接字符串结束
[2024-03-19 17:52:34.428182] Disconnect mysql
[2024-03-19 17:52:34.433318] connect to MySQL:Success
[2024-03-19 17:52:34.434349] 线程1: 第6个订单发送开始
[2024-03-19 17:52:34.436989] connect to MySQL:Success
[2024-03-19 17:52:34.436989] 线程2: 第6个订单发送开始
[2024-03-19 17:52:34.547272] 线程1: 第6个订单发送结束
[2024-03-19 17:52:34.548334] 线程2: 第6个订单发送结束
[2024-03-19 17:52:34.549358] 对账单2发送结束
[2024-03-19 17:52:34.549358] 本次发送定时任务结束
[2024-03-19 17:55:33.643452] 明厨亮灶发送数据开始程序执行
[2024-03-19 17:55:33.644477] 财务应付单 发送任务定时任务开始执行...
[2024-03-19 17:55:33.659968] connect to MySQL:Success
[2024-03-19 17:55:33.704037] Disconnect mysql
[2024-03-19 17:55:33.719605] connect to MySQL:Success
[2024-03-19 17:55:33.774625] Disconnect mysql
[2024-03-19 17:55:33.782394] connect to MySQL:Success
[2024-03-19 17:55:33.783405] 线程1: 第1个订单拼接字符串开始！
[2024-03-19 17:55:33.784994] Disconnect mysql
[2024-03-19 17:55:33.793170] connect to MySQL:Success
[2024-03-19 17:55:33.794186] 线程2: 第1个订单拼接字符串开始！
[2024-03-19 17:55:33.795765] Disconnect mysql
[2024-03-19 17:55:33.798865] connect to MySQL:Success
[2024-03-19 17:55:33.799880] 线程1: 第1个订单发送开始
[2024-03-19 17:55:33.804463] connect to MySQL:Success
[2024-03-19 17:55:33.806508] 线程2: 第1个订单发送开始
[2024-03-19 17:55:33.918960] 线程2: 第1个订单发送结束
[2024-03-19 17:55:33.923677] 线程1: 第1个订单发送结束
[2024-03-19 17:55:33.930835] connect to MySQL:Success
[2024-03-19 17:55:33.930835] 线程2: 第2个订单拼接字符串开始！
[2024-03-19 17:55:33.932392] connect to MySQL:Success
[2024-03-19 17:55:33.932392] 线程1: 第2个订单拼接字符串开始！
[2024-03-19 17:55:33.934419] Disconnect mysql
[2024-03-19 17:55:33.936441] Disconnect mysql
[2024-03-19 17:55:33.941512] connect to MySQL:Success
[2024-03-19 17:55:33.942544] 线程2: 第2个订单发送开始
[2024-03-19 17:55:33.945147] connect to MySQL:Success
[2024-03-19 17:55:33.946185] 线程1: 第2个订单发送开始
[2024-03-19 17:55:34.057389] 线程1: 第2个订单发送结束
[2024-03-19 17:55:34.064620] 线程2: 第2个订单发送结束
[2024-03-19 17:55:34.069292] connect to MySQL:Success
[2024-03-19 17:55:34.070321] 线程1: 第3个订单拼接字符串开始！
[2024-03-19 17:55:34.070321] connect to MySQL:Success
[2024-03-19 17:55:34.071343] 线程2: 第3个订单拼接字符串开始！
[2024-03-19 17:55:34.072366] Disconnect mysql
[2024-03-19 17:55:34.073390] Disconnect mysql
[2024-03-19 17:55:34.082075] connect to MySQL:Success
[2024-03-19 17:55:34.083081] 线程2: 第3个订单发送开始
[2024-03-19 17:55:34.089728] connect to MySQL:Success
[2024-03-19 17:55:34.090754] 线程1: 第3个订单发送开始
[2024-03-19 17:55:34.184381] 线程2: 第3个订单发送结束
[2024-03-19 17:55:34.197254] 线程1: 第3个订单发送结束
[2024-03-19 17:55:34.207078] connect to MySQL:Success
[2024-03-19 17:55:34.207078] 线程2: 第4个订单拼接字符串开始！
[2024-03-19 17:55:34.209700] Disconnect mysql
[2024-03-19 17:55:34.213822] connect to MySQL:Success
[2024-03-19 17:55:34.214859] 线程1: 第4个订单拼接字符串开始！
[2024-03-19 17:55:34.216940] Disconnect mysql
[2024-03-19 17:55:34.232476] connect to MySQL:Success
[2024-03-19 17:55:34.232476] connect to MySQL:Success
[2024-03-19 17:55:34.232476] 线程1: 第4个订单发送开始
[2024-03-19 17:55:34.232476] 线程2: 第4个订单发送开始
[2024-03-19 17:55:34.360278] 线程1: 第4个订单发送结束
[2024-03-19 17:55:34.364402] 线程2: 第4个订单发送结束
[2024-03-19 17:55:34.367996] connect to MySQL:Success
[2024-03-19 17:55:34.370064] 线程1: 第5个订单拼接字符串开始！
[2024-03-19 17:55:34.373139] Disconnect mysql
[2024-03-19 17:55:34.375737] connect to MySQL:Success
[2024-03-19 17:55:34.376785] 线程2: 第5个订单拼接字符串开始！
[2024-03-19 17:55:34.378832] Disconnect mysql
[2024-03-19 17:55:34.385547] connect to MySQL:Success
[2024-03-19 17:55:34.386569] 线程1: 第5个订单发送开始
[2024-03-19 17:55:34.389661] connect to MySQL:Success
[2024-03-19 17:55:34.389661] 线程2: 第5个订单发送开始
[2024-03-19 17:55:34.505573] 线程2: 第5个订单发送结束
[2024-03-19 17:55:34.517569] 线程1: 第5个订单发送结束
[2024-03-19 17:55:34.518625] 对账单1发送结束
[2024-03-19 17:55:34.525403] connect to MySQL:Success
[2024-03-19 17:55:34.565299] Disconnect mysql
[2024-03-19 17:55:34.573103] connect to MySQL:Success
[2024-03-19 17:55:34.573103] connect to MySQL:Success
[2024-03-19 17:55:34.574129] 线程1: 第1个订单拼接字符串开始！
[2024-03-19 17:55:34.574129] 线程2: 第1个订单拼接字符串开始！
[2024-03-19 17:55:34.577224] Disconnect mysql
[2024-03-19 17:55:34.577224] Disconnect mysql
[2024-03-19 17:55:34.585986] connect to MySQL:Success
[2024-03-19 17:55:34.585986] 线程2: 第1个订单发送开始
[2024-03-19 17:55:34.588582] connect to MySQL:Success
[2024-03-19 17:55:34.589612] 线程1: 第1个订单发送开始
[2024-03-19 17:55:34.702201] 线程2: 第1个订单发送结束
[2024-03-19 17:55:34.711013] connect to MySQL:Success
[2024-03-19 17:55:34.712048] 线程2: 第2个订单拼接字符串开始！
[2024-03-19 17:55:34.714677] 线程1: 第1个订单发送结束
[2024-03-19 17:55:34.714677] Disconnect mysql
[2024-03-19 17:55:34.730184] connect to MySQL:Success
[2024-03-19 17:55:34.731232] 线程1: 第2个订单拼接字符串开始！
[2024-03-19 17:55:34.732253] connect to MySQL:Success
[2024-03-19 17:55:34.732253] 线程2: 第2个订单发送开始
[2024-03-19 17:55:34.735370] Disconnect mysql
[2024-03-19 17:55:34.751996] connect to MySQL:Success
[2024-03-19 17:55:34.753029] 线程1: 第2个订单发送开始
[2024-03-19 17:55:34.851486] 线程2: 第2个订单发送结束
[2024-03-19 17:55:34.860298] connect to MySQL:Success
[2024-03-19 17:55:34.861371] 线程2: 第3个订单拼接字符串开始！
[2024-03-19 17:55:34.863990] Disconnect mysql
[2024-03-19 17:55:34.868125] 线程1: 第2个订单发送结束
[2024-03-19 17:55:34.883659] connect to MySQL:Success
[2024-03-19 17:55:34.884696] connect to MySQL:Success
[2024-03-19 17:55:34.884696] 线程1: 第3个订单拼接字符串开始！
[2024-03-19 17:55:34.885725] 线程2: 第3个订单发送开始
[2024-03-19 17:55:34.888795] Disconnect mysql
[2024-03-19 17:55:34.904351] connect to MySQL:Success
[2024-03-19 17:55:34.904351] 线程1: 第3个订单发送开始
[2024-03-19 17:55:34.996980] 线程2: 第3个订单发送结束
[2024-03-19 17:55:35.014636] connect to MySQL:Success
[2024-03-19 17:55:35.015668] 线程2: 第4个订单拼接字符串开始！
[2024-03-19 17:55:35.018259] Disconnect mysql
[2024-03-19 17:55:35.037793] connect to MySQL:Success
[2024-03-19 17:55:35.038824] 线程2: 第4个订单发送开始
[2024-03-19 17:55:35.040877] 线程1: 第3个订单发送结束
[2024-03-19 17:55:35.057403] connect to MySQL:Success
[2024-03-19 17:55:35.057403] 线程1: 第4个订单拼接字符串开始！
[2024-03-19 17:55:35.060445] Disconnect mysql
[2024-03-19 17:55:35.073343] connect to MySQL:Success
[2024-03-19 17:55:35.073343] 线程1: 第4个订单发送开始
[2024-03-19 17:55:35.179441] 线程2: 第4个订单发送结束
[2024-03-19 17:55:35.195989] connect to MySQL:Success
[2024-03-19 17:55:35.197017] 线程2: 第5个订单拼接字符串开始！
[2024-03-19 17:55:35.199085] Disconnect mysql
[2024-03-19 17:55:35.203780] 线程1: 第4个订单发送结束
[2024-03-19 17:55:35.221415] connect to MySQL:Success
[2024-03-19 17:55:35.221415] connect to MySQL:Success
[2024-03-19 17:55:35.222451] 线程1: 第5个订单拼接字符串开始！
[2024-03-19 17:55:35.222451] 线程2: 第5个订单发送开始
[2024-03-19 17:55:35.225567] Disconnect mysql
[2024-03-19 17:55:35.243174] connect to MySQL:Success
[2024-03-19 17:55:35.244222] 线程1: 第5个订单发送开始
[2024-03-19 17:55:35.338678] 线程2: 第5个订单发送结束
[2024-03-19 17:55:35.345383] connect to MySQL:Success
[2024-03-19 17:55:35.346417] 线程2: 第6个订单拼接字符串开始！
[2024-03-19 17:55:35.348496] Disconnect mysql
[2024-03-19 17:55:35.365059] connect to MySQL:Success
[2024-03-19 17:55:35.366064] 线程2: 第6个订单发送开始
[2024-03-19 17:55:35.369126] 线程1: 第5个订单发送结束
[2024-03-19 17:55:35.377944] connect to MySQL:Success
[2024-03-19 17:55:35.378993] 线程1: 第6个订单拼接字符串开始！
[2024-03-19 17:55:35.381632] Disconnect mysql
[2024-03-19 17:55:35.389404] connect to MySQL:Success
[2024-03-19 17:55:35.390475] 线程1: 第6个订单发送开始
[2024-03-19 17:55:35.482132] 线程2: 第6个订单发送结束
[2024-03-19 17:55:35.516362] 线程1: 第6个订单发送结束
[2024-03-19 17:55:35.517411] 对账单2发送结束
[2024-03-19 17:55:35.517411] 本次发送定时任务结束
[2024-03-19 17:55:42.068760] 明厨亮灶发送数据开始程序执行
[2024-03-19 17:55:42.069774] 财务应付单 发送任务定时任务开始执行...
[2024-03-19 17:55:42.085367] connect to MySQL:Success
[2024-03-19 17:55:42.129455] Disconnect mysql
[2024-03-19 17:55:42.136269] connect to MySQL:Success
[2024-03-19 17:55:42.173189] Disconnect mysql
[2024-03-19 17:55:42.181036] connect to MySQL:Success
[2024-03-19 17:55:42.181036] connect to MySQL:Success
[2024-03-19 17:55:42.181036] 线程2: 第1个订单拼接字符串开始！
[2024-03-19 17:55:42.182114] 线程1: 第1个订单拼接字符串开始！
[2024-03-19 17:55:42.184122] Disconnect mysql
[2024-03-19 17:55:42.185133] Disconnect mysql
[2024-03-19 17:55:42.204304] connect to MySQL:Success
[2024-03-19 17:55:42.204304] 线程2: 第1个订单发送开始
[2024-03-19 17:55:42.205363] connect to MySQL:Success
[2024-03-19 17:55:42.205363] 线程1: 第1个订单发送开始
[2024-03-19 17:55:42.336520] 线程1: 第1个订单发送结束
[2024-03-19 17:55:42.341204] 线程2: 第1个订单发送结束
[2024-03-19 17:55:42.345329] connect to MySQL:Success
[2024-03-19 17:55:42.346359] 线程1: 第2个订单拼接字符串开始！
[2024-03-19 17:55:42.347908] connect to MySQL:Success
[2024-03-19 17:55:42.347908] 线程2: 第2个订单拼接字符串开始！
[2024-03-19 17:55:42.348940] Disconnect mysql
[2024-03-19 17:55:42.351984] Disconnect mysql
[2024-03-19 17:55:42.367535] connect to MySQL:Success
[2024-03-19 17:55:42.368571] 线程2: 第2个订单发送开始
[2024-03-19 17:55:42.372695] connect to MySQL:Success
[2024-03-19 17:55:42.373251] 线程1: 第2个订单发送开始
[2024-03-19 17:55:42.474125] 线程1: 第2个订单发送结束
[2024-03-19 17:55:42.479833] connect to MySQL:Success
[2024-03-19 17:55:42.480849] 线程1: 第3个订单拼接字符串开始！
[2024-03-19 17:55:42.482915] Disconnect mysql
[2024-03-19 17:55:42.494361] 线程2: 第2个订单发送结束
[2024-03-19 17:55:42.499538] connect to MySQL:Success
[2024-03-19 17:55:42.500560] 线程1: 第3个订单发送开始
[2024-03-19 17:55:42.509352] connect to MySQL:Success
[2024-03-19 17:55:42.509352] 线程2: 第3个订单拼接字符串开始！
[2024-03-19 17:55:42.512977] Disconnect mysql
[2024-03-19 17:55:42.529536] connect to MySQL:Success
[2024-03-19 17:55:42.529536] 线程2: 第3个订单发送开始
[2024-03-19 17:55:42.613476] 线程1: 第3个订单发送结束
[2024-03-19 17:55:42.629080] connect to MySQL:Success
[2024-03-19 17:55:42.630103] 线程1: 第4个订单拼接字符串开始！
[2024-03-19 17:55:42.633191] Disconnect mysql
[2024-03-19 17:55:42.648734] connect to MySQL:Success
[2024-03-19 17:55:42.649754] 线程1: 第4个订单发送开始
[2024-03-19 17:55:42.653906] 线程2: 第3个订单发送结束
[2024-03-19 17:55:42.668470] connect to MySQL:Success
[2024-03-19 17:55:42.669509] 线程2: 第4个订单拼接字符串开始！
[2024-03-19 17:55:42.672116] Disconnect mysql
[2024-03-19 17:55:42.689060] connect to MySQL:Success
[2024-03-19 17:55:42.690071] 线程2: 第4个订单发送开始
[2024-03-19 17:55:42.763867] 线程1: 第4个订单发送结束
[2024-03-19 17:55:42.773085] connect to MySQL:Success
[2024-03-19 17:55:42.773625] 线程1: 第5个订单拼接字符串开始！
[2024-03-19 17:55:42.775707] Disconnect mysql
[2024-03-19 17:55:42.792268] connect to MySQL:Success
[2024-03-19 17:55:42.793279] 线程1: 第5个订单发送开始
[2024-03-19 17:55:42.816025] 线程2: 第4个订单发送结束
[2024-03-19 17:55:42.821732] connect to MySQL:Success
[2024-03-19 17:55:42.822761] 线程2: 第5个订单拼接字符串开始！
[2024-03-19 17:55:42.825317] Disconnect mysql
[2024-03-19 17:55:42.841315] connect to MySQL:Success
[2024-03-19 17:55:42.842355] 线程2: 第5个订单发送开始
[2024-03-19 17:55:42.931887] 线程1: 第5个订单发送结束
[2024-03-19 17:55:42.965398] 线程2: 第5个订单发送结束
[2024-03-19 17:55:42.966411] 对账单1发送结束
[2024-03-19 17:55:42.980872] connect to MySQL:Success
[2024-03-19 17:55:43.022718] Disconnect mysql
[2024-03-19 17:55:43.029423] connect to MySQL:Success
[2024-03-19 17:55:43.029423] connect to MySQL:Success
[2024-03-19 17:55:43.029423] 线程2: 第1个订单拼接字符串开始！
[2024-03-19 17:55:43.030464] 线程1: 第1个订单拼接字符串开始！
[2024-03-19 17:55:43.032476] Disconnect mysql
[2024-03-19 17:55:43.033488] Disconnect mysql
[2024-03-19 17:55:43.042286] connect to MySQL:Success
[2024-03-19 17:55:43.042286] 线程1: 第1个订单发送开始
[2024-03-19 17:55:43.049046] connect to MySQL:Success
[2024-03-19 17:55:43.050055] 线程2: 第1个订单发送开始
[2024-03-19 17:55:43.169107] 线程1: 第1个订单发送结束
[2024-03-19 17:55:43.183905] connect to MySQL:Success
[2024-03-19 17:55:43.184913] 线程1: 第2个订单拼接字符串开始！
[2024-03-19 17:55:43.185950] 线程2: 第1个订单发送结束
[2024-03-19 17:55:43.187986] Disconnect mysql
[2024-03-19 17:55:43.192638] connect to MySQL:Success
[2024-03-19 17:55:43.193682] 线程2: 第2个订单拼接字符串开始！
[2024-03-19 17:55:43.196781] connect to MySQL:Success
[2024-03-19 17:55:43.196781] Disconnect mysql
[2024-03-19 17:55:43.196781] 线程1: 第2个订单发送开始
[2024-03-19 17:55:43.214401] connect to MySQL:Success
[2024-03-19 17:55:43.215456] 线程2: 第2个订单发送开始
[2024-03-19 17:55:43.313675] 线程1: 第2个订单发送结束
[2024-03-19 17:55:43.319775] connect to MySQL:Success
[2024-03-19 17:55:43.319775] 线程1: 第3个订单拼接字符串开始！
[2024-03-19 17:55:43.323413] Disconnect mysql
[2024-03-19 17:55:43.340000] connect to MySQL:Success
[2024-03-19 17:55:43.340000] 线程1: 第3个订单发送开始
[2024-03-19 17:55:43.353830] 线程2: 第2个订单发送结束
[2024-03-19 17:55:43.368687] connect to MySQL:Success
[2024-03-19 17:55:43.369726] 线程2: 第3个订单拼接字符串开始！
[2024-03-19 17:55:43.372329] Disconnect mysql
[2024-03-19 17:55:43.388866] connect to MySQL:Success
[2024-03-19 17:55:43.389917] 线程2: 第3个订单发送开始
[2024-03-19 17:55:43.468956] 线程1: 第3个订单发送结束
[2024-03-19 17:55:43.476048] connect to MySQL:Success
[2024-03-19 17:55:43.477087] 线程1: 第4个订单拼接字符串开始！
[2024-03-19 17:55:43.479664] Disconnect mysql
[2024-03-19 17:55:43.491539] connect to MySQL:Success
[2024-03-19 17:55:43.492563] 线程1: 第4个订单发送开始
[2024-03-19 17:55:43.506997] 线程2: 第3个订单发送结束
[2024-03-19 17:55:43.521955] connect to MySQL:Success
[2024-03-19 17:55:43.523015] 线程2: 第4个订单拼接字符串开始！
[2024-03-19 17:55:43.526633] Disconnect mysql
[2024-03-19 17:55:43.542272] connect to MySQL:Success
[2024-03-19 17:55:43.542272] 线程2: 第4个订单发送开始
[2024-03-19 17:55:43.594958] 线程1: 第4个订单发送结束
[2024-03-19 17:55:43.602149] connect to MySQL:Success
[2024-03-19 17:55:43.602675] 线程1: 第5个订单拼接字符串开始！
[2024-03-19 17:55:43.605725] Disconnect mysql
[2024-03-19 17:55:43.612400] connect to MySQL:Success
[2024-03-19 17:55:43.613411] 线程1: 第5个订单发送开始
[2024-03-19 17:55:43.638154] 线程2: 第4个订单发送结束
[2024-03-19 17:55:43.643804] connect to MySQL:Success
[2024-03-19 17:55:43.644816] 线程2: 第5个订单拼接字符串开始！
[2024-03-19 17:55:43.646885] Disconnect mysql
[2024-03-19 17:55:43.654612] connect to MySQL:Success
[2024-03-19 17:55:43.655640] 线程2: 第5个订单发送开始
[2024-03-19 17:55:43.704324] 线程1: 第5个订单发送结束
[2024-03-19 17:55:43.719863] connect to MySQL:Success
[2024-03-19 17:55:43.719863] 线程1: 第6个订单拼接字符串开始！
[2024-03-19 17:55:43.722938] Disconnect mysql
[2024-03-19 17:55:43.740458] connect to MySQL:Success
[2024-03-19 17:55:43.741493] 线程1: 第6个订单发送开始
[2024-03-19 17:55:43.760073] 线程2: 第5个订单发送结束
[2024-03-19 17:55:43.766736] connect to MySQL:Success
[2024-03-19 17:55:43.767773] 线程2: 第6个订单拼接字符串开始！
[2024-03-19 17:55:43.770893] Disconnect mysql
[2024-03-19 17:55:43.779752] connect to MySQL:Success
[2024-03-19 17:55:43.779752] 线程2: 第6个订单发送开始
[2024-03-19 17:55:43.830513] 线程1: 第6个订单发送结束
[2024-03-19 17:55:43.865580] 线程2: 第6个订单发送结束
[2024-03-19 17:55:43.866618] 对账单2发送结束
[2024-03-19 17:55:43.867658] 本次发送定时任务结束
[2024-03-19 17:56:08.369416] 明厨亮灶发送数据开始程序执行
[2024-03-19 17:56:08.369416] 财务应付单 发送任务定时任务开始执行...
[2024-03-19 17:56:08.377236] connect to MySQL:Success
[2024-03-19 17:56:08.425051] Disconnect mysql
[2024-03-19 17:56:08.431810] connect to MySQL:Success
[2024-03-19 17:56:08.470801] Disconnect mysql
[2024-03-19 17:56:08.479001] connect to MySQL:Success
[2024-03-19 17:56:08.480011] 线程2: 第1个订单拼接字符串开始！
[2024-03-19 17:56:08.487708] connect to MySQL:Success
[2024-03-19 17:56:08.487708] 线程1: 第1个订单拼接字符串开始！
[2024-03-19 17:56:08.526696] 线程2: 第1个订单拼接字符串结束
[2024-03-19 17:56:08.527713] Disconnect mysql
[2024-03-19 17:56:08.548209] connect to MySQL:Success
[2024-03-19 17:56:08.549240] 线程2: 第1个订单发送开始
[2024-03-19 17:56:08.549240] 线程1: 第1个订单拼接字符串结束
[2024-03-19 17:56:08.550264] Disconnect mysql
[2024-03-19 17:56:08.567750] connect to MySQL:Success
[2024-03-19 17:56:08.568787] 线程1: 第1个订单发送开始
[2024-03-19 17:56:08.666280] 线程1: 第1个订单发送结束
[2024-03-19 17:56:08.669347] 线程2: 第1个订单发送结束
[2024-03-19 17:56:08.673942] connect to MySQL:Success
[2024-03-19 17:56:08.674943] 线程1: 第2个订单拼接字符串开始！
[2024-03-19 17:56:08.674943] connect to MySQL:Success
[2024-03-19 17:56:08.675965] 线程2: 第2个订单拼接字符串开始！
[2024-03-19 17:56:08.724916] 线程1: 第2个订单拼接字符串结束
[2024-03-19 17:56:08.725944] Disconnect mysql
[2024-03-19 17:56:08.732595] 线程2: 第2个订单拼接字符串结束
[2024-03-19 17:56:08.733617] Disconnect mysql
[2024-03-19 17:56:08.733617] connect to MySQL:Success
[2024-03-19 17:56:08.734665] 线程1: 第2个订单发送开始
[2024-03-19 17:56:08.742397] connect to MySQL:Success
[2024-03-19 17:56:08.743408] 线程2: 第2个订单发送开始
[2024-03-19 17:56:08.839039] 线程1: 第2个订单发送结束
[2024-03-19 17:56:08.842076] 线程2: 第2个订单发送结束
[2024-03-19 17:56:08.845183] connect to MySQL:Success
[2024-03-19 17:56:08.845183] 线程1: 第3个订单拼接字符串开始！
[2024-03-19 17:56:08.857609] connect to MySQL:Success
[2024-03-19 17:56:08.857609] 线程2: 第3个订单拼接字符串开始！
[2024-03-19 17:56:08.891735] 线程1: 第3个订单拼接字符串结束
[2024-03-19 17:56:08.891735] Disconnect mysql
[2024-03-19 17:56:08.899482] connect to MySQL:Success
[2024-03-19 17:56:08.900507] 线程1: 第3个订单发送开始
[2024-03-19 17:56:08.905640] 线程2: 第3个订单拼接字符串结束
[2024-03-19 17:56:08.905640] Disconnect mysql
[2024-03-19 17:56:08.914346] connect to MySQL:Success
[2024-03-19 17:56:08.914346] 线程2: 第3个订单发送开始
[2024-03-19 17:56:09.004337] 线程1: 第3个订单发送结束
[2024-03-19 17:56:09.012022] 线程2: 第3个订单发送结束
[2024-03-19 17:56:09.017670] connect to MySQL:Success
[2024-03-19 17:56:09.017670] 线程1: 第4个订单拼接字符串开始！
[2024-03-19 17:56:09.028497] connect to MySQL:Success
[2024-03-19 17:56:09.029507] 线程2: 第4个订单拼接字符串开始！
[2024-03-19 17:56:09.064521] 线程1: 第4个订单拼接字符串结束
[2024-03-19 17:56:09.064521] Disconnect mysql
[2024-03-19 17:56:09.077360] 线程2: 第4个订单拼接字符串结束
[2024-03-19 17:56:09.078391] Disconnect mysql
[2024-03-19 17:56:09.083028] connect to MySQL:Success
[2024-03-19 17:56:09.084045] 线程1: 第4个订单发送开始
[2024-03-19 17:56:09.091224] connect to MySQL:Success
[2024-03-19 17:56:09.092255] 线程2: 第4个订单发送开始
[2024-03-19 17:56:09.206333] 线程1: 第4个订单发送结束
[2024-03-19 17:56:09.214013] 线程2: 第4个订单发送结束
[2024-03-19 17:56:09.220207] connect to MySQL:Success
[2024-03-19 17:56:09.221219] connect to MySQL:Success
[2024-03-19 17:56:09.221219] 线程1: 第5个订单拼接字符串开始！
[2024-03-19 17:56:09.222236] 线程2: 第5个订单拼接字符串开始！
[2024-03-19 17:56:09.268866] 线程2: 第5个订单拼接字符串结束
[2024-03-19 17:56:09.268866] 线程1: 第5个订单拼接字符串结束
[2024-03-19 17:56:09.269869] Disconnect mysql
[2024-03-19 17:56:09.269869] Disconnect mysql
[2024-03-19 17:56:09.279660] connect to MySQL:Success
[2024-03-19 17:56:09.279660] 线程1: 第5个订单发送开始
[2024-03-19 17:56:09.286410] connect to MySQL:Success
[2024-03-19 17:56:09.287442] 线程2: 第5个订单发送开始
[2024-03-19 17:56:09.374385] 线程1: 第5个订单发送结束
[2024-03-19 17:56:09.395963] 线程2: 第5个订单发送结束
[2024-03-19 17:56:09.396979] 对账单1发送结束
[2024-03-19 17:56:09.402681] connect to MySQL:Success
[2024-03-19 17:56:09.442565] Disconnect mysql
[2024-03-19 17:56:09.449791] connect to MySQL:Success
[2024-03-19 17:56:09.449791] connect to MySQL:Success
[2024-03-19 17:56:09.450813] 线程2: 第1个订单拼接字符串开始！
[2024-03-19 17:56:09.451357] 线程1: 第1个订单拼接字符串开始！
[2024-03-19 17:56:09.499479] 线程1: 第1个订单拼接字符串结束
[2024-03-19 17:56:09.500549] 线程2: 第1个订单拼接字符串结束
[2024-03-19 17:56:09.500549] Disconnect mysql
[2024-03-19 17:56:09.500549] Disconnect mysql
[2024-03-19 17:56:09.511298] connect to MySQL:Success
[2024-03-19 17:56:09.512331] 线程2: 第1个订单发送开始
[2024-03-19 17:56:09.520669] connect to MySQL:Success
[2024-03-19 17:56:09.520669] 线程1: 第1个订单发送开始
[2024-03-19 17:56:09.610895] 线程2: 第1个订单发送结束
[2024-03-19 17:56:09.612459] 线程1: 第1个订单发送结束
[2024-03-19 17:56:09.627319] connect to MySQL:Success
[2024-03-19 17:56:09.627319] connect to MySQL:Success
[2024-03-19 17:56:09.628360] 线程1: 第2个订单拼接字符串开始！
[2024-03-19 17:56:09.628360] 线程2: 第2个订单拼接字符串开始！
[2024-03-19 17:56:09.677907] 线程1: 第2个订单拼接字符串结束
[2024-03-19 17:56:09.682107] Disconnect mysql
[2024-03-19 17:56:10.003112] 线程2: 第2个订单拼接字符串结束
[2024-03-19 17:56:10.003112] connect to MySQL:Success
[2024-03-19 17:56:10.004153] Disconnect mysql
[2024-03-19 17:56:10.004153] 线程1: 第2个订单发送开始
[2024-03-19 17:56:10.013889] connect to MySQL:Success
[2024-03-19 17:56:10.013889] 线程2: 第2个订单发送开始
[2024-03-19 17:56:10.117720] 线程2: 第2个订单发送结束
[2024-03-19 17:56:10.262021] 线程1: 第2个订单发送结束
[2024-03-19 17:56:10.275867] connect to MySQL:Success
[2024-03-19 17:56:10.276876] 线程1: 第3个订单拼接字符串开始！
[2024-03-19 17:56:10.278424] connect to MySQL:Success
[2024-03-19 17:56:10.278424] 线程2: 第3个订单拼接字符串开始！
[2024-03-19 17:56:10.323581] 线程1: 第3个订单拼接字符串结束
[2024-03-19 17:56:10.324619] Disconnect mysql
[2024-03-19 17:56:10.326679] 线程2: 第3个订单拼接字符串结束
[2024-03-19 17:56:10.327725] Disconnect mysql
[2024-03-19 17:56:10.334417] connect to MySQL:Success
[2024-03-19 17:56:10.335441] 线程1: 第3个订单发送开始
[2024-03-19 17:56:10.345857] connect to MySQL:Success
[2024-03-19 17:56:10.345857] 线程2: 第3个订单发送开始
[2024-03-19 17:56:10.499182] 线程2: 第3个订单发送结束
[2024-03-19 17:56:10.503289] 线程1: 第3个订单发送结束
[2024-03-19 17:56:10.508967] connect to MySQL:Success
[2024-03-19 17:56:10.509977] 线程1: 第4个订单拼接字符串开始！
[2024-03-19 17:56:10.515106] connect to MySQL:Success
[2024-03-19 17:56:10.516187] 线程2: 第4个订单拼接字符串开始！
[2024-03-19 17:56:10.555063] 线程1: 第4个订单拼接字符串结束
[2024-03-19 17:56:10.556105] Disconnect mysql
[2024-03-19 17:56:10.564947] connect to MySQL:Success
[2024-03-19 17:56:10.564947] 线程1: 第4个订单发送开始
[2024-03-19 17:56:10.578376] 线程2: 第4个订单拼接字符串结束
[2024-03-19 17:56:10.578376] Disconnect mysql
[2024-03-19 17:56:10.587128] connect to MySQL:Success
[2024-03-19 17:56:10.587128] 线程2: 第4个订单发送开始
[2024-03-19 17:56:10.700720] 线程1: 第4个订单发送结束
[2024-03-19 17:56:10.702311] 线程2: 第4个订单发送结束
[2024-03-19 17:56:10.717894] connect to MySQL:Success
[2024-03-19 17:56:10.717894] connect to MySQL:Success
[2024-03-19 17:56:10.718933] 线程1: 第5个订单拼接字符串开始！
[2024-03-19 17:56:10.718933] 线程2: 第5个订单拼接字符串开始！
[2024-03-19 17:56:10.760983] 线程2: 第5个订单拼接字符串结束
[2024-03-19 17:56:10.760983] Disconnect mysql
[2024-03-19 17:56:10.767643] 线程1: 第5个订单拼接字符串结束
[2024-03-19 17:56:10.768663] Disconnect mysql
[2024-03-19 17:56:10.770687] connect to MySQL:Success
[2024-03-19 17:56:10.771725] 线程2: 第5个订单发送开始
[2024-03-19 17:56:10.775844] connect to MySQL:Success
[2024-03-19 17:56:10.776858] 线程1: 第5个订单发送开始
[2024-03-19 17:56:10.880034] 线程1: 第5个订单发送结束
[2024-03-19 17:56:10.895621] connect to MySQL:Success
[2024-03-19 17:56:10.895621] 线程1: 第6个订单拼接字符串开始！
[2024-03-19 17:56:10.941944] 线程1: 第6个订单拼接字符串结束
[2024-03-19 17:56:10.942487] Disconnect mysql
[2024-03-19 17:56:10.951331] connect to MySQL:Success
[2024-03-19 17:56:10.951331] 线程1: 第6个订单发送开始
[2024-03-19 17:56:11.052238] 线程1: 第6个订单发送结束
[2024-03-19 17:56:11.101899] 线程2: 第5个订单发送结束
[2024-03-19 17:56:11.120481] connect to MySQL:Success
[2024-03-19 17:56:11.120481] 线程2: 第6个订单拼接字符串开始！
[2024-03-19 17:56:11.169032] 线程2: 第6个订单拼接字符串结束
[2024-03-19 17:56:11.170047] Disconnect mysql
[2024-03-19 17:56:11.186685] connect to MySQL:Success
[2024-03-19 17:56:11.186685] 线程2: 第6个订单发送开始
[2024-03-19 17:56:11.299188] 线程2: 第6个订单发送结束
[2024-03-19 17:56:11.300216] 对账单2发送结束
[2024-03-19 17:56:11.301788] 本次发送定时任务结束
