[2024-03-22 11:28:46.516999] 明厨亮灶发送数据开始程序执行
[2024-03-22 11:28:46.518039] 开票申请单 发送任务定时任务开始执行...
[2024-03-22 11:28:46.524718] connect to MySQL:Success
[2024-03-22 11:28:46.583190] Disconnect mysql
[2024-03-22 11:28:46.589354] connect to MySQL:Success
[2024-03-22 11:28:46.663176] Disconnect mysql
[2024-03-22 11:28:46.671412] connect to MySQL:Success
[2024-03-22 11:28:46.671412] 线程2: 第1个订单拼接字符串开始！
[2024-03-22 11:28:46.680210] connect to MySQL:Success
[2024-03-22 11:28:46.681239] 线程1: 第1个订单拼接字符串开始！
[2024-03-22 11:28:46.737608] 线程2: 第1个订单拼接字符串结束
[2024-03-22 11:28:46.738662] Disconnect mysql
[2024-03-22 11:28:46.744392] 线程1: 第1个订单拼接字符串结束
[2024-03-22 11:28:46.746431] Disconnect mysql
[2024-03-22 11:28:47.160524] connect to MySQL:Success
[2024-03-22 11:28:47.160524] 线程1: 第1个订单发送开始
[2024-03-22 11:28:47.161566] 线程2: 第1个订单发送开始
[2024-03-22 11:28:48.226961] 线程2: 第1个订单发送结束
[2024-03-22 11:28:48.234679] connect to MySQL:Success
[2024-03-22 11:28:48.234679] 线程1: 第1个订单发送结束
[2024-03-22 11:28:48.235673] 线程2: 第2个订单拼接字符串开始！
[2024-03-22 11:28:48.250123] connect to MySQL:Success
[2024-03-22 11:28:48.250123] 线程1: 第2个订单拼接字符串开始！
[2024-03-22 11:28:48.311768] 线程1: 第2个订单拼接字符串结束
[2024-03-22 11:28:48.312797] Disconnect mysql
[2024-03-22 11:28:48.320553] 线程2: 第2个订单拼接字符串结束
[2024-03-22 11:28:48.321592] Disconnect mysql
[2024-03-22 11:28:48.329306] connect to MySQL:Success
[2024-03-22 11:28:48.329306] 线程2: 第2个订单发送开始
[2024-03-22 11:28:48.330314] connect to MySQL:Success
[2024-03-22 11:28:48.331322] 线程1: 第2个订单发送开始
[2024-03-22 11:28:48.432023] 线程2: 第2个订单发送结束
[2024-03-22 11:28:48.453358] 线程1: 第2个订单发送结束
[2024-03-22 11:28:48.455428] 对账单1发送结束
[2024-03-22 11:28:48.455428] 本次发送定时任务结束
[2024-03-22 15:20:59.818576] 明厨亮灶发送数据开始程序执行
[2024-03-22 15:20:59.819583] 开票申请单 发送任务定时任务开始执行...
[2024-03-22 15:20:59.830392] connect to MySQL:Success
[2024-03-22 15:20:59.961126] Disconnect mysql
[2024-03-22 15:21:00.282233] connect to MySQL:Success
[2024-03-22 15:21:00.330118] Disconnect mysql
[2024-03-22 15:21:00.341983] connect to MySQL:Success
[2024-03-22 15:21:00.342996] connect to MySQL:Success
[2024-03-22 15:21:00.342996] connect to MySQL:Success
[2024-03-22 15:21:00.344546] 线程3: 第2个订单拼接字符串开始！
[2024-03-22 15:21:00.344546] 线程4: 第3个订单拼接字符串开始！
[2024-03-22 15:21:00.344546] 线程2: 第1个订单拼接字符串开始！
[2024-03-22 15:21:00.344546] 线程5: 第4个订单拼接字符串开始！
[2024-03-22 15:21:00.411195] 线程3: 第2个订单拼接字符串结束
[2024-03-22 15:21:00.412214] 线程4: 第3个订单拼接字符串结束
[2024-03-22 15:21:00.412214] 线程2: 第1个订单拼接字符串结束
[2024-03-22 15:21:00.413259] Disconnect mysql
[2024-03-22 15:21:00.413259] Disconnect mysql
[2024-03-22 15:21:00.414292] Disconnect mysql
[2024-03-22 15:21:00.417048] 线程5: 第4个订单拼接字符串结束
[2024-03-22 15:21:00.417048] Disconnect mysql
[2024-03-22 15:21:00.422738] connect to MySQL:Success
[2024-03-22 15:21:00.422738] 线程2: 第1个订单发送开始
[2024-03-22 15:21:00.423774] connect to MySQL:Success
[2024-03-22 15:21:00.426602] 线程5: 第4个订单发送开始
[2024-03-22 15:21:00.429697] connect to MySQL:Success
[2024-03-22 15:21:00.429697] connect to MySQL:Success
[2024-03-22 15:21:00.430740] 线程3: 第2个订单发送开始
[2024-03-22 15:21:00.430740] 线程4: 第3个订单发送开始
[2024-03-22 15:21:01.155156] 线程4: 第3个订单发送结束
[2024-03-22 15:21:02.005881] 对账单1发送结束
[2024-03-22 15:21:02.005881] 本次发送定时任务结束
[2024-03-22 15:24:53.530481] 明厨亮灶发送数据开始程序执行
[2024-03-22 15:24:53.530481] 开票申请单 发送任务定时任务开始执行...
[2024-03-22 15:24:53.537183] connect to MySQL:Success
[2024-03-22 15:24:53.593931] Disconnect mysql
[2024-03-22 15:24:53.604819] connect to MySQL:Success
[2024-03-22 15:24:53.671958] Disconnect mysql
[2024-03-22 15:24:53.681714] connect to MySQL:Success
[2024-03-22 15:24:53.681714] connect to MySQL:Success
[2024-03-22 15:24:53.681714] connect to MySQL:Success
[2024-03-22 15:24:53.682744] connect to MySQL:Success
[2024-03-22 15:24:53.682744] 线程2: 第1个订单拼接字符串开始！
[2024-03-22 15:24:53.682744] 线程4: 第3个订单拼接字符串开始！
[2024-03-22 15:24:53.683775] 线程5: 第4个订单拼接字符串开始！
[2024-03-22 15:24:53.683775] 线程3: 第2个订单拼接字符串开始！
[2024-03-22 15:24:53.747945] 线程3: 第2个订单拼接字符串结束
[2024-03-22 15:24:53.748965] Disconnect mysql
[2024-03-22 15:24:53.749996] 线程2: 第1个订单拼接字符串结束
[2024-03-22 15:24:53.749996] 线程4: 第3个订单拼接字符串结束
[2024-03-22 15:24:53.751031] Disconnect mysql
[2024-03-22 15:24:53.751031] Disconnect mysql
[2024-03-22 15:24:53.755089] connect to MySQL:Success
[2024-03-22 15:24:53.755089] 线程5: 第4个订单拼接字符串结束
[2024-03-22 15:24:53.756125] 线程3: 第2个订单发送开始
[2024-03-22 15:24:53.757163] Disconnect mysql
[2024-03-22 15:24:53.757685] connect to MySQL:Success
[2024-03-22 15:24:53.758720] 线程2: 第1个订单发送开始
[2024-03-22 15:24:53.759741] connect to MySQL:Success
[2024-03-22 15:24:53.760772] 线程4: 第3个订单发送开始
[2024-03-22 15:24:53.768489] connect to MySQL:Success
[2024-03-22 15:24:53.769525] 线程5: 第4个订单发送开始
[2024-03-22 15:25:43.202178] 线程5: 第4个订单发送结束
[2024-03-22 15:25:43.204203] 线程2: 第1个订单发送结束
[2024-03-22 15:25:43.251365] 线程3: 第2个订单发送结束
[2024-03-22 15:25:43.255026] 线程4: 第3个订单发送结束
[2024-03-22 15:25:43.256063] 线程 线程2 执行了 1 次任务
[2024-03-22 15:25:43.256063] 线程 线程3 执行了 1 次任务
[2024-03-22 15:25:43.257098] 线程 线程4 执行了 1 次任务
[2024-03-22 15:25:43.257098] 线程 线程5 执行了 1 次任务
[2024-03-22 15:25:43.258094] 对账单1发送结束
[2024-03-22 15:25:43.258094] 本次发送定时任务结束
[2024-03-22 15:42:41.206675] 明厨亮灶发送数据开始程序执行
[2024-03-22 15:42:41.207684] 开票申请单 发送任务定时任务开始执行...
[2024-03-22 15:42:41.213319] connect to MySQL:Success
[2024-03-22 15:42:41.351880] Disconnect mysql
[2024-03-22 15:42:41.363567] connect to MySQL:Success
[2024-03-22 15:42:41.476177] Disconnect mysql
[2024-03-22 15:42:41.486906] connect to MySQL:Success
[2024-03-22 15:42:41.486906] connect to MySQL:Success
[2024-03-22 15:42:41.486906] connect to MySQL:Success
[2024-03-22 15:42:41.486906] connect to MySQL:Success
[2024-03-22 15:42:41.487935] 线程3: 第2个订单拼接字符串开始！
[2024-03-22 15:42:41.487935] 线程2: 第1个订单拼接字符串开始！
[2024-03-22 15:42:41.487935] 线程4: 第3个订单拼接字符串开始！
[2024-03-22 15:42:41.487935] 线程5: 第4个订单拼接字符串开始！
[2024-03-22 15:42:41.554363] 线程5: 第4个订单拼接字符串结束
[2024-03-22 15:42:41.555931] Disconnect mysql
[2024-03-22 15:42:41.558014] 线程3: 第2个订单拼接字符串结束
[2024-03-22 15:42:41.558014] 线程4: 第3个订单拼接字符串结束
[2024-03-22 15:42:41.558014] 线程2: 第1个订单拼接字符串结束
[2024-03-22 15:42:41.558014] Disconnect mysql
[2024-03-22 15:42:41.559037] Disconnect mysql
[2024-03-22 15:42:41.559037] Disconnect mysql
[2024-03-22 15:42:41.562119] connect to MySQL:Success
[2024-03-22 15:42:41.562119] 线程5: 第4个订单发送开始
[2024-03-22 15:42:41.565767] connect to MySQL:Success
[2024-03-22 15:42:41.565767] 线程2: 第1个订单发送开始
[2024-03-22 15:42:41.573505] connect to MySQL:Success
[2024-03-22 15:42:41.574537] connect to MySQL:Success
[2024-03-22 15:42:41.574537] 线程4: 第3个订单发送开始
[2024-03-22 15:42:41.575574] 线程3: 第2个订单发送开始
[2024-03-22 15:42:41.932963] 线程3: 第2个订单发送结束
[2024-03-22 15:42:41.932963] 线程5: 第4个订单发送结束
[2024-03-22 15:42:41.933979] 线程4: 第3个订单发送结束
[2024-03-22 15:42:41.933979] 线程2: 第1个订单发送结束
[2024-03-22 15:42:41.936023] 线程 线程2 执行了 1 次任务
[2024-03-22 15:42:41.936023] 线程 线程3 执行了 1 次任务
[2024-03-22 15:42:41.937024] 线程 线程4 执行了 1 次任务
[2024-03-22 15:42:41.937024] 线程 线程5 执行了 1 次任务
[2024-03-22 15:42:41.938027] 对账单1发送结束
[2024-03-22 15:42:41.938027] 本次发送定时任务结束
[2024-03-22 16:33:23.840172] 明厨亮灶发送数据开始程序执行
[2024-03-22 16:33:23.841220] 开票申请单 发送任务定时任务开始执行...
[2024-03-22 16:33:23.855761] connect to MySQL:Success
[2024-03-22 16:33:23.918157] Disconnect mysql
[2024-03-22 16:33:24.297945] connect to MySQL:Success
[2024-03-22 16:33:24.346085] Disconnect mysql
[2024-03-22 16:33:24.355905] connect to MySQL:Success
[2024-03-22 16:33:24.355905] connect to MySQL:Success
[2024-03-22 16:33:24.355905] 线程3: 第2个订单拼接字符串开始！
[2024-03-22 16:33:24.356912] 线程4: 第3个订单拼接字符串开始！
[2024-03-22 16:33:24.360503] connect to MySQL:Success
[2024-03-22 16:33:24.361549] 线程5: 第4个订单拼接字符串开始！
[2024-03-22 16:33:24.363721] connect to MySQL:Success
[2024-03-22 16:33:24.364698] 线程2: 第1个订单拼接字符串开始！
[2024-03-22 16:33:24.422103] 线程4: 第3个订单拼接字符串结束
[2024-03-22 16:33:24.423129] Disconnect mysql
[2024-03-22 16:33:24.425174] 线程3: 第2个订单拼接字符串结束
[2024-03-22 16:33:24.426179] Disconnect mysql
[2024-03-22 16:33:24.427211] 线程5: 第4个订单拼接字符串结束
[2024-03-22 16:33:24.428758] Disconnect mysql
[2024-03-22 16:33:24.428758] 线程2: 第1个订单拼接字符串结束
[2024-03-22 16:33:24.429783] Disconnect mysql
[2024-03-22 16:33:24.433893] connect to MySQL:Success
[2024-03-22 16:33:24.434911] 线程5: 第4个订单发送开始
[2024-03-22 16:33:24.436987] connect to MySQL:Success
[2024-03-22 16:33:24.438025] 线程2: 第1个订单发送开始
[2024-03-22 16:33:24.440677] connect to MySQL:Success
[2024-03-22 16:33:24.441698] 线程4: 第3个订单发送开始
[2024-03-22 16:33:24.443779] connect to MySQL:Success
[2024-03-22 16:33:24.444801] 线程3: 第2个订单发送开始
[2024-03-22 16:33:24.634957] 线程3: 第2个订单发送结束
[2024-03-22 16:33:24.634957] 线程4: 第3个订单发送结束
[2024-03-22 16:33:24.639105] 线程2: 第1个订单发送结束
[2024-03-22 16:33:24.655672] 线程5: 第4个订单发送结束
[2024-03-22 16:33:24.656678] 线程 线程2 执行了 1 次任务
[2024-03-22 16:33:24.658238] 线程 线程3 执行了 1 次任务
[2024-03-22 16:33:24.658238] 线程 线程4 执行了 1 次任务
[2024-03-22 16:33:24.660253] 线程 线程5 执行了 1 次任务
[2024-03-22 16:33:24.661287] 对账单1发送结束
[2024-03-22 16:33:24.662297] 本次发送定时任务结束
[2024-03-22 16:35:03.228696] 明厨亮灶发送数据开始程序执行
[2024-03-22 16:35:03.229709] 开票申请单 发送任务定时任务开始执行...
[2024-03-22 16:35:03.237375] connect to MySQL:Success
[2024-03-22 16:35:03.293891] Disconnect mysql
[2024-03-22 16:35:03.305682] connect to MySQL:Success
[2024-03-22 16:35:03.351823] Disconnect mysql
[2024-03-22 16:35:03.363316] connect to MySQL:Success
[2024-03-22 16:35:03.364362] connect to MySQL:Success
[2024-03-22 16:35:03.364362] connect to MySQL:Success
[2024-03-22 16:35:03.365399] connect to MySQL:Success
[2024-03-22 16:35:03.365399] 线程3: 第2个订单拼接字符串开始！
[2024-03-22 16:35:03.365399] 线程2: 第1个订单拼接字符串开始！
[2024-03-22 16:35:03.365399] 线程4: 第3个订单拼接字符串开始！
[2024-03-22 16:35:03.366440] 线程5: 第4个订单拼接字符串开始！
[2024-03-22 16:35:03.431881] 线程5: 第4个订单拼接字符串结束
[2024-03-22 16:35:03.432914] 线程3: 第2个订单拼接字符串结束
[2024-03-22 16:35:03.432914] Disconnect mysql
[2024-03-22 16:35:03.433462] Disconnect mysql
[2024-03-22 16:35:03.434517] 线程4: 第3个订单拼接字符串结束
[2024-03-22 16:35:03.435545] Disconnect mysql
[2024-03-22 16:35:03.440730] connect to MySQL:Success
[2024-03-22 16:35:03.441285] connect to MySQL:Success
[2024-03-22 16:35:03.441285] 线程5: 第4个订单发送开始
[2024-03-22 16:35:03.442316] 线程3: 第2个订单发送开始
[2024-03-22 16:35:03.452167] 线程2: 第1个订单拼接字符串结束
[2024-03-22 16:35:03.453187] Disconnect mysql
[2024-03-22 16:35:03.454207] connect to MySQL:Success
[2024-03-22 16:35:03.455244] 线程4: 第3个订单发送开始
[2024-03-22 16:35:03.459947] connect to MySQL:Success
[2024-03-22 16:35:03.459947] 线程2: 第1个订单发送开始
[2024-03-22 16:35:03.693467] 线程4: 第3个订单发送结束
[2024-03-22 16:35:03.693467] 线程2: 第1个订单发送结束
[2024-03-22 16:35:03.695536] 线程3: 第2个订单发送结束
[2024-03-22 16:35:03.696548] 线程5: 第4个订单发送结束
[2024-03-22 16:35:03.698101] 线程 线程2 执行了 1 次任务
[2024-03-22 16:35:03.699153] 线程 线程3 执行了 1 次任务
[2024-03-22 16:35:03.699153] 线程 线程4 执行了 1 次任务
[2024-03-22 16:35:03.700181] 线程 线程5 执行了 1 次任务
[2024-03-22 16:35:03.700181] 对账单1发送结束
[2024-03-22 16:35:03.701222] 本次发送定时任务结束
[2024-03-22 16:36:09.961906] 明厨亮灶发送数据开始程序执行
[2024-03-22 16:36:09.962960] 开票申请单 发送任务定时任务开始执行...
[2024-03-22 16:36:09.978622] connect to MySQL:Success
[2024-03-22 16:36:10.052818] Disconnect mysql
[2024-03-22 16:36:10.071316] connect to MySQL:Success
[2024-03-22 16:36:10.119256] Disconnect mysql
[2024-03-22 16:36:10.128000] connect to MySQL:Success
[2024-03-22 16:36:10.129009] connect to MySQL:Success
[2024-03-22 16:36:10.129009] 线程2: 第1个订单拼接字符串开始！
[2024-03-22 16:36:10.129009] connect to MySQL:Success
[2024-03-22 16:36:10.130022] 线程4: 第3个订单拼接字符串开始！
[2024-03-22 16:36:10.130022] 线程5: 第4个订单拼接字符串开始！
[2024-03-22 16:36:10.137768] connect to MySQL:Success
[2024-03-22 16:36:10.138779] 线程3: 第2个订单拼接字符串开始！
[2024-03-22 16:36:10.196286] 线程2: 第1个订单拼接字符串结束
[2024-03-22 16:36:10.196286] 线程4: 第3个订单拼接字符串结束
[2024-03-22 16:36:10.196286] 线程5: 第4个订单拼接字符串结束
[2024-03-22 16:36:10.197331] Disconnect mysql
[2024-03-22 16:36:10.197331] Disconnect mysql
[2024-03-22 16:36:10.198355] Disconnect mysql
[2024-03-22 16:36:10.202472] 线程3: 第2个订单拼接字符串结束
[2024-03-22 16:36:10.202993] Disconnect mysql
[2024-03-22 16:36:10.205033] connect to MySQL:Success
[2024-03-22 16:36:10.206043] 线程5: 第4个订单发送开始
[2024-03-22 16:36:10.207078] connect to MySQL:Success
[2024-03-22 16:36:10.207078] connect to MySQL:Success
[2024-03-22 16:36:10.208130] 线程4: 第3个订单发送开始
[2024-03-22 16:36:10.208130] 线程2: 第1个订单发送开始
[2024-03-22 16:36:10.209161] connect to MySQL:Success
[2024-03-22 16:36:10.210192] 线程3: 第2个订单发送开始
[2024-03-22 16:36:10.327168] 线程3: 第2个订单发送结束
[2024-03-22 16:36:10.337042] 线程4: 第3个订单发送结束
[2024-03-22 16:36:10.339107] 线程5: 第4个订单发送结束
[2024-03-22 16:36:10.362299] 线程2: 第1个订单发送结束
[2024-03-22 16:36:10.363337] 线程 线程2 执行了 1 次任务
[2024-03-22 16:36:10.364386] 线程 线程3 执行了 1 次任务
[2024-03-22 16:36:10.364386] 线程 线程4 执行了 1 次任务
[2024-03-22 16:36:10.365409] 线程 线程5 执行了 1 次任务
[2024-03-22 16:36:10.365409] 对账单1发送结束
[2024-03-22 16:36:10.366465] 本次发送定时任务结束
[2024-03-22 16:37:19.665489] 明厨亮灶发送数据开始程序执行
[2024-03-22 16:37:19.666527] 开票申请单 发送任务定时任务开始执行...
[2024-03-22 16:37:19.673250] connect to MySQL:Success
[2024-03-22 16:37:19.723904] Disconnect mysql
[2024-03-22 16:37:19.735621] connect to MySQL:Success
[2024-03-22 16:37:19.779598] Disconnect mysql
[2024-03-22 16:37:19.789265] connect to MySQL:Success
[2024-03-22 16:37:19.789265] connect to MySQL:Success
[2024-03-22 16:37:19.790312] connect to MySQL:Success
[2024-03-22 16:37:19.790312] 线程3: 第2个订单拼接字符串开始！
[2024-03-22 16:37:19.790312] 线程5: 第4个订单拼接字符串开始！
[2024-03-22 16:37:19.791325] 线程4: 第3个订单拼接字符串开始！
[2024-03-22 16:37:19.797449] connect to MySQL:Success
[2024-03-22 16:37:19.797449] 线程2: 第1个订单拼接字符串开始！
[2024-03-22 16:37:19.857619] 线程5: 第4个订单拼接字符串结束
[2024-03-22 16:37:19.857619] Disconnect mysql
[2024-03-22 16:37:19.860743] 线程4: 第3个订单拼接字符串结束
[2024-03-22 16:37:19.861768] Disconnect mysql
[2024-03-22 16:37:19.866466] 线程3: 第2个订单拼接字符串结束
[2024-03-22 16:37:19.867507] Disconnect mysql
[2024-03-22 16:37:19.867507] connect to MySQL:Success
[2024-03-22 16:37:19.868541] 线程4: 第3个订单发送开始
[2024-03-22 16:37:19.873251] connect to MySQL:Success
[2024-03-22 16:37:19.873251] 线程5: 第4个订单发送开始
[2024-03-22 16:37:19.880508] 线程2: 第1个订单拼接字符串结束
[2024-03-22 16:37:19.881058] Disconnect mysql
[2024-03-22 16:37:19.882088] connect to MySQL:Success
[2024-03-22 16:37:19.883131] 线程3: 第2个订单发送开始
[2024-03-22 16:37:19.886201] connect to MySQL:Success
[2024-03-22 16:37:19.887241] 线程2: 第1个订单发送开始
[2024-03-22 16:37:19.999297] 线程3: 第2个订单发送结束
[2024-03-22 16:37:19.999297] 线程5: 第4个订单发送结束
[2024-03-22 16:37:19.999297] 线程4: 第3个订单发送结束
[2024-03-22 16:37:20.009030] 线程2: 第1个订单发送结束
[2024-03-22 16:37:20.009030] 线程 线程2 执行了 1 次任务
[2024-03-22 16:37:20.010064] 线程 线程3 执行了 1 次任务
[2024-03-22 16:37:20.010064] 线程 线程4 执行了 1 次任务
[2024-03-22 16:37:20.011101] 线程 线程5 执行了 1 次任务
[2024-03-22 16:37:20.011101] 对账单1发送结束
[2024-03-22 16:37:20.012160] 本次发送定时任务结束
[2024-03-22 16:39:08.053226] 明厨亮灶发送数据开始程序执行
[2024-03-22 16:39:08.054249] 开票申请单 发送任务定时任务开始执行...
[2024-03-22 16:39:09.062111] connect to MySQL:Success
[2024-03-22 16:39:09.122369] Disconnect mysql
[2024-03-22 16:39:09.134267] connect to MySQL:Success
[2024-03-22 16:39:09.181958] Disconnect mysql
[2024-03-22 16:39:09.194886] connect to MySQL:Success
[2024-03-22 16:39:09.194886] connect to MySQL:Success
[2024-03-22 16:39:09.194886] 线程4: 第3个订单拼接字符串开始！
[2024-03-22 16:39:09.195910] 线程5: 第4个订单拼接字符串开始！
[2024-03-22 16:39:09.202504] connect to MySQL:Success
[2024-03-22 16:39:09.202504] connect to MySQL:Success
[2024-03-22 16:39:09.203546] 线程2: 第1个订单拼接字符串开始！
[2024-03-22 16:39:09.203546] 线程3: 第2个订单拼接字符串开始！
[2024-03-22 16:39:09.258319] 线程4: 第3个订单拼接字符串结束
[2024-03-22 16:39:09.259375] Disconnect mysql
[2024-03-22 16:39:09.267022] connect to MySQL:Success
[2024-03-22 16:39:09.268076] 线程4: 第3个订单发送开始
[2024-03-22 16:39:09.294513] 线程2: 第1个订单拼接字符串结束
[2024-03-22 16:39:09.294513] 线程5: 第4个订单拼接字符串结束
[2024-03-22 16:39:09.295525] Disconnect mysql
[2024-03-22 16:39:09.296097] Disconnect mysql
[2024-03-22 16:39:09.299196] 线程3: 第2个订单拼接字符串结束
[2024-03-22 16:39:09.300224] Disconnect mysql
[2024-03-22 16:39:09.302262] connect to MySQL:Success
[2024-03-22 16:39:09.302262] 线程2: 第1个订单发送开始
[2024-03-22 16:39:09.306948] connect to MySQL:Success
[2024-03-22 16:39:09.306948] 线程3: 第2个订单发送开始
[2024-03-22 16:39:09.312122] connect to MySQL:Success
[2024-03-22 16:39:09.313169] 线程5: 第4个订单发送开始
[2024-03-22 16:39:09.498440] 线程2: 第1个订单发送结束
[2024-03-22 16:39:09.498440] 线程4: 第3个订单发送结束
[2024-03-22 16:39:09.500546] 线程5: 第4个订单发送结束
[2024-03-22 16:39:09.507287] 线程3: 第2个订单发送结束
[2024-03-22 16:39:09.508311] 线程 线程2 执行了 1 次任务
[2024-03-22 16:39:09.508311] 线程 线程3 执行了 1 次任务
[2024-03-22 16:39:09.509341] 线程 线程4 执行了 1 次任务
[2024-03-22 16:39:09.509341] 线程 线程5 执行了 1 次任务
[2024-03-22 16:39:09.510922] 对账单1发送结束
[2024-03-22 16:39:09.510922] 本次发送定时任务结束
[2024-03-22 16:40:44.182929] 明厨亮灶发送数据开始程序执行
[2024-03-22 16:40:44.183954] 开票申请单 发送任务定时任务开始执行...
[2024-03-22 16:40:44.200562] connect to MySQL:Success
[2024-03-22 16:40:44.258873] Disconnect mysql
[2024-03-22 16:40:44.287436] connect to MySQL:Success
[2024-03-22 16:40:44.335299] Disconnect mysql
[2024-03-22 16:40:44.345731] connect to MySQL:Success
[2024-03-22 16:40:44.345731] connect to MySQL:Success
[2024-03-22 16:40:44.345731] connect to MySQL:Success
[2024-03-22 16:40:44.346759] 线程2: 第1个订单拼接字符串开始！
[2024-03-22 16:40:44.346759] 线程4: 第3个订单拼接字符串开始！
[2024-03-22 16:40:44.346759] 线程3: 第2个订单拼接字符串开始！
[2024-03-22 16:40:44.354523] connect to MySQL:Success
[2024-03-22 16:40:44.354523] 线程5: 第4个订单拼接字符串开始！
[2024-03-22 16:40:44.411166] 线程4: 第3个订单拼接字符串结束
[2024-03-22 16:40:44.411166] 线程3: 第2个订单拼接字符串结束
[2024-03-22 16:40:44.412197] 线程2: 第1个订单拼接字符串结束
[2024-03-22 16:40:44.412197] Disconnect mysql
[2024-03-22 16:40:44.412197] Disconnect mysql
[2024-03-22 16:40:44.413207] Disconnect mysql
[2024-03-22 16:40:44.417331] 线程5: 第4个订单拼接字符串结束
[2024-03-22 16:40:44.417331] Disconnect mysql
[2024-03-22 16:40:44.418894] 线程 线程2 执行了 1 次任务
[2024-03-22 16:40:44.418894] 线程 线程3 执行了 1 次任务
[2024-03-22 16:40:44.419921] 线程 线程4 执行了 1 次任务
[2024-03-22 16:40:44.419921] 线程 线程5 执行了 1 次任务
[2024-03-22 16:40:44.420953] 对账单1发送结束
[2024-03-22 16:40:44.420953] 本次发送定时任务结束
[2024-03-22 17:02:17.457944] 明厨亮灶发送数据开始程序执行
[2024-03-22 17:02:17.458974] 开票申请单 发送任务定时任务开始执行...
[2024-03-22 17:02:17.465751] connect to MySQL:Success
[2024-03-22 17:02:17.520562] Disconnect mysql
[2024-03-22 17:02:17.532022] connect to MySQL:Success
[2024-03-22 17:02:17.581048] Disconnect mysql
[2024-03-22 17:02:17.590811] connect to MySQL:Success
[2024-03-22 17:02:17.590811] connect to MySQL:Success
[2024-03-22 17:02:17.591853] connect to MySQL:Success
[2024-03-22 17:02:17.591853] 线程2: 第1个订单拼接字符串开始！
[2024-03-22 17:02:17.591853] 线程4: 第3个订单拼接字符串开始！
[2024-03-22 17:02:17.591853] 线程5: 第4个订单拼接字符串开始！
[2024-03-22 17:02:17.599596] connect to MySQL:Success
[2024-03-22 17:02:17.599596] 线程3: 第2个订单拼接字符串开始！
[2024-03-22 17:02:17.653098] 线程5: 第4个订单拼接字符串结束
[2024-03-22 17:02:17.654129] Disconnect mysql
[2024-03-22 17:02:17.658171] 线程4: 第3个订单拼接字符串结束
[2024-03-22 17:02:17.658171] 线程2: 第1个订单拼接字符串结束
[2024-03-22 17:02:17.658171] Disconnect mysql
[2024-03-22 17:02:17.659202] Disconnect mysql
[2024-03-22 17:02:17.664883] 线程3: 第2个订单拼接字符串结束
[2024-03-22 17:02:17.665893] Disconnect mysql
[2024-03-22 17:02:17.666924] 线程 线程2 执行了 1 次任务
[2024-03-22 17:02:17.666924] 线程 线程3 执行了 1 次任务
[2024-03-22 17:02:17.667961] 线程 线程4 执行了 1 次任务
[2024-03-22 17:02:17.667961] 线程 线程5 执行了 1 次任务
[2024-03-22 17:02:17.669001] 对账单1发送结束
[2024-03-22 17:02:17.669001] 本次发送定时任务结束
[2024-03-22 17:06:30.353279] 明厨亮灶发送数据开始程序执行
[2024-03-22 17:06:30.354292] 开票申请单 发送任务定时任务开始执行...
[2024-03-22 17:06:30.361007] connect to MySQL:Success
[2024-03-22 17:06:30.419691] Disconnect mysql
[2024-03-22 17:06:30.434168] connect to MySQL:Success
[2024-03-22 17:06:30.479187] Disconnect mysql
[2024-03-22 17:06:30.490022] connect to MySQL:Success
[2024-03-22 17:06:30.490022] connect to MySQL:Success
[2024-03-22 17:06:30.491103] connect to MySQL:Success
[2024-03-22 17:06:30.491103] 线程2: 第1个订单拼接字符串开始！
[2024-03-22 17:06:30.491103] 线程4: 第3个订单拼接字符串开始！
[2024-03-22 17:06:30.491676] 线程5: 第4个订单拼接字符串开始！
[2024-03-22 17:06:30.497844] connect to MySQL:Success
[2024-03-22 17:06:30.497844] 线程3: 第2个订单拼接字符串开始！
[2024-03-22 17:06:30.556452] 线程5: 第4个订单拼接字符串结束
[2024-03-22 17:06:30.557472] 线程4: 第3个订单拼接字符串结束
[2024-03-22 17:06:30.557472] 线程2: 第1个订单拼接字符串结束
[2024-03-22 17:06:30.558039] Disconnect mysql
[2024-03-22 17:06:30.558039] Disconnect mysql
[2024-03-22 17:06:30.559089] Disconnect mysql
[2024-03-22 17:06:30.562236] 线程3: 第2个订单拼接字符串结束
[2024-03-22 17:06:30.563267] Disconnect mysql
[2024-03-22 17:06:30.570042] connect to MySQL:Success
[2024-03-22 17:06:30.570042] 线程4: 第3个订单发送开始
[2024-03-22 17:06:30.573672] connect to MySQL:Success
[2024-03-22 17:06:30.573672] connect to MySQL:Success
[2024-03-22 17:06:30.573672] connect to MySQL:Success
[2024-03-22 17:06:30.574715] 线程5: 第4个订单发送开始
[2024-03-22 17:06:30.574715] 线程2: 第1个订单发送开始
[2024-03-22 17:06:30.575733] 线程3: 第2个订单发送开始
[2024-03-22 17:06:31.918506] 线程4: 第3个订单发送结束
[2024-03-22 17:06:31.919510] 线程5: 第4个订单发送结束
[2024-03-22 17:06:31.919510] 线程2: 第1个订单发送结束
[2024-03-22 17:06:31.934929] 线程3: 第2个订单发送结束
[2024-03-22 17:06:31.935968] 线程 线程2 执行了 1 次任务
[2024-03-22 17:06:31.935968] 线程 线程3 执行了 1 次任务
[2024-03-22 17:06:31.938045] 线程 线程4 执行了 1 次任务
[2024-03-22 17:06:31.941220] 线程 线程5 执行了 1 次任务
[2024-03-22 17:06:31.945885] 对账单1发送结束
[2024-03-22 17:06:31.946926] 本次发送定时任务结束
[2024-03-22 17:08:15.817610] 明厨亮灶发送数据开始程序执行
[2024-03-22 17:08:15.817610] 开票申请单 发送任务定时任务开始执行...
[2024-03-22 17:08:15.824285] connect to MySQL:Success
[2024-03-22 17:08:15.875987] Disconnect mysql
[2024-03-22 17:08:15.887825] connect to MySQL:Success
[2024-03-22 17:08:15.934897] Disconnect mysql
[2024-03-22 17:08:15.945293] connect to MySQL:Success
[2024-03-22 17:08:15.946328] 线程3: 第2个订单拼接字符串开始！
[2024-03-22 17:08:15.947329] connect to MySQL:Success
[2024-03-22 17:08:15.948342] 线程4: 第3个订单拼接字符串开始！
[2024-03-22 17:08:15.953457] connect to MySQL:Success
[2024-03-22 17:08:15.953457] 线程2: 第1个订单拼接字符串开始！
[2024-03-22 17:08:15.954480] connect to MySQL:Success
[2024-03-22 17:08:15.954998] 线程5: 第4个订单拼接字符串开始！
[2024-03-22 17:08:16.007140] 线程3: 第2个订单拼接字符串结束
[2024-03-22 17:08:16.007140] Disconnect mysql
[2024-03-22 17:08:16.012842] 线程2: 第1个订单拼接字符串结束
[2024-03-22 17:08:16.013863] Disconnect mysql
[2024-03-22 17:08:16.017993] connect to MySQL:Success
[2024-03-22 17:08:16.018506] 线程3: 第2个订单发送开始
[2024-03-22 17:08:16.020581] 线程5: 第4个订单拼接字符串结束
[2024-03-22 17:08:16.021627] 线程4: 第3个订单拼接字符串结束
[2024-03-22 17:08:16.021627] Disconnect mysql
[2024-03-22 17:08:16.022654] connect to MySQL:Success
[2024-03-22 17:08:16.022654] Disconnect mysql
[2024-03-22 17:08:16.025688] 线程2: 第1个订单发送开始
[2024-03-22 17:08:16.032353] connect to MySQL:Success
[2024-03-22 17:08:16.033376] 线程4: 第3个订单发送开始
[2024-03-22 17:08:16.038066] connect to MySQL:Success
[2024-03-22 17:08:16.038066] 线程5: 第4个订单发送开始
[2024-03-22 17:08:16.644669] 线程5: 第4个订单发送结束
[2024-03-22 17:08:16.645698] 线程4: 第3个订单发送结束
[2024-03-22 17:08:16.650373] 线程3: 第2个订单发送结束
[2024-03-22 17:08:16.654519] 线程2: 第1个订单发送结束
[2024-03-22 17:08:16.655564] 线程 线程2 执行了 1 次任务
[2024-03-22 17:08:16.656599] 线程 线程3 执行了 1 次任务
[2024-03-22 17:08:16.657139] 线程 线程4 执行了 1 次任务
[2024-03-22 17:08:16.657139] 线程 线程5 执行了 1 次任务
[2024-03-22 17:08:16.658150] 对账单1发送结束
[2024-03-22 17:08:16.658150] 本次发送定时任务结束
[2024-03-22 17:11:46.457138] 明厨亮灶发送数据开始程序执行
[2024-03-22 17:11:46.457692] 开票申请单 发送任务定时任务开始执行...
[2024-03-22 17:11:46.463819] connect to MySQL:Success
[2024-03-22 17:11:46.521167] Disconnect mysql
[2024-03-22 17:11:46.540704] connect to MySQL:Success
[2024-03-22 17:11:46.584028] Disconnect mysql
[2024-03-22 17:11:46.593774] connect to MySQL:Success
[2024-03-22 17:11:46.593774] connect to MySQL:Success
[2024-03-22 17:11:46.594809] 线程2: 第1个订单拼接字符串开始！
[2024-03-22 17:11:46.594809] 线程3: 第2个订单拼接字符串开始！
[2024-03-22 17:11:46.603173] connect to MySQL:Success
[2024-03-22 17:11:46.603173] 线程4: 第3个订单拼接字符串开始！
[2024-03-22 17:11:46.603173] connect to MySQL:Success
[2024-03-22 17:11:46.604219] 线程5: 第4个订单拼接字符串开始！
[2024-03-22 17:11:46.656089] 线程3: 第2个订单拼接字符串结束
[2024-03-22 17:11:46.657121] Disconnect mysql
[2024-03-22 17:11:46.657121] 线程2: 第1个订单拼接字符串结束
[2024-03-22 17:11:46.658147] Disconnect mysql
[2024-03-22 17:11:46.662841] 线程4: 第3个订单拼接字符串结束
[2024-03-22 17:11:46.663895] Disconnect mysql
[2024-03-22 17:11:46.663895] connect to MySQL:Success
[2024-03-22 17:11:46.664921] 线程2: 第1个订单发送开始
[2024-03-22 17:11:46.668023] 线程5: 第4个订单拼接字符串结束
[2024-03-22 17:11:46.668023] Disconnect mysql
[2024-03-22 17:11:46.671714] connect to MySQL:Success
[2024-03-22 17:11:46.672751] 线程4: 第3个订单发送开始
[2024-03-22 17:11:46.674835] connect to MySQL:Success
[2024-03-22 17:11:46.675865] 线程3: 第2个订单发送开始
[2024-03-22 17:11:46.676419] connect to MySQL:Success
[2024-03-22 17:11:46.678516] 线程5: 第4个订单发送开始
[2024-03-22 17:11:46.929430] 线程3: 第2个订单发送结束
[2024-03-22 17:11:46.929430] 线程2: 第1个订单发送结束
[2024-03-22 17:11:46.930524] 线程4: 第3个订单发送结束
[2024-03-22 17:11:47.104423] 线程5: 第4个订单发送结束
[2024-03-22 17:11:47.105458] 线程 线程2 执行了 1 次任务
[2024-03-22 17:11:47.105458] 线程 线程3 执行了 1 次任务
[2024-03-22 17:11:47.106493] 线程 线程4 执行了 1 次任务
[2024-03-22 17:11:47.106493] 线程 线程5 执行了 1 次任务
[2024-03-22 17:11:47.108078] 对账单1发送结束
[2024-03-22 17:11:47.108078] 本次发送定时任务结束
[2024-03-22 17:14:13.876144] 明厨亮灶发送数据开始程序执行
[2024-03-22 17:14:13.877186] 开票申请单 发送任务定时任务开始执行...
[2024-03-22 17:14:13.883899] connect to MySQL:Success
[2024-03-22 17:14:13.933655] Disconnect mysql
[2024-03-22 17:14:13.960000] connect to MySQL:Success
[2024-03-22 17:14:14.004045] Disconnect mysql
[2024-03-22 17:14:14.014870] connect to MySQL:Success
[2024-03-22 17:14:14.015410] 线程2: 第1个订单拼接字符串开始！
[2024-03-22 17:14:14.016428] connect to MySQL:Success
[2024-03-22 17:14:14.016428] connect to MySQL:Success
[2024-03-22 17:14:14.017434] 线程3: 第2个订单拼接字符串开始！
[2024-03-22 17:14:14.017434] 线程4: 第3个订单拼接字符串开始！
[2024-03-22 17:14:14.023562] connect to MySQL:Success
[2024-03-22 17:14:14.023562] 线程5: 第4个订单拼接字符串开始！
[2024-03-22 17:14:14.081948] 线程4: 第3个订单拼接字符串结束
[2024-03-22 17:14:14.082972] Disconnect mysql
[2024-03-22 17:14:14.085028] 线程5: 第4个订单拼接字符串结束
[2024-03-22 17:14:14.086067] Disconnect mysql
[2024-03-22 17:14:14.092760] connect to MySQL:Success
[2024-03-22 17:14:14.093793] 线程4: 第3个订单发送开始
[2024-03-22 17:14:14.095872] connect to MySQL:Success
[2024-03-22 17:14:14.095872] 线程5: 第4个订单发送开始
[2024-03-22 17:14:14.124831] 线程2: 第1个订单拼接字符串结束
[2024-03-22 17:14:14.124831] 线程3: 第2个订单拼接字符串结束
[2024-03-22 17:14:14.125866] Disconnect mysql
[2024-03-22 17:14:14.125866] Disconnect mysql
[2024-03-22 17:14:14.155338] connect to MySQL:Success
[2024-03-22 17:14:14.155338] 线程2: 第1个订单发送开始
[2024-03-22 17:14:14.156358] connect to MySQL:Success
[2024-03-22 17:14:14.158432] 线程3: 第2个订单发送开始
[2024-03-22 17:14:14.269340] 线程4: 第3个订单发送结束
[2024-03-22 17:14:14.275597] 线程5: 第4个订单发送结束
[2024-03-22 17:14:14.327879] 线程3: 第2个订单发送结束
[2024-03-22 17:14:14.348643] 线程2: 第1个订单发送结束
[2024-03-22 17:14:14.349642] 线程 线程2 执行了 1 次任务
[2024-03-22 17:14:14.350657] 线程 线程3 执行了 1 次任务
[2024-03-22 17:14:14.350657] 线程 线程4 执行了 1 次任务
[2024-03-22 17:14:14.351698] 线程 线程5 执行了 1 次任务
[2024-03-22 17:14:14.351698] 对账单1发送结束
[2024-03-22 17:14:14.352732] 本次发送定时任务结束
[2024-03-22 17:53:56.498356] 明厨亮灶发送数据开始程序执行
[2024-03-22 17:53:56.499385] 开票申请单 发送任务定时任务开始执行...
[2024-03-22 17:53:56.506170] connect to MySQL:Success
[2024-03-22 17:53:56.594059] Disconnect mysql
[2024-03-22 17:53:56.852606] connect to MySQL:Success
[2024-03-22 17:53:56.899656] Disconnect mysql
[2024-03-22 17:53:56.909477] connect to MySQL:Success
[2024-03-22 17:53:56.909477] connect to MySQL:Success
[2024-03-22 17:53:56.910491] 线程2: 第1个订单拼接字符串开始！
[2024-03-22 17:53:56.910491] 线程3: 第2个订单拼接字符串开始！
[2024-03-22 17:53:56.910491] connect to MySQL:Success
[2024-03-22 17:53:56.911506] 线程4: 第3个订单拼接字符串开始！
[2024-03-22 17:53:56.919169] connect to MySQL:Success
[2024-03-22 17:53:56.919169] 线程5: 第4个订单拼接字符串开始！
[2024-03-22 17:53:56.971912] 线程4: 第3个订单拼接字符串结束
[2024-03-22 17:53:56.972927] 线程3: 第2个订单拼接字符串结束
[2024-03-22 17:53:56.972927] 线程2: 第1个订单拼接字符串结束
[2024-03-22 17:53:56.973983] Disconnect mysql
[2024-03-22 17:53:56.973983] Disconnect mysql
[2024-03-22 17:53:56.975011] Disconnect mysql
[2024-03-22 17:53:56.979651] 线程5: 第4个订单拼接字符串结束
[2024-03-22 17:53:56.979651] connect to MySQL:Success
[2024-03-22 17:53:56.980675] connect to MySQL:Success
[2024-03-22 17:53:56.980675] 线程4: 第3个订单发送开始
[2024-03-22 17:53:56.980675] Disconnect mysql
[2024-03-22 17:53:56.981690] 线程3: 第2个订单发送开始
[2024-03-22 17:53:56.987389] connect to MySQL:Success
[2024-03-22 17:53:56.988418] 线程5: 第4个订单发送开始
[2024-03-22 17:53:56.992600] connect to MySQL:Success
[2024-03-22 17:53:56.993142] 线程2: 第1个订单发送开始
[2024-03-22 17:53:59.226353] 线程4: 第3个订单发送结束
[2024-03-22 17:53:59.233616] 线程3: 第2个订单发送结束
[2024-03-22 17:53:59.317358] 线程2: 第1个订单发送结束
[2024-03-22 17:53:59.340851] 线程5: 第4个订单发送结束
[2024-03-22 17:53:59.341863] 线程 线程2 执行了 1 次任务
[2024-03-22 17:53:59.341863] 线程 线程3 执行了 1 次任务
[2024-03-22 17:53:59.342870] 线程 线程4 执行了 1 次任务
[2024-03-22 17:53:59.343900] 线程 线程5 执行了 1 次任务
[2024-03-22 17:53:59.343900] 对账单1发送结束
[2024-03-22 17:53:59.344907] 本次发送定时任务结束
[2024-03-22 18:07:22.910304] 明厨亮灶发送数据开始程序执行
[2024-03-22 18:07:22.911310] 开票申请单 发送任务定时任务开始执行...
[2024-03-22 18:07:22.917383] connect to MySQL:Success
[2024-03-22 18:07:22.970884] Disconnect mysql
[2024-03-22 18:07:22.981779] connect to MySQL:Success
[2024-03-22 18:07:23.024567] Disconnect mysql
[2024-03-22 18:07:23.034331] connect to MySQL:Success
[2024-03-22 18:07:23.034331] connect to MySQL:Success
[2024-03-22 18:07:23.035394] 线程3: 第2个订单拼接字符串开始！
[2024-03-22 18:07:23.035394] 线程4: 第3个订单拼接字符串开始！
[2024-03-22 18:07:23.043126] connect to MySQL:Success
[2024-03-22 18:07:23.043126] connect to MySQL:Success
[2024-03-22 18:07:23.043126] 线程2: 第1个订单拼接字符串开始！
[2024-03-22 18:07:23.044171] 线程5: 第4个订单拼接字符串开始！
[2024-03-22 18:07:23.094920] 线程4: 第3个订单拼接字符串结束
[2024-03-22 18:07:23.094920] 线程3: 第2个订单拼接字符串结束
[2024-03-22 18:07:23.095958] Disconnect mysql
[2024-03-22 18:07:23.095958] Disconnect mysql
[2024-03-22 18:07:23.102644] 线程5: 第4个订单拼接字符串结束
[2024-03-22 18:07:23.103675] Disconnect mysql
[2024-03-22 18:07:23.104703] 线程2: 第1个订单拼接字符串结束
[2024-03-22 18:07:23.104703] Disconnect mysql
[2024-03-22 18:07:23.109805] connect to MySQL:Success
[2024-03-22 18:07:23.110840] 线程5: 第4个订单发送开始
[2024-03-22 18:07:23.111359] connect to MySQL:Success
[2024-03-22 18:07:23.111359] connect to MySQL:Success
[2024-03-22 18:07:23.111359] connect to MySQL:Success
[2024-03-22 18:07:23.112402] 线程2: 第1个订单发送开始
[2024-03-22 18:07:23.112402] 线程4: 第3个订单发送开始
[2024-03-22 18:07:23.113430] 线程3: 第2个订单发送开始
[2024-03-22 18:07:23.596919] 线程5: 第4个订单发送结束
[2024-03-22 18:07:23.600606] 线程3: 第2个订单发送结束
[2024-03-22 18:07:23.602681] 线程4: 第3个订单发送结束
[2024-03-22 18:07:23.603693] 线程2: 第1个订单发送结束
[2024-03-22 18:07:23.604709] 线程 线程2 执行了 1 次任务
[2024-03-22 18:07:23.605707] 线程 线程3 执行了 1 次任务
[2024-03-22 18:07:23.605707] 线程 线程4 执行了 1 次任务
[2024-03-22 18:07:23.606718] 线程 线程5 执行了 1 次任务
[2024-03-22 18:07:23.606718] 对账单1发送结束
[2024-03-22 18:07:23.607734] 本次发送定时任务结束
