[2024-03-27 08:10:56.962459] 明厨亮灶发送数据开始程序执行
[2024-03-27 08:10:56.963478] 财务应付单 发送任务定时任务开始执行...
[2024-03-27 08:10:56.971255] connect to MySQL:Success
[2024-03-27 08:10:57.900854] Disconnect mysql
[2024-03-27 08:10:58.320702] connect to MySQL:Success
[2024-03-27 08:10:58.413517] Disconnect mysql
[2024-03-27 08:10:58.424417] connect to MySQL:Success
[2024-03-27 08:10:58.425470] connect to MySQL:Success
[2024-03-27 08:10:58.425470] connect to MySQL:Success
[2024-03-27 08:10:58.425470] connect to MySQL:Success
开始！
[2024-03-27 08:10:58.426488] 线程5: 第4个订单拼接字符串开始！
[2024-03-27 08:10:58.426488] 线程1: 第5个订单拼接字符串开始！
[2024-03-27 08:10:58.426488] 线程4: 第3个订单拼接字符串开始！
[2024-03-27 08:10:58.428046] 线程3: 第2个订单拼接字符串开始！
[2024-03-27 08:10:58.494598] 线程2: 第1个订单拼接字符串结束
[2024-03-27 08:10:58.494598] 线程5: 第4个订单拼接字符串结束
[2024-03-27 08:10:58.494598] 线程4: 第3个订单拼接字符串结束
[2024-03-27 08:10:58.495611] 线程1: 第5个订单拼接字符串结束
[2024-03-27 08:10:58.496658] 线程3: 第2个订单拼接字符串结束
[2024-03-27 08:10:58.496658] Disconnect mysql
[2024-03-27 08:10:58.496658] Disconnect mysql
[2024-03-27 08:10:58.496658] Disconnect mysql
[2024-03-27 08:10:58.497686] Disconnect mysql
[2024-03-27 08:10:58.498715] Disconnect mysql
[2024-03-27 08:10:58.503357] connect to MySQL:Success
[2024-03-27 08:10:58.504389] connect to MySQL:Success
[2024-03-27 08:10:58.504389] connect to MySQL:Success
[2024-03-27 08:10:58.504389] 线程2: 第1个订单发送开始
[2024-03-27 08:10:58.508458] 线程5: 第4个订单发送开始
[2024-03-27 08:10:58.508458] 线程3: 第2个订单发送开始
[2024-03-27 08:10:58.514127] connect to MySQL:Success
[2024-03-27 08:10:58.514127] connect to MySQL:Success
[2024-03-27 08:10:58.515158] 线程4: 第3个订单发送开始
[2024-03-27 08:10:58.515158] 线程1: 第5个订单发送开始
[2024-03-27 08:11:31.563051] 线程1: 第5个订单发送结束
[2024-03-27 08:11:31.563051] 线程3: 第2个订单发送结束
[2024-03-27 08:11:31.564082] 线程4: 第3个订单发送结束
[2024-03-27 08:11:31.565091] 线程2: 第1个订单发送结束
[2024-03-27 08:11:31.566128] 线程5: 第4个订单发送结束
[2024-03-27 08:11:31.572878] connect to MySQL:Success
[2024-03-27 08:11:31.572878] connect to MySQL:Success
[2024-03-27 08:11:31.573923] 线程1: 第10个订单拼接字符串开始！
[2024-03-27 08:11:31.573923] 线程5: 第9个订单拼接字符串开始！
[2024-03-27 08:11:31.580627] connect to MySQL:Success
[2024-03-27 08:11:31.581669] connect to MySQL:Success
[2024-03-27 08:11:31.581669] connect to MySQL:Success
[2024-03-27 08:11:31.581669] 线程2: 第6个订单拼接字符串开始！
[2024-03-27 08:11:31.581669] 线程4: 第8个订单拼接字符串开始！
[2024-03-27 08:11:31.581669] 线程3: 第7个订单拼接字符串开始！
[2024-03-27 08:11:31.632548] 线程1: 第10个订单拼接字符串结束
[2024-03-27 08:11:31.633606] 线程5: 第9个订单拼接字符串结束
[2024-03-27 08:11:31.633606] Disconnect mysql
[2024-03-27 08:11:31.634658] Disconnect mysql
[2024-03-27 08:11:31.639357] 线程3: 第7个订单拼接字符串结束
[2024-03-27 08:11:31.640399] Disconnect mysql
[2024-03-27 08:11:31.641441] 线程4: 第8个订单拼接字符串结束
[2024-03-27 08:11:31.641441] 线程2: 第6个订单拼接字符串结束
[2024-03-27 08:11:31.642461] connect to MySQL:Success
[2024-03-27 08:11:31.642461] Disconnect mysql
[2024-03-27 08:11:31.642461] Disconnect mysql
[2024-03-27 08:11:31.643521] connect to MySQL:Success
[2024-03-27 08:11:31.643521] 线程1: 第10个订单发送开始
[2024-03-27 08:11:31.644040] 线程5: 第9个订单发送开始
[2024-03-27 08:11:31.650303] connect to MySQL:Success
[2024-03-27 08:11:31.651339] 线程3: 第7个订单发送开始
[2024-03-27 08:11:31.651905] connect to MySQL:Success
[2024-03-27 08:11:31.652937] 线程4: 第8个订单发送开始
[2024-03-27 08:11:31.661784] connect to MySQL:Success
[2024-03-27 08:11:31.661784] 线程2: 第6个订单发送开始
[2024-03-27 08:11:32.984771] 线程5: 第9个订单发送结束
[2024-03-27 08:11:33.010625] 线程4: 第8个订单发送结束
[2024-03-27 08:11:33.200885] 线程1: 第10个订单发送结束
[2024-03-27 08:11:33.409778] 线程2: 第6个订单发送结束
[2024-03-27 08:11:33.984034] 线程3: 第7个订单发送结束
[2024-03-27 08:11:33.985077] 线程 线程2 执行了 2 次任务
[2024-03-27 08:11:33.985077] 线程 线程3 执行了 2 次任务
[2024-03-27 08:11:33.986141] 线程 线程4 执行了 2 次任务
[2024-03-27 08:11:33.986141] 线程 线程5 执行了 2 次任务
[2024-03-27 08:11:33.987187] 线程 线程1 执行了 2 次任务
[2024-03-27 08:11:33.987187] 对账单1发送结束
[2024-03-27 08:11:33.988219] 本次发送定时任务结束
[2024-03-27 16:09:06.254036] 明厨亮灶发送数据开始程序执行
[2024-03-27 16:09:06.255049] 财务应付单 发送任务定时任务开始执行...
[2024-03-27 16:09:06.270581] connect to MySQL:Success
[2024-03-27 16:09:06.931962] Disconnect mysql
[2024-03-27 16:09:07.182876] connect to MySQL:Success
[2024-03-27 16:09:07.250502] Disconnect mysql
[2024-03-27 16:09:07.260329] connect to MySQL:Success
[2024-03-27 16:09:07.261895] connect to MySQL:Success
[2024-03-27 16:09:07.261895] connect to MySQL:Success
[2024-03-27 16:09:07.261895] 线程3: 第2个订单拼接字符串开始！
[2024-03-27 16:09:07.261895] connect to MySQL:Success
[2024-03-27 16:09:07.261895] connect to MySQL:Success
[2024-03-27 16:09:07.261895] 线程2: 第1个订单拼接字符串开始！
[2024-03-27 16:09:07.262943] 线程4: 第3个订单拼接字符串开始！
[2024-03-27 16:09:07.262943] 线程5: 第4个订单拼接字符串开始！
[2024-03-27 16:09:07.262943] 线程1: 第5个订单拼接字符串开始！
[2024-03-27 16:09:07.327556] 线程5: 第4个订单拼接字符串结束
[2024-03-27 16:09:07.328573] 线程2: 第1个订单拼接字符串结束
[2024-03-27 16:09:07.328573] 线程4: 第3个订单拼接字符串结束
[2024-03-27 16:09:07.328573] 线程1: 第5个订单拼接字符串结束
[2024-03-27 16:09:07.329626] Disconnect mysql
[2024-03-27 16:09:07.329626] Disconnect mysql
[2024-03-27 16:09:07.330668] Disconnect mysql
[2024-03-27 16:09:07.330668] 线程3: 第2个订单拼接字符串结束
[2024-03-27 16:09:07.330668] Disconnect mysql
[2024-03-27 16:09:07.331233] Disconnect mysql
[2024-03-27 16:09:07.337383] connect to MySQL:Success
[2024-03-27 16:09:07.337383] connect to MySQL:Success
[2024-03-27 16:09:07.337383] connect to MySQL:Success
[2024-03-27 16:09:07.337383] 线程1: 第5个订单发送开始
[2024-03-27 16:09:07.338426] 线程5: 第4个订单发送开始
[2024-03-27 16:09:07.339982] connect to MySQL:Success
[2024-03-27 16:09:07.342033] 线程4: 第3个订单发送开始
[2024-03-27 16:09:07.343068] 线程3: 第2个订单发送开始
[2024-03-27 16:09:07.349225] connect to MySQL:Success
[2024-03-27 16:09:07.349791] 线程2: 第1个订单发送开始
[2024-03-27 16:09:08.263187] 线程4: 第3个订单发送结束
[2024-03-27 16:09:08.264211] 线程1: 第5个订单发送结束
[2024-03-27 16:09:08.265813] 线程2: 第1个订单发送结束
[2024-03-27 16:09:08.267824] 线程3: 第2个订单发送结束
[2024-03-27 16:09:08.270891] connect to MySQL:Success
[2024-03-27 16:09:08.270891] connect to MySQL:Success
[2024-03-27 16:09:08.270891] connect to MySQL:Success
[2024-03-27 16:09:08.271915] 线程4: 第8个订单拼接字符串开始！
[2024-03-27 16:09:08.271915] 线程2: 第6个订单拼接字符串开始！
[2024-03-27 16:09:08.271915] 线程3: 第7个订单拼接字符串开始！
[2024-03-27 16:09:08.282308] connect to MySQL:Success
[2024-03-27 16:09:08.282308] connect to MySQL:Success
[2024-03-27 16:09:08.283340] 线程5: 第9个订单拼接字符串开始！
[2024-03-27 16:09:08.283340] 线程1: 第10个订单拼接字符串开始！
[2024-03-27 16:09:08.337147] 线程3: 第7个订单拼接字符串结束
[2024-03-27 16:09:08.338194] Disconnect mysql
[2024-03-27 16:09:08.344833] connect to MySQL:Success
[2024-03-27 16:09:08.345840] 线程3: 第7个订单发送开始
[2024-03-27 16:09:08.351986] 线程2: 第6个订单拼接字符串结束
[2024-03-27 16:09:08.351986] 线程1: 第10个订单拼接字符串结束
[2024-03-27 16:09:08.351986] Disconnect mysql
[2024-03-27 16:09:08.353015] Disconnect mysql
[2024-03-27 16:09:08.358698] connect to MySQL:Success
[2024-03-27 16:09:08.358698] connect to MySQL:Success
[2024-03-27 16:09:08.358698] 线程2: 第6个订单发送开始
[2024-03-27 16:09:08.359731] 线程1: 第10个订单发送开始
[2024-03-27 16:09:08.368591] 线程4: 第8个订单拼接字符串结束
[2024-03-27 16:09:08.368591] Disconnect mysql
[2024-03-27 16:09:08.376302] connect to MySQL:Success
[2024-03-27 16:09:08.377340] 线程4: 第8个订单发送开始
[2024-03-27 16:09:08.379971] 线程5: 第9个订单拼接字符串结束
[2024-03-27 16:09:08.379971] Disconnect mysql
[2024-03-27 16:09:08.386158] connect to MySQL:Success
[2024-03-27 16:09:08.386158] 线程5: 第9个订单发送开始
[2024-03-27 16:09:08.714247] 线程2: 第6个订单发送结束
[2024-03-27 16:09:08.928973] 线程3: 第7个订单发送结束
[2024-03-27 16:09:08.970977] 线程4: 第8个订单发送结束
[2024-03-27 16:09:08.976637] 线程1: 第10个订单发送结束
[2024-03-27 16:09:09.007253] 线程5: 第9个订单发送结束
[2024-03-27 16:09:09.008876] 线程 线程2 执行了 2 次任务
[2024-03-27 16:09:09.009929] 线程 线程3 执行了 2 次任务
[2024-03-27 16:09:09.010944] 线程 线程4 执行了 2 次任务
[2024-03-27 16:09:09.010944] 线程 线程5 执行了 2 次任务
[2024-03-27 16:09:09.011974] 线程 线程1 执行了 2 次任务
[2024-03-27 16:09:09.011974] 对账单1发送结束
[2024-03-27 16:09:09.012999] 本次发送定时任务结束
[2024-03-27 16:14:13.872628] 明厨亮灶发送数据开始程序执行
[2024-03-27 16:14:13.872628] 财务应付单 发送任务定时任务开始执行...
[2024-03-27 16:14:13.889173] connect to MySQL:Success
[2024-03-27 16:14:13.955563] Disconnect mysql
[2024-03-27 16:14:13.967565] connect to MySQL:Success
[2024-03-27 16:14:14.018910] Disconnect mysql
[2024-03-27 16:14:14.030858] connect to MySQL:Success
[2024-03-27 16:14:14.030858] connect to MySQL:Success
[2024-03-27 16:14:14.030858] connect to MySQL:Success
[2024-03-27 16:14:14.031880] 线程2: 第1个订单拼接字符串开始！
[2024-03-27 16:14:14.031880] 线程1: 第5个订单拼接字符串开始！
[2024-03-27 16:14:14.031880] connect to MySQL:Success
[2024-03-27 16:14:14.032928] 线程3: 第2个订单拼接字符串开始！
[2024-03-27 16:14:14.032928] connect to MySQL:Success
[2024-03-27 16:14:14.032928] 线程5: 第4个订单拼接字符串开始！
[2024-03-27 16:14:14.033949] 线程4: 第3个订单拼接字符串开始！
[2024-03-27 16:14:14.099014] 线程1: 第5个订单拼接字符串结束
[2024-03-27 16:14:14.099014] 线程4: 第3个订单拼接字符串结束
[2024-03-27 16:14:14.099014] 线程3: 第2个订单拼接字符串结束
[2024-03-27 16:14:14.100055] 线程5: 第4个订单拼接字符串结束
[2024-03-27 16:14:14.100055] Disconnect mysql
[2024-03-27 16:14:14.100055] 线程2: 第1个订单拼接字符串结束
[2024-03-27 16:14:14.101099] Disconnect mysql
[2024-03-27 16:14:14.101099] Disconnect mysql
[2024-03-27 16:14:14.102128] Disconnect mysql
[2024-03-27 16:14:14.102128] Disconnect mysql
[2024-03-27 16:14:14.107785] connect to MySQL:Success
[2024-03-27 16:14:14.108800] 线程4: 第3个订单发送开始
[2024-03-27 16:14:14.109830] connect to MySQL:Success
[2024-03-27 16:14:14.109830] connect to MySQL:Success
[2024-03-27 16:14:14.110860] connect to MySQL:Success
[2024-03-27 16:14:14.110860] 线程3: 第2个订单发送开始
[2024-03-27 16:14:14.110860] 线程2: 第1个订单发送开始
[2024-03-27 16:14:14.111905] 线程1: 第5个订单发送开始
[2024-03-27 16:14:14.124407] connect to MySQL:Success
[2024-03-27 16:14:14.125444] 线程5: 第4个订单发送开始
[2024-03-27 16:14:19.408662] 线程2: 第1个订单发送结束
[2024-03-27 16:14:19.415398] connect to MySQL:Success
[2024-03-27 16:14:19.416451] 线程2: 第6个订单拼接字符串开始！
[2024-03-27 16:14:19.455363] 线程1: 第5个订单发送结束
[2024-03-27 16:14:19.458463] 线程5: 第4个订单发送结束
[2024-03-27 16:14:19.462084] connect to MySQL:Success
[2024-03-27 16:14:19.462084] 线程3: 第7个订单拼接字符串开始！
[2024-03-27 16:14:19.467766] 线程4: 第3个订单发送结束
[2024-03-27 16:14:19.470810] 线程3: 第2个订单发送结束
[2024-03-27 16:14:19.472871] connect to MySQL:Success
[2024-03-27 16:14:19.473892] 线程4: 第8个订单拼接字符串开始！
[2024-03-27 16:14:19.477592] connect to MySQL:Success
[2024-03-27 16:14:19.478652] 线程1: 第10个订单拼接字符串开始！
[2024-03-27 16:14:19.481747] 线程2: 第6个订单拼接字符串结束
[2024-03-27 16:14:19.482791] Disconnect mysql
[2024-03-27 16:14:19.485395] connect to MySQL:Success
[2024-03-27 16:14:19.485395] 线程5: 第9个订单拼接字符串开始！
[2024-03-27 16:14:19.488505] connect to MySQL:Success
[2024-03-27 16:14:19.489529] 线程2: 第6个订单发送开始
[2024-03-27 16:14:19.529521] 线程3: 第7个订单拼接字符串结束
[2024-03-27 16:14:19.530557] Disconnect mysql
[2024-03-27 16:14:19.539326] 线程4: 第8个订单拼接字符串结束
[2024-03-27 16:14:19.541368] Disconnect mysql
[2024-03-27 16:14:19.542371] 线程1: 第10个订单拼接字符串结束
[2024-03-27 16:14:19.543384] Disconnect mysql
[2024-03-27 16:14:19.543384] connect to MySQL:Success
[2024-03-27 16:14:19.544441] 线程3: 第7个订单发送开始
[2024-03-27 16:14:19.549139] 线程5: 第9个订单拼接字符串结束
[2024-03-27 16:14:19.550157] Disconnect mysql
[2024-03-27 16:14:19.558942] connect to MySQL:Success
[2024-03-27 16:14:19.558942] 线程4: 第8个订单发送开始
[2024-03-27 16:14:19.567807] connect to MySQL:Success
[2024-03-27 16:14:19.567807] connect to MySQL:Success
[2024-03-27 16:14:19.567807] 线程1: 第10个订单发送开始
[2024-03-27 16:14:19.567807] 线程5: 第9个订单发送开始
[2024-03-27 16:14:20.102523] 线程2: 第6个订单发送结束
[2024-03-27 16:14:21.402640] 线程5: 第9个订单发送结束
[2024-03-27 16:14:21.403674] 线程4: 第8个订单发送结束
[2024-03-27 16:14:21.406786] 线程3: 第7个订单发送结束
[2024-03-27 16:14:21.520827] 线程1: 第10个订单发送结束
[2024-03-27 16:14:21.521874] 线程 线程2 执行了 2 次任务
[2024-03-27 16:14:21.522898] 线程 线程3 执行了 2 次任务
[2024-03-27 16:14:21.522898] 线程 线程4 执行了 2 次任务
[2024-03-27 16:14:21.523930] 线程 线程5 执行了 2 次任务
[2024-03-27 16:14:21.524986] 线程 线程1 执行了 2 次任务
[2024-03-27 16:14:21.526023] 对账单1发送结束
[2024-03-27 16:14:21.526023] 本次发送定时任务结束
[2024-03-27 16:28:54.425930] 明厨亮灶发送数据开始程序执行
[2024-03-27 16:28:54.426959] 财务应付单 发送任务定时任务开始执行...
[2024-03-27 16:28:54.442470] connect to MySQL:Success
[2024-03-27 16:28:54.507084] Disconnect mysql
[2024-03-27 16:28:54.517745] connect to MySQL:Success
[2024-03-27 16:28:54.575221] Disconnect mysql
[2024-03-27 16:28:54.585030] connect to MySQL:Success
[2024-03-27 16:28:54.585030] connect to MySQL:Success
[2024-03-27 16:28:54.585030] connect to MySQL:Success
[2024-03-27 16:28:54.586100] 线程2: 第1个订单拼接字符串开始！
[2024-03-27 16:28:54.586100] 线程3: 第2个订单拼接字符串开始！
[2024-03-27 16:28:54.586100] connect to MySQL:Success
[2024-03-27 16:28:54.586100] 线程4: 第3个订单拼接字符串开始！
[2024-03-27 16:28:54.586100] connect to MySQL:Success
[2024-03-27 16:28:54.587137] 线程1: 第5个订单拼接字符串开始！
[2024-03-27 16:28:54.588163] 线程5: 第4个订单拼接字符串开始！
[2024-03-27 16:28:54.654396] 线程4: 第3个订单拼接字符串结束
[2024-03-27 16:28:54.654396] 线程3: 第2个订单拼接字符串结束
[2024-03-27 16:28:54.655448] Disconnect mysql
[2024-03-27 16:28:54.657508] Disconnect mysql
[2024-03-27 16:28:54.657508] 线程5: 第4个订单拼接字符串结束
[2024-03-27 16:28:54.658539] 线程2: 第1个订单拼接字符串结束
[2024-03-27 16:28:54.658539] 线程1: 第5个订单拼接字符串结束
[2024-03-27 16:28:54.658539] Disconnect mysql
[2024-03-27 16:28:54.659574] Disconnect mysql
[2024-03-27 16:28:54.660128] Disconnect mysql
[2024-03-27 16:28:54.662184] connect to MySQL:Success
[2024-03-27 16:28:54.663206] connect to MySQL:Success
[2024-03-27 16:28:54.663206] 线程4: 第3个订单发送开始
[2024-03-27 16:28:54.663206] 线程3: 第2个订单发送开始
[2024-03-27 16:28:54.665275] connect to MySQL:Success
[2024-03-27 16:28:54.666287] 线程5: 第4个订单发送开始
[2024-03-27 16:28:54.676965] connect to MySQL:Success
[2024-03-27 16:28:54.676965] connect to MySQL:Success
[2024-03-27 16:28:54.676965] 线程2: 第1个订单发送开始
[2024-03-27 16:28:54.676965] 线程1: 第5个订单发送开始
[2024-03-27 16:28:55.355735] 线程3: 第2个订单发送结束
[2024-03-27 16:28:55.358398] 线程1: 第5个订单发送结束
[2024-03-27 16:28:55.359464] 线程5: 第4个订单发送结束
[2024-03-27 16:28:55.361532] connect to MySQL:Success
[2024-03-27 16:28:55.362557] 线程2: 第6个订单拼接字符串开始！
[2024-03-27 16:28:55.364630] connect to MySQL:Success
[2024-03-27 16:28:55.366275] 线程3: 第7个订单拼接字符串开始！
[2024-03-27 16:28:55.366275] 线程2: 第1个订单发送结束
[2024-03-27 16:28:55.367337] 线程4: 第3个订单发送结束
[2024-03-27 16:28:55.371439] connect to MySQL:Success
[2024-03-27 16:28:55.372483] 线程4: 第8个订单拼接字符串开始！
[2024-03-27 16:28:55.373065] connect to MySQL:Success
[2024-03-27 16:28:55.373065] connect to MySQL:Success
[2024-03-27 16:28:55.374129] 线程5: 第9个订单拼接字符串开始！
[2024-03-27 16:28:55.374129] 线程1: 第10个订单拼接字符串开始！
[2024-03-27 16:28:55.430781] 线程3: 第7个订单拼接字符串结束
[2024-03-27 16:28:55.431806] Disconnect mysql
[2024-03-27 16:28:55.437470] 线程4: 第8个订单拼接字符串结束
[2024-03-27 16:28:55.437470] 线程5: 第9个订单拼接字符串结束
[2024-03-27 16:28:55.437470] Disconnect mysql
[2024-03-27 16:28:55.438508] Disconnect mysql
[2024-03-27 16:28:55.439583] 线程2: 第6个订单拼接字符串结束
[2024-03-27 16:28:55.440599] Disconnect mysql
[2024-03-27 16:28:55.443693] connect to MySQL:Success
[2024-03-27 16:28:55.445282] 线程4: 第8个订单发送开始
[2024-03-27 16:28:55.447365] 线程1: 第10个订单拼接字符串结束
[2024-03-27 16:28:55.447365] connect to MySQL:Success
[2024-03-27 16:28:55.448410] Disconnect mysql
[2024-03-27 16:28:55.448410] 线程3: 第7个订单发送开始
[2024-03-27 16:28:55.454150] connect to MySQL:Success
[2024-03-27 16:28:55.454150] connect to MySQL:Success
[2024-03-27 16:28:55.455193] 线程5: 第9个订单发送开始
[2024-03-27 16:28:55.455193] connect to MySQL:Success
[2024-03-27 16:28:55.455193] 线程1: 第10个订单发送开始
[2024-03-27 16:28:55.458305] 线程2: 第6个订单发送开始
[2024-03-27 16:28:55.681765] 线程4: 第8个订单发送结束
[2024-03-27 16:28:55.689579] 线程3: 第7个订单发送结束
[2024-03-27 16:28:55.708274] 线程1: 第10个订单发送结束
[2024-03-27 16:28:55.719696] 线程5: 第9个订单发送结束
[2024-03-27 16:28:58.686241] 线程2: 第6个订单发送结束
[2024-03-27 16:28:58.688313] 线程 线程2 执行了 2 次任务
[2024-03-27 16:28:58.688313] 线程 线程3 执行了 2 次任务
[2024-03-27 16:28:58.689334] 线程 线程4 执行了 2 次任务
[2024-03-27 16:28:58.689334] 线程 线程5 执行了 2 次任务
[2024-03-27 16:28:58.690364] 线程 线程1 执行了 2 次任务
[2024-03-27 16:28:58.690364] 对账单1发送结束
[2024-03-27 16:28:58.691390] 本次发送定时任务结束
[2024-03-27 16:53:21.116348] 明厨亮灶发送数据开始程序执行
[2024-03-27 16:53:21.117394] 财务应付单 发送任务定时任务开始执行...
[2024-03-27 16:53:21.125156] connect to MySQL:Success
[2024-03-27 16:53:21.187632] Disconnect mysql
[2024-03-27 16:53:21.208258] connect to MySQL:Success
[2024-03-27 16:53:21.262789] Disconnect mysql
[2024-03-27 16:53:21.273637] connect to MySQL:Success
[2024-03-27 16:53:21.273637] connect to MySQL:Success
[2024-03-27 16:53:21.274687] connect to MySQL:Success
[2024-03-27 16:53:21.274687] 线程3: 第2个订单拼接字符串开始！
[2024-03-27 16:53:21.274687] 线程5: 第4个订单拼接字符串开始！
[2024-03-27 16:53:21.275745] 线程2: 第1个订单拼接字符串开始！
[2024-03-27 16:53:21.282442] connect to MySQL:Success
[2024-03-27 16:53:21.283489] 线程4: 第3个订单拼接字符串开始！
[2024-03-27 16:53:21.283489] connect to MySQL:Success
[2024-03-27 16:53:21.284531] 线程1: 第5个订单拼接字符串开始！
[2024-03-27 16:53:21.338864] 线程5: 第4个订单拼接字符串结束
[2024-03-27 16:53:21.338864] 线程2: 第1个订单拼接字符串结束
[2024-03-27 16:53:21.339907] Disconnect mysql
[2024-03-27 16:53:21.339907] Disconnect mysql
[2024-03-27 16:53:21.342964] 线程3: 第2个订单拼接字符串结束
[2024-03-27 16:53:21.344005] Disconnect mysql
[2024-03-27 16:53:21.346111] connect to MySQL:Success
[2024-03-27 16:53:21.346111] connect to MySQL:Success
[2024-03-27 16:53:21.346111] 线程2: 第1个订单发送开始
[2024-03-27 16:53:21.347712] 线程5: 第4个订单发送开始
[2024-03-27 16:53:21.347712] 线程1: 第5个订单拼接字符串结束
[2024-03-27 16:53:21.348734] Disconnect mysql
[2024-03-27 16:53:21.350803] connect to MySQL:Success
[2024-03-27 16:53:21.350803] 线程3: 第2个订单发送开始
[2024-03-27 16:53:21.357548] connect to MySQL:Success
[2024-03-27 16:53:21.359592] 线程1: 第5个订单发送开始
[2024-03-27 16:53:21.399792] 线程4: 第3个订单拼接字符串结束
[2024-03-27 16:53:21.400828] Disconnect mysql
[2024-03-27 16:53:21.415275] connect to MySQL:Success
[2024-03-27 16:53:21.416303] 线程4: 第3个订单发送开始
[2024-03-27 16:53:21.694439] 线程5: 第4个订单发送结束
[2024-03-27 16:53:21.700170] connect to MySQL:Success
[2024-03-27 16:53:21.700170] 线程2: 第6个订单拼接字符串开始！
[2024-03-27 16:53:21.703253] 线程1: 第5个订单发送结束
[2024-03-27 16:53:21.708986] connect to MySQL:Success
[2024-03-27 16:53:21.709997] 线程3: 第2个订单发送结束
[2024-03-27 16:53:21.709997] 线程3: 第7个订单拼接字符串开始！
[2024-03-27 16:53:21.716164] 线程4: 第3个订单发送结束
[2024-03-27 16:53:21.719764] 线程2: 第1个订单发送结束
[2024-03-27 16:53:21.724821] connect to MySQL:Success
[2024-03-27 16:53:21.725832] 线程4: 第8个订单拼接字符串开始！
[2024-03-27 16:53:21.729864] connect to MySQL:Success
[2024-03-27 16:53:21.729864] 线程5: 第9个订单拼接字符串开始！
[2024-03-27 16:53:21.734536] connect to MySQL:Success
[2024-03-27 16:53:21.734536] 线程1: 第10个订单拼接字符串开始！
[2024-03-27 16:53:21.767592] 线程2: 第6个订单拼接字符串结束
[2024-03-27 16:53:21.767592] Disconnect mysql
[2024-03-27 16:53:21.776406] 线程3: 第7个订单拼接字符串结束
[2024-03-27 16:53:21.776406] Disconnect mysql
[2024-03-27 16:53:21.782633] connect to MySQL:Success
[2024-03-27 16:53:21.783176] 线程2: 第6个订单发送开始
[2024-03-27 16:53:21.788251] 线程4: 第8个订单拼接字符串结束
[2024-03-27 16:53:21.789287] Disconnect mysql
[2024-03-27 16:53:21.791331] connect to MySQL:Success
[2024-03-27 16:53:21.791331] 线程3: 第7个订单发送开始
[2024-03-27 16:53:21.795967] connect to MySQL:Success
[2024-03-27 16:53:21.797043] 线程4: 第8个订单发送开始
[2024-03-27 16:53:21.800147] 线程5: 第9个订单拼接字符串结束
[2024-03-27 16:53:21.800147] Disconnect mysql
[2024-03-27 16:53:21.801703] 线程1: 第10个订单拼接字符串结束
[2024-03-27 16:53:21.801703] Disconnect mysql
[2024-03-27 16:53:21.806823] connect to MySQL:Success
[2024-03-27 16:53:21.807842] connect to MySQL:Success
[2024-03-27 16:53:21.807842] 线程5: 第9个订单发送开始
[2024-03-27 16:53:21.807842] 线程1: 第10个订单发送开始
[2024-03-27 16:53:21.993124] 线程4: 第8个订单发送结束
[2024-03-27 16:53:21.999434] 线程5: 第9个订单发送结束
[2024-03-27 16:53:22.002021] 线程3: 第7个订单发送结束
[2024-03-27 16:53:22.006154] 线程1: 第10个订单发送结束
[2024-03-27 16:53:24.934692] 线程2: 第6个订单发送结束
[2024-03-27 16:53:24.936310] 线程 线程2 执行了 2 次任务
[2024-03-27 16:53:24.937334] 线程 线程3 执行了 2 次任务
[2024-03-27 16:53:24.937334] 线程 线程4 执行了 2 次任务
[2024-03-27 16:53:24.938362] 线程 线程5 执行了 2 次任务
[2024-03-27 16:53:24.938362] 线程 线程1 执行了 2 次任务
[2024-03-27 16:53:24.939374] 对账单1发送结束
[2024-03-27 16:53:24.939374] 本次发送定时任务结束
[2024-03-27 18:09:23.338310] 明厨亮灶发送数据开始程序执行
[2024-03-27 18:09:23.338310] 财务应付单 发送任务定时任务开始执行...
[2024-03-27 18:09:23.353870] connect to MySQL:Success
[2024-03-27 18:09:23.416463] Disconnect mysql
[2024-03-27 18:09:24.079332] connect to MySQL:Success
[2024-03-27 18:09:24.127426] Disconnect mysql
[2024-03-27 18:09:24.141190] connect to MySQL:Success
[2024-03-27 18:09:24.141190] connect to MySQL:Success
[2024-03-27 18:09:24.141190] connect to MySQL:Success
[2024-03-27 18:09:24.141747] connect to MySQL:Success
[2024-03-27 18:09:24.141747] connect to MySQL:Success
[2024-03-27 18:09:24.141747] 线程3: 第2个订单拼接字符串开始！
[2024-03-27 18:09:24.141747] 线程2: 第1个订单拼接字符串开始！
[2024-03-27 18:09:24.141747] 线程1: 第5个订单拼接字符串开始！
[2024-03-27 18:09:24.142783] 线程5: 第4个订单拼接字符串开始！
[2024-03-27 18:09:24.142783] 线程4: 第3个订单拼接字符串开始！
[2024-03-27 18:09:24.150514] 线程1: 第5个订单拼接字符串结束
[2024-03-27 18:09:24.151526] Disconnect mysql
[2024-03-27 18:09:24.152547] 线程3: 第2个订单拼接字符串结束
[2024-03-27 18:09:24.153586] Disconnect mysql
[2024-03-27 18:09:24.154600] 线程5: 第4个订单拼接字符串结束
[2024-03-27 18:09:24.154600] 线程4: 第3个订单拼接字符串结束
[2024-03-27 18:09:24.155630] 线程2: 第1个订单拼接字符串结束
[2024-03-27 18:09:24.155630] Disconnect mysql
[2024-03-27 18:09:24.155630] Disconnect mysql
[2024-03-27 18:09:24.156685] Disconnect mysql
[2024-03-27 18:09:24.158754] connect to MySQL:Success
[2024-03-27 18:09:24.159777] 线程1: 第5个订单发送开始
[2024-03-27 18:09:24.163438] connect to MySQL:Success
[2024-03-27 18:09:24.163438] 线程3: 第2个订单发送开始
[2024-03-27 18:09:24.166585] connect to MySQL:Success
[2024-03-27 18:09:24.167149] connect to MySQL:Success
[2024-03-27 18:09:24.167149] connect to MySQL:Success
[2024-03-27 18:09:24.167149] 线程4: 第3个订单发送开始
[2024-03-27 18:09:24.168164] 线程5: 第4个订单发送开始
[2024-03-27 18:09:24.169169] 线程2: 第1个订单发送开始
[2024-03-27 18:09:27.983879] 线程2: 第1个订单发送结束
[2024-03-27 18:09:27.983879] 线程5: 第4个订单发送结束
[2024-03-27 18:09:27.985886] 线程4: 第3个订单发送结束
[2024-03-27 18:09:27.986900] 线程3: 第2个订单发送结束
[2024-03-27 18:09:27.987922] 线程1: 第5个订单发送结束
[2024-03-27 18:09:27.991539] connect to MySQL:Success
[2024-03-27 18:09:27.992576] connect to MySQL:Success
[2024-03-27 18:09:27.992576] connect to MySQL:Success
[2024-03-27 18:09:27.992576] 线程3: 第7个订单拼接字符串开始！
[2024-03-27 18:09:27.992576] 线程2: 第6个订单拼接字符串开始！
[2024-03-27 18:09:27.993598] 线程4: 第8个订单拼接字符串开始！
[2024-03-27 18:09:27.993598] connect to MySQL:Success
[2024-03-27 18:09:27.994628] 线程5: 第9个订单拼接字符串开始！
[2024-03-27 18:09:27.994628] connect to MySQL:Success
[2024-03-27 18:09:27.995655] 线程1: 第10个订单拼接字符串开始！
[2024-03-27 18:09:28.003223] 线程3: 第7个订单拼接字符串结束
[2024-03-27 18:09:28.004219] 线程2: 第6个订单拼接字符串结束
[2024-03-27 18:09:28.005249] Disconnect mysql
[2024-03-27 18:09:28.005249] 线程5: 第9个订单拼接字符串结束
[2024-03-27 18:09:28.005249] 线程4: 第8个订单拼接字符串结束
[2024-03-27 18:09:28.005249] Disconnect mysql
[2024-03-27 18:09:28.005249] 线程1: 第10个订单拼接字符串结束
[2024-03-27 18:09:28.006287] Disconnect mysql
[2024-03-27 18:09:28.007336] Disconnect mysql
[2024-03-27 18:09:28.007336] Disconnect mysql
[2024-03-27 18:09:28.010419] connect to MySQL:Success
[2024-03-27 18:09:28.011963] 线程3: 第7个订单发送开始
[2024-03-27 18:09:28.011963] connect to MySQL:Success
[2024-03-27 18:09:28.013998] 线程2: 第6个订单发送开始
[2024-03-27 18:09:28.016071] connect to MySQL:Success
[2024-03-27 18:09:28.016071] 线程1: 第10个订单发送开始
[2024-03-27 18:09:28.021214] connect to MySQL:Success
[2024-03-27 18:09:28.022789] connect to MySQL:Success
[2024-03-27 18:09:28.023827] 线程4: 第8个订单发送开始
[2024-03-27 18:09:28.023827] 线程5: 第9个订单发送开始
[2024-03-27 18:09:28.296501] 线程3: 第7个订单发送结束
[2024-03-27 18:09:28.298087] 线程1: 第10个订单发送结束
[2024-03-27 18:09:28.409782] 线程4: 第8个订单发送结束
[2024-03-27 18:09:28.414428] 线程5: 第9个订单发送结束
[2024-03-27 18:09:43.433552] 线程2: 第6个订单发送结束
[2024-03-27 18:09:43.434510] 线程 线程2 执行了 2 次任务
[2024-03-27 18:09:43.435536] 线程 线程3 执行了 2 次任务
[2024-03-27 18:09:43.436557] 线程 线程4 执行了 2 次任务
[2024-03-27 18:09:43.437577] 线程 线程5 执行了 2 次任务
[2024-03-27 18:09:43.437577] 线程 线程1 执行了 2 次任务
[2024-03-27 18:09:43.438584] 对账单1发送结束
[2024-03-27 18:09:43.438584] 本次发送定时任务结束
