[2024-03-20 08:55:21.387120] 明厨亮灶发送数据开始程序执行
[2024-03-20 08:55:21.388160] 财务应付单 发送任务定时任务开始执行...
[2024-03-20 08:55:21.403687] connect to MySQL:Success
[2024-03-20 08:55:22.026733] Disconnect mysql
[2024-03-20 08:55:22.033518] connect to MySQL:Success
[2024-03-20 08:55:22.106050] Disconnect mysql
[2024-03-20 08:55:22.113776] connect to MySQL:Success
[2024-03-20 08:55:22.113776] connect to MySQL:Success
[2024-03-20 08:55:22.114810] 线程2: 第1个订单拼接字符串开始！
[2024-03-20 08:55:22.114810] 线程1: 第1个订单拼接字符串开始！
[2024-03-20 08:55:22.164658] 线程2: 第1个订单拼接字符串结束
[2024-03-20 08:55:22.165713] Disconnect mysql
[2024-03-20 08:55:22.171446] 线程1: 第1个订单拼接字符串结束
[2024-03-20 08:55:22.173482] Disconnect mysql
[2024-03-20 08:55:22.727692] connect to MySQL:Success
[2024-03-20 08:55:22.727692] 线程2: 第1个订单发送开始
[2024-03-20 08:55:22.735965] connect to MySQL:Success
[2024-03-20 08:55:22.736511] 线程1: 第1个订单发送开始
[2024-03-20 08:55:24.158277] 线程1: 第1个订单发送结束
[2024-03-20 08:55:24.165424] connect to MySQL:Success
[2024-03-20 08:55:24.165424] connect to MySQL:Success
[2024-03-20 08:55:24.166460] 线程1: 第2个订单拼接字符串开始！
[2024-03-20 08:55:24.166460] 线程2: 第2个订单拼接字符串开始！
[2024-03-20 08:55:24.214035] 线程2: 第2个订单拼接字符串结束
[2024-03-20 08:55:24.215062] Disconnect mysql
[2024-03-20 08:55:24.216114] 线程1: 第2个订单拼接字符串结束
[2024-03-20 08:55:24.217128] Disconnect mysql
[2024-03-20 08:55:24.224820] connect to MySQL:Success
[2024-03-20 08:55:24.225886] connect to MySQL:Success
[2024-03-20 08:55:24.225886] 线程2: 第2个订单发送开始
[2024-03-20 08:55:24.225886] 线程1: 第2个订单发送开始
[2024-03-20 08:55:24.357517] 线程2: 第2个订单发送结束
[2024-03-20 08:55:24.360625] 线程1: 第2个订单发送结束
[2024-03-20 08:55:24.367401] connect to MySQL:Success
[2024-03-20 08:55:24.368442] 线程2: 第3个订单拼接字符串开始！
[2024-03-20 08:55:24.371514] connect to MySQL:Success
[2024-03-20 08:55:24.371514] 线程1: 第3个订单拼接字符串开始！
[2024-03-20 08:55:24.421096] 线程1: 第3个订单拼接字符串结束
[2024-03-20 08:55:24.421096] 线程2: 第3个订单拼接字符串结束
[2024-03-20 08:55:24.422118] Disconnect mysql
[2024-03-20 08:55:24.422118] Disconnect mysql
[2024-03-20 08:55:24.431902] connect to MySQL:Success
[2024-03-20 08:55:24.432967] connect to MySQL:Success
[2024-03-20 08:55:24.432967] 线程1: 第3个订单发送开始
[2024-03-20 08:55:24.433989] 线程2: 第3个订单发送开始
[2024-03-20 08:55:24.550238] 线程2: 第3个订单发送结束
[2024-03-20 08:55:24.557933] connect to MySQL:Success
[2024-03-20 08:55:24.558962] 线程2: 第4个订单拼接字符串开始！
[2024-03-20 08:55:24.579357] 线程1: 第3个订单发送结束
[2024-03-20 08:55:24.586046] connect to MySQL:Success
[2024-03-20 08:55:24.587057] 线程1: 第4个订单拼接字符串开始！
[2024-03-20 08:55:24.604511] 线程2: 第4个订单拼接字符串结束
[2024-03-20 08:55:24.605527] Disconnect mysql
[2024-03-20 08:55:24.614256] connect to MySQL:Success
[2024-03-20 08:55:24.615309] 线程2: 第4个订单发送开始
[2024-03-20 08:55:24.639691] 线程1: 第4个订单拼接字符串结束
[2024-03-20 08:55:24.639691] Disconnect mysql
[2024-03-20 08:55:24.657314] connect to MySQL:Success
[2024-03-20 08:55:24.657314] 线程1: 第4个订单发送开始
[2024-03-20 08:55:24.744141] 线程2: 第4个订单发送结束
[2024-03-20 08:55:24.751286] connect to MySQL:Success
[2024-03-20 08:55:24.752320] 线程2: 第5个订单拼接字符串开始！
[2024-03-20 08:55:24.763694] 线程1: 第4个订单发送结束
[2024-03-20 08:55:24.769868] connect to MySQL:Success
[2024-03-20 08:55:24.769868] 线程1: 第5个订单拼接字符串开始！
[2024-03-20 08:55:24.803784] 线程2: 第5个订单拼接字符串结束
[2024-03-20 08:55:24.804804] Disconnect mysql
[2024-03-20 08:55:24.817696] 线程1: 第5个订单拼接字符串结束
[2024-03-20 08:55:24.817696] Disconnect mysql
[2024-03-20 08:55:24.823363] connect to MySQL:Success
[2024-03-20 08:55:24.823363] 线程2: 第5个订单发送开始
[2024-03-20 08:55:24.835195] connect to MySQL:Success
[2024-03-20 08:55:24.835195] 线程1: 第5个订单发送开始
[2024-03-20 08:55:24.946678] 线程1: 第5个订单发送结束
[2024-03-20 08:55:24.946678] 线程2: 第5个订单发送结束
[2024-03-20 08:55:24.948241] 对账单1发送结束
[2024-03-20 08:55:24.963101] connect to MySQL:Success
[2024-03-20 08:55:25.027402] Disconnect mysql
[2024-03-20 08:55:25.040273] connect to MySQL:Success
[2024-03-20 08:55:25.040273] connect to MySQL:Success
[2024-03-20 08:55:25.041301] 线程2: 第1个订单拼接字符串开始！
[2024-03-20 08:55:25.041301] 线程1: 第1个订单拼接字符串开始！
[2024-03-20 08:55:25.095060] 线程1: 第1个订单拼接字符串结束
[2024-03-20 08:55:25.095060] 线程2: 第1个订单拼接字符串结束
[2024-03-20 08:55:25.095060] Disconnect mysql
[2024-03-20 08:55:25.096094] Disconnect mysql
[2024-03-20 08:55:25.104941] connect to MySQL:Success
[2024-03-20 08:55:25.105488] 线程2: 第1个订单发送开始
[2024-03-20 08:55:25.112698] connect to MySQL:Success
[2024-03-20 08:55:25.112698] 线程1: 第1个订单发送开始
[2024-03-20 08:55:25.224698] 线程1: 第1个订单发送结束
[2024-03-20 08:55:25.224698] 线程2: 第1个订单发送结束
[2024-03-20 08:55:25.232487] connect to MySQL:Success
[2024-03-20 08:55:25.233519] 线程2: 第2个订单拼接字符串开始！
[2024-03-20 08:55:25.239219] connect to MySQL:Success
[2024-03-20 08:55:25.239219] 线程1: 第2个订单拼接字符串开始！
[2024-03-20 08:55:25.280515] 线程2: 第2个订单拼接字符串结束
[2024-03-20 08:55:25.281546] Disconnect mysql
[2024-03-20 08:55:25.288175] 线程1: 第2个订单拼接字符串结束
[2024-03-20 08:55:25.289175] Disconnect mysql
[2024-03-20 08:55:25.300049] connect to MySQL:Success
[2024-03-20 08:55:25.301088] 线程2: 第2个订单发送开始
[2024-03-20 08:55:25.303683] connect to MySQL:Success
[2024-03-20 08:55:25.304765] 线程1: 第2个订单发送开始
[2024-03-20 08:55:25.411470] 线程1: 第2个订单发送结束
[2024-03-20 08:55:25.414124] 线程2: 第2个订单发送结束
[2024-03-20 08:55:25.422823] connect to MySQL:Success
[2024-03-20 08:55:25.423852] 线程1: 第3个订单拼接字符串开始！
[2024-03-20 08:55:25.431626] connect to MySQL:Success
[2024-03-20 08:55:25.432645] 线程2: 第3个订单拼接字符串开始！
[2024-03-20 08:55:25.482505] 线程2: 第3个订单拼接字符串结束
[2024-03-20 08:55:25.482505] Disconnect mysql
[2024-03-20 08:55:25.489265] 线程1: 第3个订单拼接字符串结束
[2024-03-20 08:55:25.490281] Disconnect mysql
[2024-03-20 08:55:25.498016] connect to MySQL:Success
[2024-03-20 08:55:25.499046] 线程1: 第3个订单发送开始
[2024-03-20 08:55:25.502173] connect to MySQL:Success
[2024-03-20 08:55:25.502173] 线程2: 第3个订单发送开始
[2024-03-20 08:55:25.600678] 线程1: 第3个订单发送结束
[2024-03-20 08:55:25.608493] connect to MySQL:Success
[2024-03-20 08:55:25.608493] 线程1: 第4个订单拼接字符串开始！
[2024-03-20 08:55:25.617347] 线程2: 第3个订单发送结束
[2024-03-20 08:55:25.624056] connect to MySQL:Success
[2024-03-20 08:55:25.625084] 线程2: 第4个订单拼接字符串开始！
[2024-03-20 08:55:25.660203] 线程1: 第4个订单拼接字符串结束
[2024-03-20 08:55:25.660203] Disconnect mysql
[2024-03-20 08:55:25.671048] 线程2: 第4个订单拼接字符串结束
[2024-03-20 08:55:25.671048] Disconnect mysql
[2024-03-20 08:55:25.677820] connect to MySQL:Success
[2024-03-20 08:55:25.677820] 线程1: 第4个订单发送开始
[2024-03-20 08:55:25.680927] connect to MySQL:Success
[2024-03-20 08:55:25.680927] 线程2: 第4个订单发送开始
[2024-03-20 08:55:25.804683] 线程2: 第4个订单发送结束
[2024-03-20 08:55:25.807859] 线程1: 第4个订单发送结束
[2024-03-20 08:55:25.817683] connect to MySQL:Success
[2024-03-20 08:55:25.818721] 线程1: 第5个订单拼接字符串开始！
[2024-03-20 08:55:25.819269] connect to MySQL:Success
[2024-03-20 08:55:25.820308] 线程2: 第5个订单拼接字符串开始！
[2024-03-20 08:55:25.868540] 线程2: 第5个订单拼接字符串结束
[2024-03-20 08:55:25.870117] Disconnect mysql
[2024-03-20 08:55:25.870117] 线程1: 第5个订单拼接字符串结束
[2024-03-20 08:55:25.871149] Disconnect mysql
[2024-03-20 08:55:25.881994] connect to MySQL:Success
[2024-03-20 08:55:25.881994] 线程2: 第5个订单发送开始
[2024-03-20 08:55:25.890805] connect to MySQL:Success
[2024-03-20 08:55:25.891843] 线程1: 第5个订单发送开始
[2024-03-20 08:55:25.979574] 线程2: 第5个订单发送结束
[2024-03-20 08:55:25.995178] connect to MySQL:Success
[2024-03-20 08:55:25.996203] 线程2: 第6个订单拼接字符串开始！
[2024-03-20 08:55:26.002902] 线程1: 第5个订单发送结束
[2024-03-20 08:55:26.009120] connect to MySQL:Success
[2024-03-20 08:55:26.010171] 线程1: 第6个订单拼接字符串开始！
[2024-03-20 08:55:26.043368] 线程2: 第6个订单拼接字符串结束
[2024-03-20 08:55:26.043917] Disconnect mysql
[2024-03-20 08:55:26.055806] 线程1: 第6个订单拼接字符串结束
[2024-03-20 08:55:26.056816] Disconnect mysql
[2024-03-20 08:55:26.062473] connect to MySQL:Success
[2024-03-20 08:55:26.063515] 线程2: 第6个订单发送开始
[2024-03-20 08:55:26.068631] connect to MySQL:Success
[2024-03-20 08:55:26.069669] 线程1: 第6个订单发送开始
[2024-03-20 08:55:26.178675] 线程2: 第6个订单发送结束
[2024-03-20 08:55:26.186487] 线程1: 第6个订单发送结束
[2024-03-20 08:55:26.187532] 对账单2发送结束
[2024-03-20 08:55:26.188529] 本次发送定时任务结束
[2024-03-20 17:50:01.031037] 明厨亮灶发送数据开始程序执行
[2024-03-20 17:50:01.032055] 财务应付单 发送任务定时任务开始执行...
[2024-03-20 17:50:01.049697] connect to MySQL:Success
[2024-03-20 17:50:01.599649] Disconnect mysql
[2024-03-20 17:50:01.615270] connect to MySQL:Success
[2024-03-20 17:50:01.688249] Disconnect mysql
[2024-03-20 17:50:01.696038] connect to MySQL:Success
[2024-03-20 17:50:01.696038] connect to MySQL:Success
[2024-03-20 17:50:01.696038] 线程1: 第1个订单拼接字符串开始！
[2024-03-20 17:50:01.697086] 线程2: 第1个订单拼接字符串开始！
[2024-03-20 17:50:01.753867] 线程1: 第1个订单拼接字符串结束
[2024-03-20 17:50:01.753867] 线程2: 第1个订单拼接字符串结束
[2024-03-20 17:50:01.754913] Disconnect mysql
[2024-03-20 17:50:01.754913] Disconnect mysql
[2024-03-20 17:50:02.171673] connect to MySQL:Success
[2024-03-20 17:50:02.172703] 线程2: 第1个订单发送开始
[2024-03-20 17:50:02.191417] connect to MySQL:Success
[2024-03-20 17:50:02.192449] 线程1: 第1个订单发送开始
[2024-03-20 17:50:02.906104] 线程2: 第1个订单发送结束
[2024-03-20 17:50:02.908196] 线程1: 第1个订单发送结束
[2024-03-20 17:50:02.913921] connect to MySQL:Success
[2024-03-20 17:50:02.913921] connect to MySQL:Success
[2024-03-20 17:50:02.913921] 线程2: 第2个订单拼接字符串开始！
[2024-03-20 17:50:02.914955] 线程1: 第2个订单拼接字符串开始！
[2024-03-20 17:50:02.965800] 线程2: 第2个订单拼接字符串结束
[2024-03-20 17:50:02.965800] Disconnect mysql
[2024-03-20 17:50:02.967428] 线程1: 第2个订单拼接字符串结束
[2024-03-20 17:50:02.969495] Disconnect mysql
[2024-03-20 17:50:02.974194] connect to MySQL:Success
[2024-03-20 17:50:02.975231] 线程2: 第2个订单发送开始
[2024-03-20 17:50:02.985070] connect to MySQL:Success
[2024-03-20 17:50:02.985070] 线程1: 第2个订单发送开始
[2024-03-20 17:50:03.097640] 线程1: 第2个订单发送结束
[2024-03-20 17:50:03.099225] 线程2: 第2个订单发送结束
[2024-03-20 17:50:03.105388] connect to MySQL:Success
[2024-03-20 17:50:03.105388] 线程2: 第3个订单拼接字符串开始！
[2024-03-20 17:50:03.113146] connect to MySQL:Success
[2024-03-20 17:50:03.114193] 线程1: 第3个订单拼接字符串开始！
[2024-03-20 17:50:03.157081] 线程2: 第3个订单拼接字符串结束
[2024-03-20 17:50:03.158102] Disconnect mysql
[2024-03-20 17:50:03.163833] 线程1: 第3个订单拼接字符串结束
[2024-03-20 17:50:03.164901] Disconnect mysql
[2024-03-20 17:50:03.167541] connect to MySQL:Success
[2024-03-20 17:50:03.167541] 线程2: 第3个订单发送开始
[2024-03-20 17:50:03.173789] connect to MySQL:Success
[2024-03-20 17:50:03.173789] 线程1: 第3个订单发送开始
[2024-03-20 17:50:03.291944] 线程1: 第3个订单发送结束
[2024-03-20 17:50:03.294582] 线程2: 第3个订单发送结束
[2024-03-20 17:50:03.306486] connect to MySQL:Success
[2024-03-20 17:50:03.307519] 线程1: 第4个订单拼接字符串开始！
[2024-03-20 17:50:03.308552] connect to MySQL:Success
[2024-03-20 17:50:03.309596] 线程2: 第4个订单拼接字符串开始！
[2024-03-20 17:50:03.361308] 线程2: 第4个订单拼接字符串结束
[2024-03-20 17:50:03.361308] 线程1: 第4个订单拼接字符串结束
[2024-03-20 17:50:03.361828] Disconnect mysql
[2024-03-20 17:50:03.361828] Disconnect mysql
[2024-03-20 17:50:03.371013] connect to MySQL:Success
[2024-03-20 17:50:03.371013] connect to MySQL:Success
[2024-03-20 17:50:03.371013] 线程2: 第4个订单发送开始
[2024-03-20 17:50:03.372057] 线程1: 第4个订单发送开始
[2024-03-20 17:50:03.488150] 线程1: 第4个订单发送结束
[2024-03-20 17:50:03.503704] connect to MySQL:Success
[2024-03-20 17:50:03.504750] 线程1: 第5个订单拼接字符串开始！
[2024-03-20 17:50:03.507366] 线程2: 第4个订单发送结束
[2024-03-20 17:50:03.522962] connect to MySQL:Success
[2024-03-20 17:50:03.522962] 线程2: 第5个订单拼接字符串开始！
[2024-03-20 17:50:03.557197] 线程1: 第5个订单拼接字符串结束
[2024-03-20 17:50:03.558200] Disconnect mysql
[2024-03-20 17:50:03.575192] connect to MySQL:Success
[2024-03-20 17:50:03.575192] 线程2: 第5个订单拼接字符串结束
[2024-03-20 17:50:03.575734] 线程1: 第5个订单发送开始
[2024-03-20 17:50:03.575734] Disconnect mysql
[2024-03-20 17:50:03.593608] connect to MySQL:Success
[2024-03-20 17:50:03.594643] 线程2: 第5个订单发送开始
[2024-03-20 17:50:03.691078] 线程2: 第5个订单发送结束
[2024-03-20 17:50:03.693134] 线程1: 第5个订单发送结束
[2024-03-20 17:50:03.694169] 对账单1发送结束
[2024-03-20 17:50:03.699898] connect to MySQL:Success
[2024-03-20 17:50:03.758457] Disconnect mysql
[2024-03-20 17:50:03.765112] connect to MySQL:Success
[2024-03-20 17:50:03.766137] connect to MySQL:Success
[2024-03-20 17:50:03.766137] 线程1: 第1个订单拼接字符串开始！
[2024-03-20 17:50:03.766137] 线程2: 第1个订单拼接字符串开始！
[2024-03-20 17:50:03.820155] 线程2: 第1个订单拼接字符串结束
[2024-03-20 17:50:03.820155] 线程1: 第1个订单拼接字符串结束
[2024-03-20 17:50:03.821192] Disconnect mysql
[2024-03-20 17:50:03.821192] Disconnect mysql
[2024-03-20 17:50:03.830937] connect to MySQL:Success
[2024-03-20 17:50:03.831953] 线程1: 第1个订单发送开始
[2024-03-20 17:50:03.839761] connect to MySQL:Success
[2024-03-20 17:50:03.840789] 线程2: 第1个订单发送开始
[2024-03-20 17:50:03.949991] 线程1: 第1个订单发送结束
[2024-03-20 17:50:03.955721] 线程2: 第1个订单发送结束
[2024-03-20 17:50:03.958786] connect to MySQL:Success
[2024-03-20 17:50:03.959806] 线程1: 第2个订单拼接字符串开始！
[2024-03-20 17:50:03.961829] connect to MySQL:Success
[2024-03-20 17:50:03.962844] 线程2: 第2个订单拼接字符串开始！
[2024-03-20 17:50:04.013562] 线程2: 第2个订单拼接字符串结束
[2024-03-20 17:50:04.014605] Disconnect mysql
[2024-03-20 17:50:04.031855] connect to MySQL:Success
[2024-03-20 17:50:04.032903] 线程2: 第2个订单发送开始
[2024-03-20 17:50:04.050435] 线程1: 第2个订单拼接字符串结束
[2024-03-20 17:50:04.051467] Disconnect mysql
[2024-03-20 17:50:04.063132] connect to MySQL:Success
[2024-03-20 17:50:04.063132] 线程1: 第2个订单发送开始
[2024-03-20 17:50:04.143112] 线程2: 第2个订单发送结束
[2024-03-20 17:50:04.149974] connect to MySQL:Success
[2024-03-20 17:50:04.150994] 线程2: 第3个订单拼接字符串开始！
[2024-03-20 17:50:04.177289] 线程1: 第2个订单发送结束
[2024-03-20 17:50:04.193215] connect to MySQL:Success
[2024-03-20 17:50:04.193215] 线程1: 第3个订单拼接字符串开始！
[2024-03-20 17:50:04.200912] 线程2: 第3个订单拼接字符串结束
[2024-03-20 17:50:04.201942] Disconnect mysql
[2024-03-20 17:50:04.209661] connect to MySQL:Success
[2024-03-20 17:50:04.210682] 线程2: 第3个订单发送开始
[2024-03-20 17:50:04.248871] 线程1: 第3个订单拼接字符串结束
[2024-03-20 17:50:04.249893] Disconnect mysql
[2024-03-20 17:50:04.267371] connect to MySQL:Success
[2024-03-20 17:50:04.268387] 线程1: 第3个订单发送开始
[2024-03-20 17:50:04.356258] 线程2: 第3个订单发送结束
[2024-03-20 17:50:04.371662] connect to MySQL:Success
[2024-03-20 17:50:04.371662] 线程2: 第4个订单拼接字符串开始！
[2024-03-20 17:50:04.385443] 线程1: 第3个订单发送结束
[2024-03-20 17:50:04.391138] connect to MySQL:Success
[2024-03-20 17:50:04.392176] 线程1: 第4个订单拼接字符串开始！
[2024-03-20 17:50:04.422738] 线程2: 第4个订单拼接字符串结束
[2024-03-20 17:50:04.424296] Disconnect mysql
[2024-03-20 17:50:04.441175] 线程1: 第4个订单拼接字符串结束
[2024-03-20 17:50:04.441175] connect to MySQL:Success
[2024-03-20 17:50:04.442186] 线程2: 第4个订单发送开始
[2024-03-20 17:50:04.442186] Disconnect mysql
[2024-03-20 17:50:04.460725] connect to MySQL:Success
[2024-03-20 17:50:04.461750] 线程1: 第4个订单发送开始
[2024-03-20 17:50:04.574785] 线程2: 第4个订单发送结束
[2024-03-20 17:50:04.591421] connect to MySQL:Success
[2024-03-20 17:50:04.591421] 线程2: 第5个订单拼接字符串开始！
[2024-03-20 17:50:04.601286] 线程1: 第4个订单发送结束
[2024-03-20 17:50:04.608071] connect to MySQL:Success
[2024-03-20 17:50:04.608071] 线程1: 第5个订单拼接字符串开始！
[2024-03-20 17:50:04.646951] 线程2: 第5个订单拼接字符串结束
[2024-03-20 17:50:04.646951] Disconnect mysql
[2024-03-20 17:50:04.658855] connect to MySQL:Success
[2024-03-20 17:50:04.659886] 线程2: 第5个订单发送开始
[2024-03-20 17:50:04.661924] 线程1: 第5个订单拼接字符串结束
[2024-03-20 17:50:04.662953] Disconnect mysql
[2024-03-20 17:50:04.672741] connect to MySQL:Success
[2024-03-20 17:50:04.673311] 线程1: 第5个订单发送开始
[2024-03-20 17:50:04.772958] 线程1: 第5个订单发送结束
[2024-03-20 17:50:04.775001] 线程2: 第5个订单发送结束
[2024-03-20 17:50:04.788835] connect to MySQL:Success
[2024-03-20 17:50:04.788835] 线程1: 第6个订单拼接字符串开始！
[2024-03-20 17:50:04.789866] connect to MySQL:Success
[2024-03-20 17:50:04.789866] 线程2: 第6个订单拼接字符串开始！
[2024-03-20 17:50:04.842600] 线程2: 第6个订单拼接字符串结束
[2024-03-20 17:50:04.842600] 线程1: 第6个订单拼接字符串结束
[2024-03-20 17:50:04.842600] Disconnect mysql
[2024-03-20 17:50:04.843619] Disconnect mysql
[2024-03-20 17:50:04.851241] connect to MySQL:Success
[2024-03-20 17:50:04.851241] 线程2: 第6个订单发送开始
[2024-03-20 17:50:04.862067] connect to MySQL:Success
[2024-03-20 17:50:04.863087] 线程1: 第6个订单发送开始
[2024-03-20 17:50:04.946724] 线程2: 第6个订单发送结束
[2024-03-20 17:50:04.955879] 线程1: 第6个订单发送结束
[2024-03-20 17:50:04.956880] 对账单2发送结束
[2024-03-20 17:50:04.956880] 本次发送定时任务结束
