[2024-03-28 08:44:29.051945] 明厨亮灶发送数据开始程序执行
[2024-03-28 08:44:29.054515] 财务暂估应收单 发送任务定时任务开始执行...
[2024-03-28 08:44:29.063322] connect to MySQL:Success
[2024-03-28 08:44:29.150354] Disconnect mysql
[2024-03-28 08:44:29.846689] connect to MySQL:Success
[2024-03-28 08:44:29.847732] 线程2: 第1个订单拼接字符串开始！
[2024-03-28 08:44:29.932541] Disconnect mysql
[2024-03-28 08:44:29.940220] connect to MySQL:Success
[2024-03-28 08:44:29.941243] 线程2: 第1个订单发送开始
[2024-03-28 08:44:31.491887] 线程2: 第1个订单发送结束
[2024-03-28 08:44:31.492918] 线程 线程2 执行了 1 次任务
[2024-03-28 08:50:18.941886] 明厨亮灶发送数据开始程序执行
[2024-03-28 08:50:18.942949] 财务暂估应收单 发送任务定时任务开始执行...
[2024-03-28 08:50:18.952768] connect to MySQL:Success
[2024-03-28 08:50:19.095441] Disconnect mysql
[2024-03-28 08:50:19.119823] connect to MySQL:Success
[2024-03-28 08:50:19.120873] 线程2: 第1个订单拼接字符串开始！
[2024-03-28 08:50:19.206572] Disconnect mysql
[2024-03-28 08:50:19.222174] connect to MySQL:Success
[2024-03-28 08:50:19.223187] 线程2: 第1个订单发送开始
[2024-03-28 08:50:19.344470] 线程2: 第1个订单发送结束
[2024-03-28 08:50:19.346047] 线程 线程2 执行了 1 次任务
[2024-03-28 08:51:51.536945] 明厨亮灶发送数据开始程序执行
[2024-03-28 08:51:51.537991] 财务暂估应付单 发送任务定时任务开始执行...
[2024-03-28 08:51:51.544722] connect to MySQL:Success
[2024-03-28 08:51:51.620651] Disconnect mysql
[2024-03-28 08:51:51.633449] connect to MySQL:Success
[2024-03-28 08:51:51.634474] 线程2: 第1个订单拼接字符串开始！
[2024-03-28 08:51:51.636533] Disconnect mysql
[2024-03-28 08:51:51.661701] connect to MySQL:Success
[2024-03-28 08:51:51.662702] 线程2: 第1个订单发送开始
[2024-03-28 08:51:51.981317] 线程2: 第1个订单发送结束
[2024-03-28 08:51:51.982910] 线程 线程2 执行了 1 次任务
[2024-03-28 08:54:23.330505] 明厨亮灶发送数据开始程序执行
[2024-03-28 08:54:23.331548] 财务暂估应付单 发送任务定时任务开始执行...
[2024-03-28 08:54:23.348204] connect to MySQL:Success
[2024-03-28 08:54:23.423371] Disconnect mysql
[2024-03-28 08:54:23.445802] connect to MySQL:Success
[2024-03-28 08:54:23.446834] 线程2: 第1个订单拼接字符串开始！
[2024-03-28 08:54:23.467180] Disconnect mysql
[2024-03-28 08:54:23.478696] connect to MySQL:Success
[2024-03-28 08:54:23.479702] 线程2: 第1个订单发送开始
[2024-03-28 08:54:23.610456] 线程2: 第1个订单发送结束
[2024-03-28 08:54:23.611491] 线程 线程2 执行了 1 次任务
[2024-03-28 09:18:16.687756] 明厨亮灶发送数据开始程序执行
[2024-03-28 09:18:16.688790] 财务暂估应付单 发送任务定时任务开始执行...
[2024-03-28 09:18:16.695504] connect to MySQL:Success
[2024-03-28 09:18:16.772653] Disconnect mysql
[2024-03-28 09:18:16.785621] connect to MySQL:Success
[2024-03-28 09:18:16.786669] 线程2: 第1个订单拼接字符串开始！
[2024-03-28 09:18:16.792427] Disconnect mysql
[2024-03-28 09:18:16.798134] connect to MySQL:Success
[2024-03-28 09:18:16.799180] 线程2: 第1个订单发送开始
[2024-03-28 09:18:16.902749] 线程2: 第1个订单发送结束
[2024-03-28 09:18:16.903798] 线程 线程2 执行了 1 次任务
[2024-03-28 09:19:55.650503] 明厨亮灶发送数据开始程序执行
[2024-03-28 09:19:55.651530] 财务暂估应付单 发送任务定时任务开始执行...
[2024-03-28 09:19:55.658249] connect to MySQL:Success
[2024-03-28 09:19:55.730823] Disconnect mysql
[2024-03-28 09:19:55.756228] connect to MySQL:Success
[2024-03-28 09:19:55.757245] 线程2: 第1个订单拼接字符串开始！
[2024-03-28 09:19:55.762936] 线程2: 第1个订单拼接字符串结束
[2024-03-28 09:19:55.763966] Disconnect mysql
[2024-03-28 09:19:55.778512] connect to MySQL:Success
[2024-03-28 09:19:55.779555] 线程2: 第1个订单发送开始
[2024-03-28 09:19:59.998785] 线程2: 第1个订单发送结束
[2024-03-28 09:19:59.999834] 线程 线程2 执行了 1 次任务
[2024-03-28 09:21:29.806351] 明厨亮灶发送数据开始程序执行
[2024-03-28 09:21:29.806351] 财务暂估应收单 发送任务定时任务开始执行...
[2024-03-28 09:21:29.823963] connect to MySQL:Success
[2024-03-28 09:21:29.954796] Disconnect mysql
[2024-03-28 09:21:29.968313] connect to MySQL:Success
[2024-03-28 09:21:29.969348] 线程2: 第1个订单拼接字符串开始！
[2024-03-28 09:21:30.041979] 线程2: 第1个订单拼接字符串结束
[2024-03-28 09:21:30.042990] Disconnect mysql
[2024-03-28 09:21:30.048676] connect to MySQL:Success
[2024-03-28 09:21:30.048676] 线程2: 第1个订单发送开始
[2024-03-28 09:21:31.265555] 线程2: 第1个订单发送结束
[2024-03-28 09:21:31.266129] 线程 线程2 执行了 1 次任务
[2024-03-28 09:34:40.034765] 明厨亮灶发送数据开始程序执行
[2024-03-28 09:34:40.035807] 财务暂估应收单 发送任务定时任务开始执行...
[2024-03-28 09:34:40.044604] connect to MySQL:Success
[2024-03-28 09:34:40.134790] Disconnect mysql
[2024-03-28 09:34:40.157145] connect to MySQL:Success
[2024-03-28 09:34:40.158192] 线程2: 第1个订单拼接字符串开始！
[2024-03-28 09:34:40.163889] 线程2: 第1个订单拼接字符串结束
[2024-03-28 09:34:40.163889] Disconnect mysql
[2024-03-28 09:34:40.170606] connect to MySQL:Success
[2024-03-28 09:34:40.171646] 线程2: 第1个订单发送开始
[2024-03-28 09:34:42.832537] 线程2: 第1个订单发送结束
[2024-03-28 09:34:42.833568] 线程 线程2 执行了 1 次任务
[2024-03-28 09:35:33.049900] 明厨亮灶发送数据开始程序执行
[2024-03-28 09:35:33.050935] 开票申请单 发送任务定时任务开始执行...
[2024-03-28 09:35:33.067493] connect to MySQL:Success
[2024-03-28 09:35:33.132813] Disconnect mysql
[2024-03-28 09:35:33.145275] connect to MySQL:Success
[2024-03-28 09:35:33.214920] Disconnect mysql
[2024-03-28 09:35:33.237123] connect to MySQL:Success
[2024-03-28 09:35:33.237123] connect to MySQL:Success
[2024-03-28 09:35:33.237123] connect to MySQL:Success
[2024-03-28 09:35:33.238179] connect to MySQL:Success
[2024-03-28 09:35:33.238179] 线程2: 第1个订单拼接字符串开始！
[2024-03-28 09:35:33.238179] 线程3: 第2个订单拼接字符串开始！
[2024-03-28 09:35:33.238179] 线程5: 第4个订单拼接字符串开始！
[2024-03-28 09:35:33.239216] 线程4: 第3个订单拼接字符串开始！
[2024-03-28 09:35:33.312465] 线程3: 第2个订单拼接字符串结束
[2024-03-28 09:35:33.313511] Disconnect mysql
[2024-03-28 09:35:33.316636] 线程2: 第1个订单拼接字符串结束
[2024-03-28 09:35:33.316636] 线程5: 第4个订单拼接字符串结束
[2024-03-28 09:35:33.317174] Disconnect mysql
[2024-03-28 09:35:33.318260] Disconnect mysql
[2024-03-28 09:35:33.320344] connect to MySQL:Success
[2024-03-28 09:35:33.321398] 线程3: 第2个订单发送开始
[2024-03-28 09:35:33.321398] 线程4: 第3个订单拼接字符串结束
[2024-03-28 09:35:33.323054] Disconnect mysql
[2024-03-28 09:35:33.329329] connect to MySQL:Success
[2024-03-28 09:35:33.329880] 线程2: 第1个订单发送开始
[2024-03-28 09:35:33.332984] connect to MySQL:Success
[2024-03-28 09:35:33.332984] 线程4: 第3个订单发送开始
[2024-03-28 09:35:33.336742] connect to MySQL:Success
[2024-03-28 09:35:33.336742] 线程5: 第4个订单发送开始
[2024-03-28 09:35:43.137904] 线程4: 第3个订单发送结束
[2024-03-28 09:35:43.145699] 线程5: 第4个订单发送结束
[2024-03-28 09:35:43.178235] 线程2: 第1个订单发送结束
[2024-03-28 09:35:43.188871] 线程3: 第2个订单发送结束
[2024-03-28 09:35:43.189882] 线程 线程2 执行了 1 次任务
[2024-03-28 09:35:43.190922] 线程 线程3 执行了 1 次任务
[2024-03-28 09:35:43.191446] 线程 线程4 执行了 1 次任务
[2024-03-28 09:35:43.192476] 线程 线程5 执行了 1 次任务
[2024-03-28 09:35:43.192476] 对账单1发送结束
[2024-03-28 09:35:43.193483] 本次发送定时任务结束
[2024-03-28 09:45:38.963648] 明厨亮灶发送数据开始程序执行
[2024-03-28 09:45:38.963648] 开票申请单 发送任务定时任务开始执行...
[2024-03-28 09:45:38.979159] connect to MySQL:Success
[2024-03-28 09:45:39.047729] Disconnect mysql
[2024-03-28 09:45:39.279970] connect to MySQL:Success
[2024-03-28 09:45:39.401031] Disconnect mysql
[2024-03-28 09:45:39.411902] connect to MySQL:Success
[2024-03-28 09:45:39.411902] connect to MySQL:Success
[2024-03-28 09:45:39.411902] connect to MySQL:Success
[2024-03-28 09:45:39.412930] connect to MySQL:Success
[2024-03-28 09:45:39.412930] 线程2: 第1个订单拼接字符串开始！
[2024-03-28 09:45:39.412930] 线程3: 第2个订单拼接字符串开始！
[2024-03-28 09:45:39.413988] 线程5: 第4个订单拼接字符串开始！
[2024-03-28 09:45:39.413988] 线程4: 第3个订单拼接字符串开始！
[2024-03-28 09:45:39.488000] 线程3: 第2个订单拼接字符串结束
[2024-03-28 09:45:39.489040] 线程5: 第4个订单拼接字符串结束
[2024-03-28 09:45:39.490059] Disconnect mysql
[2024-03-28 09:45:39.490059] Disconnect mysql
[2024-03-28 09:45:39.495713] 线程4: 第3个订单拼接字符串结束
[2024-03-28 09:45:39.496732] connect to MySQL:Success
[2024-03-28 09:45:39.496732] connect to MySQL:Success
[2024-03-28 09:45:39.497772] Disconnect mysql
[2024-03-28 09:45:39.497772] 线程5: 第4个订单发送开始
[2024-03-28 09:45:39.498807] 线程3: 第2个订单发送开始
[2024-03-28 09:45:39.504507] connect to MySQL:Success
[2024-03-28 09:45:39.505549] 线程4: 第3个订单发送开始
[2024-03-28 09:45:39.525230] 线程2: 第1个订单拼接字符串结束
[2024-03-28 09:45:39.526263] Disconnect mysql
[2024-03-28 09:45:39.585522] connect to MySQL:Success
[2024-03-28 09:45:39.586551] 线程2: 第1个订单发送开始
[2024-03-28 09:45:40.227252] 线程2: 第1个订单发送结束
[2024-03-28 09:45:40.343465] 线程5: 第4个订单发送结束
[2024-03-28 09:45:40.343465] 线程4: 第3个订单发送结束
[2024-03-28 09:45:40.343465] 线程3: 第2个订单发送结束
[2024-03-28 09:45:40.344467] 线程 线程2 执行了 1 次任务
[2024-03-28 09:45:40.345495] 线程 线程3 执行了 1 次任务
[2024-03-28 09:45:40.345495] 线程 线程4 执行了 1 次任务
[2024-03-28 09:45:40.346526] 线程 线程5 执行了 1 次任务
[2024-03-28 09:45:40.346526] 对账单1发送结束
[2024-03-28 09:45:40.347543] 本次发送定时任务结束
[2024-03-28 09:49:46.218126] 明厨亮灶发送数据开始程序执行
[2024-03-28 09:49:46.219155] 开票申请单 发送任务定时任务开始执行...
[2024-03-28 09:49:46.235701] connect to MySQL:Success
[2024-03-28 09:49:46.304339] Disconnect mysql
[2024-03-28 09:49:46.315660] connect to MySQL:Success
[2024-03-28 09:49:46.371646] Disconnect mysql
[2024-03-28 09:49:46.380347] connect to MySQL:Success
[2024-03-28 09:49:46.381385] connect to MySQL:Success
[2024-03-28 09:49:46.381385] 线程2: 第1个订单拼接字符串开始！
[2024-03-28 09:49:46.381385] 线程3: 第2个订单拼接字符串开始！
[2024-03-28 09:49:46.390150] connect to MySQL:Success
[2024-03-28 09:49:46.391196] connect to MySQL:Success
[2024-03-28 09:49:46.391196] 线程5: 第4个订单拼接字符串开始！
[2024-03-28 09:49:46.391196] 线程4: 第3个订单拼接字符串开始！
[2024-03-28 09:49:46.458297] 线程3: 第2个订单拼接字符串结束
[2024-03-28 09:49:46.459335] Disconnect mysql
[2024-03-28 09:49:46.460397] 线程2: 第1个订单拼接字符串结束
[2024-03-28 09:49:46.460397] Disconnect mysql
[2024-03-28 09:49:46.467136] 线程4: 第3个订单拼接字符串结束
[2024-03-28 09:49:46.467136] connect to MySQL:Success
[2024-03-28 09:49:46.468193] Disconnect mysql
[2024-03-28 09:49:46.468193] 线程2: 第1个订单发送开始
[2024-03-28 09:49:46.472941] 线程5: 第4个订单拼接字符串结束
[2024-03-28 09:49:46.476089] Disconnect mysql
[2024-03-28 09:49:46.476089] connect to MySQL:Success
[2024-03-28 09:49:46.477123] 线程3: 第2个订单发送开始
[2024-03-28 09:49:46.481854] connect to MySQL:Success
[2024-03-28 09:49:46.482902] connect to MySQL:Success
[2024-03-28 09:49:46.482902] 线程5: 第4个订单发送开始
[2024-03-28 09:49:46.483939] 线程4: 第3个订单发送开始
[2024-03-28 09:49:47.134289] 线程2: 第1个订单发送结束
[2024-03-28 09:49:47.138001] 线程3: 第2个订单发送结束
[2024-03-28 09:49:47.156552] 线程4: 第3个订单发送结束
[2024-03-28 09:49:47.159681] 线程5: 第4个订单发送结束
[2024-03-28 09:49:47.160753] 线程 线程2 执行了 1 次任务
[2024-03-28 09:49:47.161307] 线程 线程3 执行了 1 次任务
[2024-03-28 09:49:47.162339] 线程 线程4 执行了 1 次任务
[2024-03-28 09:49:47.162339] 线程 线程5 执行了 1 次任务
[2024-03-28 09:49:47.163377] 对账单1发送结束
[2024-03-28 09:49:47.163377] 本次发送定时任务结束
