[2024-03-12 08:20:08.098737] 明厨亮灶发送数据开始程序执行
[2024-03-12 08:20:08.099775] 发送任务定时任务开始执行...
[2024-03-12 08:20:08.112619] connect to MySQL:Success
[2024-03-12 08:20:08.134907] Disconnect mysql
[2024-03-12 08:20:08.142656] connect to MySQL:Success
[2024-03-12 08:20:08.142656] 线程1: 第1个订单拼接字符串开始！
[2024-03-12 08:20:08.151461] connect to MySQL:Success
[2024-03-12 08:20:08.152490] 线程2: 第1个订单拼接字符串开始！
[2024-03-12 08:20:08.188533] 线程1: 第1个订单拼接字符串结束
[2024-03-12 08:20:08.205460] 线程2: 第1个订单拼接字符串结束
[2024-03-12 08:20:10.440651] connect to MySQL:Success
[2024-03-12 08:20:10.444254] connect to MySQL:Success
[2024-03-12 08:20:10.558600] connect to MySQL:Success
[2024-03-12 08:20:10.559628] connect to MySQL:Success
[2024-03-12 08:20:10.560642] 线程2: 第2个订单拼接字符串开始！
[2024-03-12 08:20:10.560642] 线程1: 第2个订单拼接字符串开始！
[2024-03-12 08:20:10.606448] 线程1: 第2个订单拼接字符串结束
[2024-03-12 08:20:10.607469] 线程2: 第2个订单拼接字符串结束
[2024-03-12 08:20:10.743238] connect to MySQL:Success
[2024-03-12 08:20:10.745332] connect to MySQL:Success
[2024-03-12 08:20:10.855783] connect to MySQL:Success
[2024-03-12 08:20:10.855783] 线程2: 第3个订单拼接字符串开始！
[2024-03-12 08:20:10.869241] connect to MySQL:Success
[2024-03-12 08:20:10.870250] 线程1: 第3个订单拼接字符串开始！
[2024-03-12 08:20:10.901391] 线程2: 第3个订单拼接字符串结束
[2024-03-12 08:20:10.926717] 线程1: 第3个订单拼接字符串结束
[2024-03-12 08:20:11.075364] connect to MySQL:Success
[2024-03-12 08:20:11.081066] connect to MySQL:Success
[2024-03-12 08:20:11.267679] connect to MySQL:Success
[2024-03-12 08:20:11.268717] 线程2: 第4个订单拼接字符串开始！
[2024-03-12 08:20:11.270727] connect to MySQL:Success
[2024-03-12 08:20:11.271734] 线程1: 第4个订单拼接字符串开始！
[2024-03-12 08:20:11.343663] 线程2: 第4个订单拼接字符串结束
[2024-03-12 08:20:11.348808] 线程1: 第4个订单拼接字符串结束
[2024-03-12 08:20:11.487561] connect to MySQL:Success
[2024-03-12 08:20:11.487561] connect to MySQL:Success
[2024-03-12 08:20:11.593954] connect to MySQL:Success
[2024-03-12 08:20:11.594997] 线程1: 第5个订单拼接字符串开始！
[2024-03-12 08:20:11.622975] connect to MySQL:Success
[2024-03-12 08:20:11.622975] 线程2: 第5个订单拼接字符串开始！
[2024-03-12 08:20:11.633766] 线程1: 第5个订单拼接字符串结束
[2024-03-12 08:20:11.668280] 线程2: 第5个订单拼接字符串结束
[2024-03-12 08:20:11.790227] connect to MySQL:Success
[2024-03-12 08:20:11.817576] connect to MySQL:Success
[2024-03-12 08:20:11.919924] 本次发送定时任务结束
[2024-03-12 08:25:33.378799] 明厨亮灶发送数据开始程序执行
[2024-03-12 08:25:33.379812] 发送任务定时任务开始执行...
[2024-03-12 08:25:33.387556] connect to MySQL:Success
[2024-03-12 08:25:33.432547] Disconnect mysql
[2024-03-12 08:25:33.448194] connect to MySQL:Success
[2024-03-12 08:25:33.449230] 线程2: 第1个订单拼接字符串开始！
[2024-03-12 08:25:33.497971] 线程2: 第1个订单拼接字符串结束
[2024-03-12 08:25:33.905316] connect to MySQL:Success
[2024-03-12 08:25:34.057667] 本次发送定时任务结束
[2024-03-12 08:26:18.694044] 明厨亮灶发送数据开始程序执行
[2024-03-12 08:26:18.694044] 发送任务定时任务开始执行...
[2024-03-12 08:26:18.701801] connect to MySQL:Success
[2024-03-12 08:26:18.746757] Disconnect mysql
[2024-03-12 08:26:18.754437] connect to MySQL:Success
[2024-03-12 08:26:18.754437] 线程2: 第1个订单拼接字符串开始！
[2024-03-12 08:26:18.791570] 线程2: 第1个订单拼接字符串结束
[2024-03-12 08:26:19.078800] connect to MySQL:Success
[2024-03-12 08:26:19.079851] 本次发送定时任务结束
[2024-03-12 08:37:46.506110] 明厨亮灶发送数据开始程序执行
[2024-03-12 08:37:46.506110] 发送任务定时任务开始执行...
[2024-03-12 08:37:46.512786] connect to MySQL:Success
[2024-03-12 08:37:46.577546] Disconnect mysql
[2024-03-12 08:37:46.593940] connect to MySQL:Success
[2024-03-12 08:37:46.594969] 线程2: 第1个订单拼接字符串开始！
[2024-03-12 08:37:46.631339] 线程2: 第1个订单拼接字符串结束
[2024-03-12 08:37:46.631909] Disconnect mysql
[2024-03-12 08:37:46.650392] connect to MySQL:Success
[2024-03-12 08:37:46.651434] 线程2: 第1个订单发送开始
[2024-03-12 08:37:46.969831] 本次发送定时任务结束
[2024-03-12 08:43:49.615206] 明厨亮灶发送数据开始程序执行
[2024-03-12 08:43:49.616243] 发送任务定时任务开始执行...
[2024-03-12 08:43:49.631803] connect to MySQL:Success
[2024-03-12 08:43:49.673889] Disconnect mysql
[2024-03-12 08:43:49.690608] connect to MySQL:Success
[2024-03-12 08:43:49.691631] 线程2: 第1个订单拼接字符串开始！
[2024-03-12 08:43:49.726768] 线程2: 第1个订单拼接字符串结束
[2024-03-12 08:43:49.727782] Disconnect mysql
[2024-03-12 08:43:49.737519] connect to MySQL:Success
[2024-03-12 08:43:49.738559] 线程2: 第1个订单发送开始
[2024-03-12 08:43:49.998325] 本次发送定时任务结束
[2024-03-12 11:14:02.781590] 明厨亮灶发送数据开始程序执行
[2024-03-12 11:14:02.781590] 发送任务定时任务开始执行...
[2024-03-12 11:14:02.789391] connect to MySQL:Success
[2024-03-12 11:14:02.834193] Disconnect mysql
[2024-03-12 11:14:02.840960] connect to MySQL:Success
[2024-03-12 11:14:02.841959] 线程2: 第1个订单拼接字符串开始！
[2024-03-12 11:14:02.891620] 线程2: 第1个订单拼接字符串结束
[2024-03-12 11:14:02.892653] Disconnect mysql
[2024-03-12 11:14:03.308945] connect to MySQL:Success
[2024-03-12 11:14:03.309958] 线程2: 第1个订单发送开始
[2024-03-12 11:14:04.557920] 本次发送定时任务结束
[2024-03-12 11:14:48.010587] 明厨亮灶发送数据开始程序执行
[2024-03-12 11:14:48.011138] 发送任务定时任务开始执行...
[2024-03-12 11:14:48.017235] connect to MySQL:Success
[2024-03-12 11:14:48.061006] Disconnect mysql
[2024-03-12 11:14:48.068104] connect to MySQL:Success
[2024-03-12 11:14:48.069145] 线程2: 第1个订单拼接字符串开始！
[2024-03-12 11:14:48.109004] 线程2: 第1个订单拼接字符串结束
[2024-03-12 11:14:48.110039] Disconnect mysql
[2024-03-12 11:14:48.128571] connect to MySQL:Success
[2024-03-12 11:14:48.128571] 线程2: 第1个订单发送开始
[2024-03-12 11:14:48.424266] 本次发送定时任务结束
[2024-03-12 11:16:44.881617] 开始
[2024-03-12 11:16:44.882655] 结束
[2024-03-12 11:16:48.647895] 明厨亮灶发送数据开始程序执行
[2024-03-12 11:16:48.647895] 发送任务定时任务开始执行...
[2024-03-12 11:16:48.654553] connect to MySQL:Success
[2024-03-12 11:16:48.702619] Disconnect mysql
[2024-03-12 11:16:48.719252] connect to MySQL:Success
[2024-03-12 11:16:48.720308] 线程2: 第1个订单拼接字符串开始！
[2024-03-12 11:16:48.760059] 线程2: 第1个订单拼接字符串结束
[2024-03-12 11:16:48.761117] Disconnect mysql
[2024-03-12 11:16:48.780670] connect to MySQL:Success
[2024-03-12 11:16:48.781709] 线程2: 第1个订单发送开始
[2024-03-12 11:16:49.098783] 本次发送定时任务结束
[2024-03-12 11:49:27.592817] 明厨亮灶发送数据开始程序执行
[2024-03-12 11:49:27.593848] estimated_receivables 发送任务定时任务开始执行...
[2024-03-12 11:49:27.600463] connect to MySQL:Success
[2024-03-12 11:49:27.602479] Disconnect mysql
[2024-03-12 11:50:59.929748] 明厨亮灶发送数据开始程序执行
[2024-03-12 11:50:59.930788] 财务暂估应收单 发送任务定时任务开始执行...
[2024-03-12 11:50:59.945808] connect to MySQL:Success
[2024-03-12 11:50:59.948412] Disconnect mysql
[2024-03-12 11:53:26.986489] 明厨亮灶发送数据开始程序执行
[2024-03-12 11:53:26.986489] 财务暂估应收单 发送任务定时任务开始执行...
[2024-03-12 11:53:27.002020] connect to MySQL:Success
[2024-03-12 11:53:27.005064] Disconnect mysql
[2024-03-12 11:53:57.533063] 开始
[2024-03-12 11:53:57.534068] 结束
[2024-03-12 11:54:03.675227] 明厨亮灶发送数据开始程序执行
[2024-03-12 11:54:03.675227] 财务暂估应收单 发送任务定时任务开始执行...
[2024-03-12 11:54:03.691706] connect to MySQL:Success
[2024-03-12 11:54:03.693753] Disconnect mysql
[2024-03-12 11:56:02.689909] 明厨亮灶发送数据开始程序执行
[2024-03-12 11:56:02.690957] 财务暂估应收单 发送任务定时任务开始执行...
[2024-03-12 11:56:02.706525] connect to MySQL:Success
[2024-03-12 11:56:02.708100] Disconnect mysql
[2024-03-12 11:57:37.793778] 明厨亮灶发送数据开始程序执行
[2024-03-12 11:57:37.794795] 财务暂估应收单 发送任务定时任务开始执行...
[2024-03-12 11:57:37.801505] connect to MySQL:Success
[2024-03-12 11:57:37.804588] Disconnect mysql
[2024-03-12 15:13:10.845798] 明厨亮灶发送数据开始程序执行
[2024-03-12 15:13:10.845798] 财务暂估应收单 发送任务定时任务开始执行...
[2024-03-12 15:13:10.861764] connect to MySQL:Success
[2024-03-12 15:13:10.864359] Disconnect mysql
[2024-03-12 15:15:40.793014] 明厨亮灶发送数据开始程序执行
[2024-03-12 15:15:41.011868] 财务暂估应收单 发送任务定时任务开始执行...
[2024-03-12 15:15:41.027334] connect to MySQL:Success
[2024-03-12 15:15:41.030424] Disconnect mysql
[2024-03-12 15:18:00.628555] 明厨亮灶发送数据开始程序执行
[2024-03-12 15:18:00.629600] 财务暂估应收单 发送任务定时任务开始执行...
[2024-03-12 15:18:00.645353] connect to MySQL:Success
[2024-03-12 15:18:00.648434] Disconnect mysql
[2024-03-12 15:21:29.857056] 明厨亮灶发送数据开始程序执行
[2024-03-12 15:21:29.857056] 财务暂估应收单 发送任务定时任务开始执行...
[2024-03-12 15:21:29.864253] connect to MySQL:Success
[2024-03-12 15:21:29.865841] Disconnect mysql
[2024-03-12 15:22:06.345134] 明厨亮灶发送数据开始程序执行
[2024-03-12 15:22:06.346171] 财务暂估应收单 发送任务定时任务开始执行...
[2024-03-12 15:22:06.352896] connect to MySQL:Success
[2024-03-12 15:22:06.400887] Disconnect mysql
[2024-03-12 15:22:06.421040] 本次发送定时任务结束
[2024-03-12 15:23:00.271166] 明厨亮灶发送数据开始程序执行
[2024-03-12 15:23:00.271166] 财务暂估应收单 发送任务定时任务开始执行...
[2024-03-12 15:23:00.287720] connect to MySQL:Success
[2024-03-12 15:23:00.335794] Disconnect mysql
[2024-03-12 15:23:00.340413] 本次发送定时任务结束
[2024-03-12 15:25:40.697248] 明厨亮灶发送数据开始程序执行
[2024-03-12 15:25:40.698265] 财务暂估应收单 发送任务定时任务开始执行...
[2024-03-12 15:25:40.713735] connect to MySQL:Success
[2024-03-12 15:25:40.770765] Disconnect mysql
[2024-03-12 15:25:40.777388] connect to MySQL:Success
[2024-03-12 15:25:40.778397] 线程1: 第1个订单拼接字符串开始！
[2024-03-12 15:25:40.786124] connect to MySQL:Success
[2024-03-12 15:25:40.786124] 线程2: 第1个订单拼接字符串开始！
[2024-03-12 15:25:40.827991] 线程1: 第1个订单拼接字符串结束
[2024-03-12 15:25:40.829024] Disconnect mysql
[2024-03-12 15:25:40.835226] 线程2: 第1个订单拼接字符串结束
[2024-03-12 15:25:40.835226] Disconnect mysql
[2024-03-12 15:25:41.563583] connect to MySQL:Success
[2024-03-12 15:25:41.563583] 线程1: 第1个订单发送开始
[2024-03-12 15:25:41.576430] connect to MySQL:Success
[2024-03-12 15:25:41.576953] 线程2: 第1个订单发送开始
[2024-03-12 15:25:43.529919] 本次发送定时任务结束
[2024-03-12 15:28:31.744579] 明厨亮灶发送数据开始程序执行
[2024-03-12 15:28:31.744579] 财务暂估应收单 发送任务定时任务开始执行...
[2024-03-12 15:28:31.752409] connect to MySQL:Success
[2024-03-12 15:28:31.798995] Disconnect mysql
[2024-03-12 15:28:31.806742] connect to MySQL:Success
[2024-03-12 15:28:31.807793] connect to MySQL:Success
[2024-03-12 15:28:31.807793] 线程1: 第1个订单拼接字符串开始！
[2024-03-12 15:28:31.807793] 线程2: 第1个订单拼接字符串开始！
[2024-03-12 15:28:31.845016] 线程1: 第1个订单拼接字符串结束
[2024-03-12 15:28:31.846055] Disconnect mysql
[2024-03-12 15:28:31.852740] 线程2: 第1个订单拼接字符串结束
[2024-03-12 15:28:31.853776] Disconnect mysql
[2024-03-12 15:28:31.857866] connect to MySQL:Success
[2024-03-12 15:28:31.858906] 线程1: 第1个订单发送开始
[2024-03-12 15:28:31.869251] connect to MySQL:Success
[2024-03-12 15:28:31.870290] 线程2: 第1个订单发送开始
[2024-03-12 15:28:32.230943] 线程1: 第1个订单发送结束
[2024-03-12 15:28:32.471237] 线程2: 第1个订单发送结束
[2024-03-12 15:28:32.472746] 本次发送定时任务结束
[2024-03-12 15:30:01.496799] 明厨亮灶发送数据开始程序执行
[2024-03-12 15:30:01.496799] 财务暂估应收单 发送任务定时任务开始执行...
[2024-03-12 15:30:01.503507] connect to MySQL:Success
[2024-03-12 15:30:01.552619] Disconnect mysql
[2024-03-12 15:30:01.562361] connect to MySQL:Success
[2024-03-12 15:30:01.562361] connect to MySQL:Success
[2024-03-12 15:30:01.563382] 线程1: 第1个订单拼接字符串开始！
[2024-03-12 15:30:01.563382] 线程2: 第1个订单拼接字符串开始！
[2024-03-12 15:30:01.601181] 线程1: 第1个订单拼接字符串结束
[2024-03-12 15:30:01.601181] 线程2: 第1个订单拼接字符串结束
[2024-03-12 15:30:01.602198] Disconnect mysql
[2024-03-12 15:30:01.602198] Disconnect mysql
[2024-03-12 15:30:01.613908] connect to MySQL:Success
[2024-03-12 15:30:01.614944] 线程2: 第1个订单发送开始
[2024-03-12 15:30:01.622710] connect to MySQL:Success
[2024-03-12 15:30:01.623749] 线程1: 第1个订单发送开始
[2024-03-12 15:30:01.873096] 线程2: 第1个订单发送结束
[2024-03-12 15:30:01.875717] 线程1: 第1个订单发送结束
[2024-03-12 15:30:01.876740] 本次发送定时任务结束
[2024-03-12 15:31:12.656593] 明厨亮灶发送数据开始程序执行
[2024-03-12 15:31:12.657627] 财务暂估应收单 发送任务定时任务开始执行...
[2024-03-12 15:31:12.664380] connect to MySQL:Success
[2024-03-12 15:31:12.714363] Disconnect mysql
[2024-03-12 15:31:12.720995] connect to MySQL:Success
[2024-03-12 15:31:12.722023] connect to MySQL:Success
[2024-03-12 15:31:12.722023] 线程2: 第1个订单拼接字符串开始！
[2024-03-12 15:31:12.722023] 线程1: 第1个订单拼接字符串开始！
[2024-03-12 15:31:12.762869] 线程2: 第1个订单拼接字符串结束
[2024-03-12 15:31:12.763902] Disconnect mysql
[2024-03-12 15:31:12.769085] 线程1: 第1个订单拼接字符串结束
[2024-03-12 15:31:12.770687] Disconnect mysql
[2024-03-12 15:31:12.783423] connect to MySQL:Success
[2024-03-12 15:31:12.784469] 线程2: 第1个订单发送开始
[2024-03-12 15:31:12.787512] connect to MySQL:Success
[2024-03-12 15:31:12.788560] 线程1: 第1个订单发送开始
[2024-03-12 15:31:13.008338] 线程2: 第1个订单发送结束
[2024-03-12 15:31:13.011975] 线程1: 第1个订单发送结束
[2024-03-12 15:31:13.013016] 本次发送定时任务结束
[2024-03-12 15:34:26.997900] 明厨亮灶发送数据开始程序执行
[2024-03-12 15:34:26.998942] 财务暂估应收单 发送任务定时任务开始执行...
[2024-03-12 15:34:27.009840] connect to MySQL:Success
[2024-03-12 15:34:27.099397] Disconnect mysql
[2024-03-12 15:34:27.117074] connect to MySQL:Success
[2024-03-12 15:34:27.117074] connect to MySQL:Success
[2024-03-12 15:34:27.118102] 线程1: 第1个订单拼接字符串开始！
[2024-03-12 15:34:27.120139] 线程2: 第1个订单拼接字符串开始！
[2024-03-12 15:34:27.158983] 线程1: 第1个订单拼接字符串结束
[2024-03-12 15:34:27.160017] Disconnect mysql
[2024-03-12 15:34:27.170809] connect to MySQL:Success
[2024-03-12 15:34:27.171815] 线程1: 第1个订单发送开始
[2024-03-12 15:34:27.180667] 线程2: 第1个订单拼接字符串结束
[2024-03-12 15:34:27.181699] Disconnect mysql
[2024-03-12 15:34:27.207003] connect to MySQL:Success
[2024-03-12 15:34:27.207003] 线程2: 第1个订单发送开始
[2024-03-12 15:34:27.428439] 线程1: 第1个订单发送结束
[2024-03-12 15:34:27.461805] 线程2: 第1个订单发送结束
[2024-03-12 15:34:27.462830] 本次发送定时任务结束
[2024-03-12 15:34:58.142494] 明厨亮灶发送数据开始程序执行
[2024-03-12 15:34:58.143507] 财务暂估应收单 发送任务定时任务开始执行...
[2024-03-12 15:34:58.150178] connect to MySQL:Success
[2024-03-12 15:34:58.198279] Disconnect mysql
[2024-03-12 15:34:58.206959] connect to MySQL:Success
[2024-03-12 15:34:58.207961] 线程1: 第1个订单拼接字符串开始！
[2024-03-12 15:34:58.216715] connect to MySQL:Success
[2024-03-12 15:34:58.216715] 线程2: 第1个订单拼接字符串开始！
[2024-03-12 15:34:58.248969] 线程1: 第1个订单拼接字符串结束
[2024-03-12 15:34:58.249983] Disconnect mysql
[2024-03-12 15:34:58.258649] 线程2: 第1个订单拼接字符串结束
[2024-03-12 15:34:58.259664] Disconnect mysql
[2024-03-12 15:34:58.262739] connect to MySQL:Success
[2024-03-12 15:34:58.263773] 线程1: 第1个订单发送开始
[2024-03-12 15:34:58.275156] connect to MySQL:Success
[2024-03-12 15:34:58.275156] 线程2: 第1个订单发送开始
[2024-03-12 15:34:58.587596] 线程1: 第1个订单发送结束
[2024-03-12 15:34:58.590612] 线程2: 第1个订单发送结束
[2024-03-12 15:34:58.591625] 本次发送定时任务结束
[2024-03-12 15:36:31.750496] 明厨亮灶发送数据开始程序执行
[2024-03-12 15:36:31.751544] 财务暂估应收单 发送任务定时任务开始执行...
[2024-03-12 15:36:31.766530] connect to MySQL:Success
[2024-03-12 15:36:31.815064] Disconnect mysql
[2024-03-12 15:36:31.823795] connect to MySQL:Success
[2024-03-12 15:36:31.823795] 线程2: 第1个订单拼接字符串开始！
[2024-03-12 15:36:31.832653] connect to MySQL:Success
[2024-03-12 15:36:31.832653] 线程1: 第1个订单拼接字符串开始！
[2024-03-12 15:36:31.865082] 线程2: 第1个订单拼接字符串结束
[2024-03-12 15:36:31.865082] Disconnect mysql
[2024-03-12 15:36:31.873855] 线程1: 第1个订单拼接字符串结束
[2024-03-12 15:36:31.874879] Disconnect mysql
[2024-03-12 15:36:31.877470] connect to MySQL:Success
[2024-03-12 15:36:31.877470] 线程2: 第1个订单发送开始
[2024-03-12 15:36:31.884702] connect to MySQL:Success
[2024-03-12 15:36:31.885716] 线程1: 第1个订单发送开始
[2024-03-12 15:36:32.257695] 线程1: 第1个订单发送结束
[2024-03-12 15:36:32.257695] 线程2: 第1个订单发送结束
[2024-03-12 15:36:32.259273] 本次发送定时任务结束
[2024-03-12 15:40:17.776152] 明厨亮灶发送数据开始程序执行
[2024-03-12 15:40:17.776152] 财务暂估应收单 发送任务定时任务开始执行...
[2024-03-12 15:40:17.784932] connect to MySQL:Success
[2024-03-12 15:40:17.834038] Disconnect mysql
[2024-03-12 15:40:17.841799] connect to MySQL:Success
[2024-03-12 15:40:17.842840] 线程1: 第1个订单拼接字符串开始！
[2024-03-12 15:40:17.850672] connect to MySQL:Success
[2024-03-12 15:40:17.851218] 线程2: 第1个订单拼接字符串开始！
[2024-03-12 15:40:17.881706] 线程1: 第1个订单拼接字符串结束
[2024-03-12 15:40:17.882787] Disconnect mysql
[2024-03-12 15:40:17.890577] 线程2: 第1个订单拼接字符串结束
[2024-03-12 15:40:17.891626] Disconnect mysql
[2024-03-12 15:40:17.896292] connect to MySQL:Success
[2024-03-12 15:40:17.897352] 线程1: 第1个订单发送开始
[2024-03-12 15:40:17.902090] connect to MySQL:Success
[2024-03-12 15:40:17.904157] 线程2: 第1个订单发送开始
[2024-03-12 15:40:18.226338] 线程1: 第1个订单发送结束
[2024-03-12 15:40:18.253758] 线程2: 第1个订单发送结束
[2024-03-12 15:40:18.255836] 本次发送定时任务结束
[2024-03-12 16:06:19.540273] 明厨亮灶发送数据开始程序执行
[2024-03-12 16:06:19.541295] 财务暂估应收单 发送任务定时任务开始执行...
[2024-03-12 16:06:19.548010] connect to MySQL:Success
[2024-03-12 16:06:19.593107] Disconnect mysql
[2024-03-12 16:06:19.600737] connect to MySQL:Success
[2024-03-12 16:06:19.600737] 线程1: 第1个订单拼接字符串开始！
[2024-03-12 16:06:19.608471] connect to MySQL:Success
[2024-03-12 16:06:19.609505] 线程2: 第1个订单拼接字符串开始！
[2024-03-12 16:06:19.638068] 线程1: 第1个订单拼接字符串结束
[2024-03-12 16:06:19.638068] Disconnect mysql
[2024-03-12 16:06:19.659316] connect to MySQL:Success
[2024-03-12 16:06:19.659316] 线程1: 第1个订单发送开始
[2024-03-12 16:06:19.670166] 线程2: 第1个订单拼接字符串结束
[2024-03-12 16:06:19.670166] Disconnect mysql
[2024-03-12 16:06:19.686748] connect to MySQL:Success
[2024-03-12 16:06:19.686748] 线程2: 第1个订单发送开始
[2024-03-12 16:06:20.077459] 线程1: 第1个订单发送结束
[2024-03-12 16:06:20.077459] 线程2: 第1个订单发送结束
[2024-03-12 16:06:20.078497] 本次发送定时任务结束
[2024-03-12 16:14:04.901510] 明厨亮灶发送数据开始程序执行
[2024-03-12 16:14:04.901510] 财务暂估应收单 发送任务定时任务开始执行...
[2024-03-12 16:14:04.908598] connect to MySQL:Success
[2024-03-12 16:14:04.955636] Disconnect mysql
[2024-03-12 16:14:04.964421] connect to MySQL:Success
[2024-03-12 16:14:04.965459] 线程1: 第1个订单拼接字符串开始！
[2024-03-12 16:14:04.973211] connect to MySQL:Success
[2024-03-12 16:14:04.974271] 线程2: 第1个订单拼接字符串开始！
[2024-03-12 16:14:05.005021] 线程1: 第1个订单拼接字符串结束
[2024-03-12 16:14:05.006054] Disconnect mysql
[2024-03-12 16:14:05.014217] 线程2: 第1个订单拼接字符串结束
[2024-03-12 16:14:05.015232] Disconnect mysql
[2024-03-12 16:14:05.018784] connect to MySQL:Success
[2024-03-12 16:14:05.018784] 线程1: 第1个订单发送开始
[2024-03-12 16:14:05.023915] connect to MySQL:Success
[2024-03-12 16:14:05.024936] 线程2: 第1个订单发送开始
[2024-03-12 16:14:19.444780] 线程1: 第1个订单发送结束
[2024-03-12 16:14:19.456605] 线程2: 第1个订单发送结束
[2024-03-12 16:14:19.457607] 本次发送定时任务结束
[2024-03-12 17:38:12.755552] 明厨亮灶发送数据开始程序执行
[2024-03-12 17:38:12.756624] 财务暂估应收单 发送任务定时任务开始执行...
[2024-03-12 17:38:12.764259] connect to MySQL:Success
[2024-03-12 17:38:12.814251] Disconnect mysql
[2024-03-12 17:38:12.823065] connect to MySQL:Success
[2024-03-12 17:38:12.824100] 线程1: 第1个订单拼接字符串开始！
[2024-03-12 17:38:12.831887] connect to MySQL:Success
[2024-03-12 17:38:12.831887] 线程2: 第1个订单拼接字符串开始！
[2024-03-12 17:38:12.865961] 线程1: 第1个订单拼接字符串结束
[2024-03-12 17:38:12.866986] Disconnect mysql
[2024-03-12 17:38:12.868019] 线程2: 第1个订单拼接字符串结束
[2024-03-12 17:38:12.868019] Disconnect mysql
[2024-03-12 17:38:13.432169] connect to MySQL:Success
[2024-03-12 17:38:13.433196] 线程1: 第1个订单发送开始
[2024-03-12 17:38:13.436281] connect to MySQL:Success
[2024-03-12 17:38:13.436281] 线程2: 第1个订单发送开始
[2024-03-12 17:38:21.104828] 线程1: 第1个订单发送结束
[2024-03-12 17:38:21.107420] 线程2: 第1个订单发送结束
[2024-03-12 17:38:21.137666] 本次发送定时任务结束
