[2024-03-25 09:06:50.587351] 明厨亮灶发送数据开始程序执行
[2024-03-25 09:06:50.588376] 开票申请单 发送任务定时任务开始执行...
[2024-03-25 09:06:50.597142] connect to MySQL:Success
[2024-03-25 09:06:51.205528] Disconnect mysql
[2024-03-25 09:06:51.654708] connect to MySQL:Success
[2024-03-25 09:06:51.721030] Disconnect mysql
[2024-03-25 09:06:51.736653] connect to MySQL:Success
[2024-03-25 09:06:51.737652] connect to MySQL:Success
[2024-03-25 09:06:51.737652] connect to MySQL:Success
[2024-03-25 09:06:51.737652] 线程3: 第2个订单拼接字符串开始！
[2024-03-25 09:06:51.738683] 线程2: 第1个订单拼接字符串开始！
[2024-03-25 09:06:51.738683] connect to MySQL:Success
[2024-03-25 09:06:51.738683] 线程4: 第3个订单拼接字符串开始！
[2024-03-25 09:06:51.743790] 线程5: 第4个订单拼接字符串开始！
[2024-03-25 09:06:51.813983] 线程3: 第2个订单拼接字符串结束
[2024-03-25 09:06:51.815025] Disconnect mysql
[2024-03-25 09:06:51.823749] 线程2: 第1个订单拼接字符串结束
[2024-03-25 09:06:51.823749] Disconnect mysql
[2024-03-25 09:06:51.829455] connect to MySQL:Success
[2024-03-25 09:06:51.830471] connect to MySQL:Success
[2024-03-25 09:06:51.830471] 线程2: 第1个订单发送开始
[2024-03-25 09:06:51.831498] 线程3: 第2个订单发送开始
[2024-03-25 09:06:51.846981] 线程5: 第4个订单拼接字符串结束
[2024-03-25 09:06:51.846981] 线程4: 第3个订单拼接字符串结束
[2024-03-25 09:06:51.848017] Disconnect mysql
[2024-03-25 09:06:51.848017] Disconnect mysql
[2024-03-25 09:06:51.854794] connect to MySQL:Success
[2024-03-25 09:06:51.854794] connect to MySQL:Success
[2024-03-25 09:06:51.854794] 线程4: 第3个订单发送开始
[2024-03-25 09:06:51.856905] 线程5: 第4个订单发送开始
[2024-03-25 09:06:54.855102] 线程2: 第1个订单发送结束
[2024-03-25 09:06:54.858190] 线程3: 第2个订单发送结束
[2024-03-25 09:06:54.861247] 线程5: 第4个订单发送结束
[2024-03-25 09:06:54.861247] 线程4: 第3个订单发送结束
[2024-03-25 09:06:54.863140] 线程 线程2 执行了 1 次任务
[2024-03-25 09:06:54.864135] 线程 线程3 执行了 1 次任务
[2024-03-25 09:06:54.865141] 线程 线程4 执行了 1 次任务
[2024-03-25 09:06:54.865141] 线程 线程5 执行了 1 次任务
[2024-03-25 09:06:54.866147] 对账单1发送结束
[2024-03-25 09:06:54.867173] 本次发送定时任务结束
[2024-03-25 09:07:08.428329] 明厨亮灶发送数据开始程序执行
[2024-03-25 09:07:08.429370] 开票申请单 发送任务定时任务开始执行...
[2024-03-25 09:07:08.440182] connect to MySQL:Success
[2024-03-25 09:07:08.513474] Disconnect mysql
[2024-03-25 09:07:08.540862] connect to MySQL:Success
[2024-03-25 09:07:08.588435] Disconnect mysql
[2024-03-25 09:07:08.602002] connect to MySQL:Success
[2024-03-25 09:07:08.602002] connect to MySQL:Success
[2024-03-25 09:07:08.602002] connect to MySQL:Success
[2024-03-25 09:07:08.602002] connect to MySQL:Success
[2024-03-25 09:07:08.603085] 线程2: 第1个订单拼接字符串开始！
[2024-03-25 09:07:08.603085] 线程5: 第4个订单拼接字符串开始！
[2024-03-25 09:07:08.603085] 线程3: 第2个订单拼接字符串开始！
[2024-03-25 09:07:08.603085] 线程4: 第3个订单拼接字符串开始！
[2024-03-25 09:07:08.670570] 线程4: 第3个订单拼接字符串结束
[2024-03-25 09:07:08.671577] 线程2: 第1个订单拼接字符串结束
[2024-03-25 09:07:08.672590] Disconnect mysql
[2024-03-25 09:07:08.672590] 线程5: 第4个订单拼接字符串结束
[2024-03-25 09:07:08.673637] Disconnect mysql
[2024-03-25 09:07:08.674670] Disconnect mysql
[2024-03-25 09:07:08.679351] 线程3: 第2个订单拼接字符串结束
[2024-03-25 09:07:08.680374] Disconnect mysql
[2024-03-25 09:07:08.680374] connect to MySQL:Success
[2024-03-25 09:07:08.681418] 线程4: 第3个订单发送开始
[2024-03-25 09:07:08.681418] connect to MySQL:Success
[2024-03-25 09:07:08.682450] 线程5: 第4个订单发送开始
[2024-03-25 09:07:08.688186] connect to MySQL:Success
[2024-03-25 09:07:08.690802] 线程3: 第2个订单发送开始
[2024-03-25 09:07:08.692847] connect to MySQL:Success
[2024-03-25 09:07:08.693861] 线程2: 第1个订单发送开始
[2024-03-25 09:07:09.980882] 线程4: 第3个订单发送结束
[2024-03-25 09:07:09.986035] 线程2: 第1个订单发送结束
[2024-03-25 09:07:10.014961] 线程3: 第2个订单发送结束
[2024-03-25 09:07:10.060858] 线程5: 第4个订单发送结束
[2024-03-25 09:07:10.061896] 线程 线程2 执行了 1 次任务
[2024-03-25 09:07:10.062927] 线程 线程3 执行了 1 次任务
[2024-03-25 09:07:10.062927] 线程 线程4 执行了 1 次任务
[2024-03-25 09:07:10.063965] 线程 线程5 执行了 1 次任务
[2024-03-25 09:07:10.065007] 对账单1发送结束
[2024-03-25 09:07:10.065007] 本次发送定时任务结束
[2024-03-25 10:14:54.960662] 明厨亮灶发送数据开始程序执行
[2024-03-25 10:14:54.960662] 开票申请单 发送任务定时任务开始执行...
[2024-03-25 10:14:54.976597] connect to MySQL:Success
[2024-03-25 10:14:55.039717] Disconnect mysql
[2024-03-25 10:14:55.257585] connect to MySQL:Success
[2024-03-25 10:14:55.303515] Disconnect mysql
[2024-03-25 10:14:55.357104] connect to MySQL:Success
[2024-03-25 10:14:55.357104] connect to MySQL:Success
[2024-03-25 10:14:55.357104] connect to MySQL:Success
[2024-03-25 10:14:55.357104] connect to MySQL:Success
[2024-03-25 10:14:55.358153] 线程2: 第1个订单拼接字符串开始！
[2024-03-25 10:14:55.358153] 线程4: 第3个订单拼接字符串开始！
[2024-03-25 10:14:55.358153] 线程5: 第4个订单拼接字符串开始！
[2024-03-25 10:14:55.358153] 线程3: 第2个订单拼接字符串开始！
[2024-03-25 10:14:55.429506] 线程3: 第2个订单拼接字符串结束
[2024-03-25 10:14:55.429506] 线程5: 第4个订单拼接字符串结束
[2024-03-25 10:14:55.429506] 线程4: 第3个订单拼接字符串结束
[2024-03-25 10:14:55.430542] 线程2: 第1个订单拼接字符串结束
[2024-03-25 10:14:55.430542] Disconnect mysql
[2024-03-25 10:14:55.430542] Disconnect mysql
[2024-03-25 10:14:55.431565] Disconnect mysql
[2024-03-25 10:14:55.431565] Disconnect mysql
[2024-03-25 10:14:55.437216] connect to MySQL:Success
[2024-03-25 10:14:55.438241] connect to MySQL:Success
[2024-03-25 10:14:55.438241] connect to MySQL:Success
[2024-03-25 10:14:55.438241] 线程5: 第4个订单发送开始
[2024-03-25 10:14:55.438241] 线程2: 第1个订单发送开始
[2024-03-25 10:14:55.438241] 线程3: 第2个订单发送开始
[2024-03-25 10:14:55.448002] connect to MySQL:Success
[2024-03-25 10:14:55.448002] 线程4: 第3个订单发送开始
[2024-03-25 10:14:56.436177] 线程2: 第1个订单发送结束
[2024-03-25 10:14:56.506552] 线程5: 第4个订单发送结束
[2024-03-25 10:14:56.507545] 线程4: 第3个订单发送结束
[2024-03-25 10:14:56.507545] 线程3: 第2个订单发送结束
[2024-03-25 10:14:56.509650] 线程 线程2 执行了 1 次任务
[2024-03-25 10:14:56.509650] 线程 线程3 执行了 1 次任务
[2024-03-25 10:14:56.510686] 线程 线程4 执行了 1 次任务
[2024-03-25 10:14:56.510686] 线程 线程5 执行了 1 次任务
[2024-03-25 10:14:56.512237] 对账单1发送结束
[2024-03-25 10:14:56.512237] 本次发送定时任务结束
[2024-03-25 10:19:59.451739] 明厨亮灶发送数据开始程序执行
[2024-03-25 10:19:59.452742] 开票申请单 发送任务定时任务开始执行...
[2024-03-25 10:19:59.468274] connect to MySQL:Success
[2024-03-25 10:19:59.531703] Disconnect mysql
[2024-03-25 10:19:59.544512] connect to MySQL:Success
[2024-03-25 10:19:59.593107] Disconnect mysql
[2024-03-25 10:19:59.603925] connect to MySQL:Success
[2024-03-25 10:19:59.603925] connect to MySQL:Success
[2024-03-25 10:19:59.603925] 线程3: 第2个订单拼接字符串开始！
[2024-03-25 10:19:59.604964] 线程4: 第3个订单拼接字符串开始！
[2024-03-25 10:19:59.604964] connect to MySQL:Success
[2024-03-25 10:19:59.605991] 线程2: 第1个订单拼接字符串开始！
[2024-03-25 10:19:59.611680] connect to MySQL:Success
[2024-03-25 10:19:59.611680] 线程5: 第4个订单拼接字符串开始！
[2024-03-25 10:19:59.671519] 线程3: 第2个订单拼接字符串结束
[2024-03-25 10:19:59.672539] 线程4: 第3个订单拼接字符串结束
[2024-03-25 10:19:59.673086] Disconnect mysql
[2024-03-25 10:19:59.674114] Disconnect mysql
[2024-03-25 10:19:59.675137] 线程2: 第1个订单拼接字符串结束
[2024-03-25 10:19:59.675137] Disconnect mysql
[2024-03-25 10:19:59.677218] 线程5: 第4个订单拼接字符串结束
[2024-03-25 10:19:59.677218] Disconnect mysql
[2024-03-25 10:19:59.679267] connect to MySQL:Success
[2024-03-25 10:19:59.679267] 线程3: 第2个订单发送开始
[2024-03-25 10:19:59.680279] connect to MySQL:Success
[2024-03-25 10:19:59.681318] 线程4: 第3个订单发送开始
[2024-03-25 10:19:59.681844] connect to MySQL:Success
[2024-03-25 10:19:59.682888] 线程2: 第1个订单发送开始
[2024-03-25 10:19:59.691592] connect to MySQL:Success
[2024-03-25 10:19:59.692611] 线程5: 第4个订单发送开始
[2024-03-25 10:20:00.220263] 线程5: 第4个订单发送结束
[2024-03-25 10:20:00.272115] 线程4: 第3个订单发送结束
[2024-03-25 10:20:00.426141] 线程3: 第2个订单发送结束
[2024-03-25 10:20:00.429216] 线程2: 第1个订单发送结束
[2024-03-25 10:20:00.430253] 线程 线程2 执行了 1 次任务
[2024-03-25 10:20:00.430253] 线程 线程3 执行了 1 次任务
[2024-03-25 10:20:00.431259] 线程 线程4 执行了 1 次任务
[2024-03-25 10:20:00.431784] 线程 线程5 执行了 1 次任务
[2024-03-25 10:20:00.431784] 对账单1发送结束
[2024-03-25 10:20:00.432811] 本次发送定时任务结束
[2024-03-25 10:21:41.881472] 明厨亮灶发送数据开始程序执行
[2024-03-25 10:21:42.053013] 开票申请单 发送任务定时任务开始执行...
[2024-03-25 10:21:42.068536] connect to MySQL:Success
[2024-03-25 10:21:42.127295] Disconnect mysql
[2024-03-25 10:21:42.139102] connect to MySQL:Success
[2024-03-25 10:21:42.187647] Disconnect mysql
[2024-03-25 10:21:42.201665] connect to MySQL:Success
[2024-03-25 10:21:42.201665] connect to MySQL:Success
[2024-03-25 10:21:42.201665] connect to MySQL:Success
[2024-03-25 10:21:42.201665] connect to MySQL:Success
[2024-03-25 10:21:42.202736] 线程2: 第1个订单拼接字符串开始！
[2024-03-25 10:21:42.202736] 线程3: 第2个订单拼接字符串开始！
[2024-03-25 10:21:42.202736] 线程5: 第4个订单拼接字符串开始！
[2024-03-25 10:21:42.202736] 线程4: 第3个订单拼接字符串开始！
[2024-03-25 10:21:42.272771] 线程5: 第4个订单拼接字符串结束
[2024-03-25 10:21:42.273843] 线程4: 第3个订单拼接字符串结束
[2024-03-25 10:21:42.273843] Disconnect mysql
[2024-03-25 10:21:42.273843] 线程2: 第1个订单拼接字符串结束
[2024-03-25 10:21:42.274899] Disconnect mysql
[2024-03-25 10:21:42.274899] Disconnect mysql
[2024-03-25 10:21:42.280625] connect to MySQL:Success
[2024-03-25 10:21:42.280625] connect to MySQL:Success
[2024-03-25 10:21:42.281682] 线程4: 第3个订单发送开始
[2024-03-25 10:21:42.281682] 线程2: 第1个订单发送开始
[2024-03-25 10:21:42.290532] connect to MySQL:Success
[2024-03-25 10:21:42.291562] 线程5: 第4个订单发送开始
[2024-03-25 10:21:42.313660] 线程3: 第2个订单拼接字符串结束
[2024-03-25 10:21:42.313660] Disconnect mysql
[2024-03-25 10:21:42.319756] connect to MySQL:Success
[2024-03-25 10:21:42.320774] 线程3: 第2个订单发送开始
[2024-03-25 10:21:42.818695] 线程4: 第3个订单发送结束
[2024-03-25 10:21:42.984801] 线程2: 第1个订单发送结束
[2024-03-25 10:21:43.142005] 线程5: 第4个订单发送结束
[2024-03-25 10:21:43.206384] 线程3: 第2个订单发送结束
[2024-03-25 10:21:43.207397] 线程 线程2 执行了 1 次任务
[2024-03-25 10:21:43.207397] 线程 线程3 执行了 1 次任务
[2024-03-25 10:21:43.208397] 线程 线程4 执行了 1 次任务
[2024-03-25 10:21:43.208397] 线程 线程5 执行了 1 次任务
[2024-03-25 10:21:43.209401] 对账单1发送结束
[2024-03-25 10:21:43.209401] 本次发送定时任务结束
[2024-03-25 16:34:56.000557] 明厨亮灶发送数据开始程序执行
[2024-03-25 16:34:56.001606] 财务应付单 发送任务定时任务开始执行...
[2024-03-25 16:34:56.010439] connect to MySQL:Success
[2024-03-25 16:34:56.839619] Disconnect mysql
[2024-03-25 16:35:07.663389] connect to MySQL:Success
[2024-03-25 16:35:07.761330] Disconnect mysql
[2024-03-25 16:35:07.771785] connect to MySQL:Success
[2024-03-25 16:35:07.771785] connect to MySQL:Success
[2024-03-25 16:35:07.772818] 线程5: 第4个订单拼接字符串开始！
[2024-03-25 16:35:07.772818] 线程4: 第3个订单拼接字符串开始！
[2024-03-25 16:35:07.779579] connect to MySQL:Success
[2024-03-25 16:35:07.779579] connect to MySQL:Success
[2024-03-25 16:35:07.780597] 线程3: 第2个订单拼接字符串开始！
[2024-03-25 16:35:07.780597] 线程1: 第5个订单拼接字符串开始！
[2024-03-25 16:35:07.781652] connect to MySQL:Success
[2024-03-25 16:35:07.782663] 线程2: 第1个订单拼接字符串开始！
[2024-03-25 16:35:07.836473] 线程5: 第4个订单拼接字符串结束
[2024-03-25 16:35:07.837994] Disconnect mysql
[2024-03-25 16:35:07.841050] 线程3: 第2个订单拼接字符串结束
[2024-03-25 16:35:07.841050] 线程1: 第5个订单拼接字符串结束
[2024-03-25 16:35:07.842057] Disconnect mysql
[2024-03-25 16:35:07.843081] 线程2: 第1个订单拼接字符串结束
[2024-03-25 16:35:07.843081] Disconnect mysql
[2024-03-25 16:35:07.846168] connect to MySQL:Success
[2024-03-25 16:35:07.847179] 线程5: 第4个订单发送开始
[2024-03-25 16:35:07.850754] connect to MySQL:Success
[2024-03-25 16:35:07.851796] 线程2: 第1个订单发送开始
[2024-03-25 16:35:07.855863] connect to MySQL:Success
[2024-03-25 16:35:07.855863] connect to MySQL:Success
[2024-03-25 16:35:07.855863] 线程3: 第2个订单发送开始
[2024-03-25 16:35:07.856899] 线程1: 第5个订单发送开始
[2024-03-25 16:35:07.887986] 线程4: 第3个订单拼接字符串结束
[2024-03-25 16:35:07.889009] Disconnect mysql
[2024-03-25 16:35:07.907711] connect to MySQL:Success
[2024-03-25 16:35:07.908747] 线程4: 第3个订单发送开始
[2024-03-25 16:35:15.195251] 线程4: 第3个订单发送结束
[2024-03-25 16:35:15.197339] 线程2: 第1个订单发送结束
[2024-03-25 16:35:15.200997] 线程1: 第5个订单发送结束
[2024-03-25 16:35:15.200997] 线程3: 第2个订单发送结束
[2024-03-25 16:35:15.204099] connect to MySQL:Success
[2024-03-25 16:35:15.205138] 线程3: 第7个订单拼接字符串开始！
[2024-03-25 16:35:15.208777] connect to MySQL:Success
[2024-03-25 16:35:15.209814] 线程5: 第9个订单拼接字符串开始！
[2024-03-25 16:35:15.209814] connect to MySQL:Success
[2024-03-25 16:35:15.210857] 线程4: 第8个订单拼接字符串开始！
[2024-03-25 16:35:15.210857] connect to MySQL:Success
[2024-03-25 16:35:15.211889] 线程2: 第6个订单拼接字符串开始！
[2024-03-25 16:35:15.257722] 线程5: 第4个订单发送结束
[2024-03-25 16:35:15.262450] 线程3: 第7个订单拼接字符串结束
[2024-03-25 16:35:15.262450] 线程5: 第9个订单拼接字符串结束
[2024-03-25 16:35:15.263503] 线程2: 第6个订单拼接字符串结束
[2024-03-25 16:35:15.263503] Disconnect mysql
[2024-03-25 16:35:15.264553] Disconnect mysql
[2024-03-25 16:35:15.264553] Disconnect mysql
[2024-03-25 16:35:15.269218] 线程4: 第8个订单拼接字符串结束
[2024-03-25 16:35:15.271340] Disconnect mysql
[2024-03-25 16:35:15.272371] connect to MySQL:Success
[2024-03-25 16:35:15.273426] connect to MySQL:Success
[2024-03-25 16:35:15.273426] connect to MySQL:Success
[2024-03-25 16:35:15.273426] 线程3: 第7个订单发送开始
[2024-03-25 16:35:15.275017] 线程2: 第6个订单发送开始
[2024-03-25 16:35:15.278111] 线程5: 第9个订单发送开始
[2024-03-25 16:35:15.281247] connect to MySQL:Success
[2024-03-25 16:35:15.281247] connect to MySQL:Success
[2024-03-25 16:35:15.282293] 线程1: 第10个订单拼接字符串开始！
[2024-03-25 16:35:15.282850] 线程4: 第8个订单发送开始
[2024-03-25 16:35:15.337957] 线程1: 第10个订单拼接字符串结束
[2024-03-25 16:35:15.338519] Disconnect mysql
[2024-03-25 16:35:15.377571] connect to MySQL:Success
[2024-03-25 16:35:15.377571] 线程1: 第10个订单发送开始
[2024-03-25 16:35:18.358112] 线程1: 第10个订单发送结束
[2024-03-25 16:35:18.371622] 线程4: 第8个订单发送结束
[2024-03-25 16:35:18.371622] 线程2: 第6个订单发送结束
[2024-03-25 16:35:18.375699] 线程3: 第7个订单发送结束
[2024-03-25 16:35:18.376730] 线程5: 第9个订单发送结束
[2024-03-25 16:35:18.379386] 线程 线程2 执行了 2 次任务
[2024-03-25 16:35:18.379386] 线程 线程3 执行了 2 次任务
[2024-03-25 16:35:18.380406] 线程 线程4 执行了 2 次任务
[2024-03-25 16:35:18.381429] 线程 线程5 执行了 2 次任务
[2024-03-25 16:35:18.381429] 线程 线程1 执行了 2 次任务
[2024-03-25 16:35:18.382465] 对账单1发送结束
[2024-03-25 16:35:18.383470] 本次发送定时任务结束
