[2024-03-13 09:11:53.505664] 明厨亮灶发送数据开始程序执行
[2024-03-13 09:11:53.506675] 财务暂估应收单 发送任务定时任务开始执行...
[2024-03-13 09:11:53.522169] connect to MySQL:Success
[2024-03-13 09:11:53.571084] Disconnect mysql
[2024-03-13 09:11:53.584007] connect to MySQL:Success
[2024-03-13 09:11:53.585046] 线程1: 第1个订单拼接字符串开始！
[2024-03-13 09:11:53.585613] connect to MySQL:Success
[2024-03-13 09:11:53.585613] 线程2: 第1个订单拼接字符串开始！
[2024-03-13 09:11:53.634687] 线程1: 第1个订单拼接字符串结束
[2024-03-13 09:11:53.635697] Disconnect mysql
[2024-03-13 09:11:53.670692] 线程2: 第1个订单拼接字符串结束
[2024-03-13 09:11:53.671719] Disconnect mysql
[2024-03-13 09:11:54.104165] connect to MySQL:Success
[2024-03-13 09:11:54.106174] 线程1: 第1个订单发送开始
[2024-03-13 09:11:54.114891] connect to MySQL:Success
[2024-03-13 09:11:54.115913] 线程2: 第1个订单发送开始
[2024-03-13 09:12:00.187089] 线程2: 第1个订单发送结束
[2024-03-13 09:12:00.187089] 线程1: 第1个订单发送结束
[2024-03-13 09:12:00.188658] 本次发送定时任务结束
[2024-03-13 09:24:55.041284] 明厨亮灶发送数据开始程序执行
[2024-03-13 09:24:55.042307] 财务暂估应收单 发送任务定时任务开始执行...
[2024-03-13 09:24:55.063917] connect to MySQL:Success
[2024-03-13 09:24:55.109865] Disconnect mysql
[2024-03-13 09:24:55.119585] connect to MySQL:Success
[2024-03-13 09:24:55.119585] connect to MySQL:Success
[2024-03-13 09:24:55.119585] 线程2: 第1个订单拼接字符串开始！
[2024-03-13 09:24:55.120591] 线程1: 第1个订单拼接字符串开始！
[2024-03-13 09:24:55.201376] 线程2: 第1个订单拼接字符串结束
[2024-03-13 09:24:55.201376] 线程1: 第1个订单拼接字符串结束
[2024-03-13 09:24:55.202424] Disconnect mysql
[2024-03-13 09:24:55.202424] Disconnect mysql
[2024-03-13 09:24:55.223141] connect to MySQL:Success
[2024-03-13 09:24:55.224176] 线程2: 第1个订单发送开始
[2024-03-13 09:24:55.233571] connect to MySQL:Success
[2024-03-13 09:24:55.233571] 线程1: 第1个订单发送开始
[2024-03-13 09:24:57.891967] 线程1: 第1个订单发送结束
[2024-03-13 09:24:58.117162] 线程2: 第1个订单发送结束
[2024-03-13 09:24:58.118197] 本次发送定时任务结束
[2024-03-13 09:39:47.234475] 明厨亮灶发送数据开始程序执行
[2024-03-13 09:39:47.235513] 财务暂估应付单 发送任务定时任务开始执行...
[2024-03-13 09:39:47.243270] connect to MySQL:Success
[2024-03-13 09:39:47.284420] Disconnect mysql
[2024-03-13 09:39:47.301649] connect to MySQL:Success
[2024-03-13 09:39:47.301649] connect to MySQL:Success
[2024-03-13 09:39:47.301649] 线程1: 第1个订单拼接字符串开始！
[2024-03-13 09:39:47.302682] 线程2: 第1个订单拼接字符串开始！
[2024-03-13 09:39:47.344570] 线程2: 第1个订单拼接字符串结束
[2024-03-13 09:39:47.344570] 线程1: 第1个订单拼接字符串结束
[2024-03-13 09:39:47.344570] Disconnect mysql
[2024-03-13 09:39:47.345641] Disconnect mysql
[2024-03-13 09:39:47.365125] connect to MySQL:Success
[2024-03-13 09:39:47.365125] connect to MySQL:Success
[2024-03-13 09:39:47.365125] 线程1: 第1个订单发送开始
[2024-03-13 09:39:47.365125] 线程2: 第1个订单发送开始
[2024-03-13 09:39:47.755946] 线程2: 第1个订单发送结束
[2024-03-13 09:39:47.759537] 线程1: 第1个订单发送结束
[2024-03-13 09:39:47.760539] 本次发送定时任务结束
[2024-03-13 09:40:25.261480] 明厨亮灶发送数据开始程序执行
[2024-03-13 09:40:25.261998] 财务暂估应付单 发送任务定时任务开始执行...
[2024-03-13 09:40:25.269163] connect to MySQL:Success
[2024-03-13 09:40:25.311897] Disconnect mysql
[2024-03-13 09:40:25.322645] connect to MySQL:Success
[2024-03-13 09:40:25.322645] connect to MySQL:Success
[2024-03-13 09:40:25.322645] 线程1: 第1个订单拼接字符串开始！
[2024-03-13 09:40:25.323644] 线程2: 第1个订单拼接字符串开始！
[2024-03-13 09:40:25.360813] 线程1: 第1个订单拼接字符串结束
[2024-03-13 09:40:25.360813] 线程2: 第1个订单拼接字符串结束
[2024-03-13 09:40:25.361848] Disconnect mysql
[2024-03-13 09:40:25.361848] Disconnect mysql
[2024-03-13 09:40:25.378306] connect to MySQL:Success
[2024-03-13 09:40:25.378306] 线程2: 第1个订单发送开始
[2024-03-13 09:40:25.389135] connect to MySQL:Success
[2024-03-13 09:40:25.390179] 线程1: 第1个订单发送开始
[2024-03-13 09:40:25.701608] 线程1: 第1个订单发送结束
[2024-03-13 09:40:25.709454] 线程2: 第1个订单发送结束
[2024-03-13 09:40:25.710494] 本次发送定时任务结束
[2024-03-13 09:41:47.327150] 明厨亮灶发送数据开始程序执行
[2024-03-13 09:41:47.328188] 财务暂估应付单 发送任务定时任务开始执行...
[2024-03-13 09:41:47.333897] connect to MySQL:Success
[2024-03-13 09:41:47.376190] Disconnect mysql
[2024-03-13 09:41:47.382805] connect to MySQL:Success
[2024-03-13 09:41:47.382805] connect to MySQL:Success
[2024-03-13 09:41:47.383827] 线程2: 第1个订单拼接字符串开始！
[2024-03-13 09:41:47.383827] 线程1: 第1个订单拼接字符串开始！
[2024-03-13 09:41:47.422735] 线程2: 第1个订单拼接字符串结束
[2024-03-13 09:41:47.422735] 线程1: 第1个订单拼接字符串结束
[2024-03-13 09:41:47.422735] Disconnect mysql
[2024-03-13 09:41:47.423778] Disconnect mysql
[2024-03-13 09:41:47.444398] connect to MySQL:Success
[2024-03-13 09:41:47.444398] connect to MySQL:Success
[2024-03-13 09:41:47.445437] 线程1: 第1个订单发送开始
[2024-03-13 09:41:47.445437] 线程2: 第1个订单发送开始
[2024-03-13 09:41:47.701418] 线程2: 第1个订单发送结束
[2024-03-13 09:41:47.708136] 线程1: 第1个订单发送结束
[2024-03-13 09:41:47.709156] 本次发送定时任务结束
[2024-03-13 09:42:51.829008] 明厨亮灶发送数据开始程序执行
[2024-03-13 09:42:51.830027] 财务暂估应付单 发送任务定时任务开始执行...
[2024-03-13 09:42:51.837811] connect to MySQL:Success
[2024-03-13 09:42:51.879687] Disconnect mysql
[2024-03-13 09:42:51.887374] connect to MySQL:Success
[2024-03-13 09:42:51.887374] 线程2: 第1个订单拼接字符串开始！
[2024-03-13 09:42:51.896220] connect to MySQL:Success
[2024-03-13 09:42:51.896220] 线程1: 第1个订单拼接字符串开始！
[2024-03-13 09:42:51.924472] 线程2: 第1个订单拼接字符串结束
[2024-03-13 09:42:51.924472] Disconnect mysql
[2024-03-13 09:42:51.933293] 线程1: 第1个订单拼接字符串结束
[2024-03-13 09:42:51.933293] Disconnect mysql
[2024-03-13 09:42:51.937417] connect to MySQL:Success
[2024-03-13 09:42:51.938425] 线程2: 第1个订单发送开始
[2024-03-13 09:42:51.946181] connect to MySQL:Success
[2024-03-13 09:42:51.947214] 线程1: 第1个订单发送开始
[2024-03-13 09:42:52.213628] 线程2: 第1个订单发送结束
[2024-03-13 09:42:52.217719] 线程1: 第1个订单发送结束
[2024-03-13 09:42:52.218732] 本次发送定时任务结束
[2024-03-13 11:52:43.642633] 明厨亮灶发送数据开始程序执行
[2024-03-13 11:52:43.643632] 财务暂估应收单 发送任务定时任务开始执行...
[2024-03-13 11:52:43.654448] connect to MySQL:Success
[2024-03-13 11:52:43.705948] Disconnect mysql
[2024-03-13 11:52:43.713733] connect to MySQL:Success
[2024-03-13 11:52:43.714740] 线程2: 第1个订单拼接字符串开始！
[2024-03-13 11:52:43.714740] connect to MySQL:Success
[2024-03-13 11:52:43.714740] 线程1: 第1个订单拼接字符串开始！
[2024-03-13 11:52:43.755017] 线程2: 第1个订单拼接字符串结束
[2024-03-13 11:52:43.756030] Disconnect mysql
[2024-03-13 11:52:43.758118] 线程1: 第1个订单拼接字符串结束
[2024-03-13 11:52:43.763812] Disconnect mysql
[2024-03-13 11:52:43.998976] connect to MySQL:Success
[2024-03-13 11:52:44.000009] 线程1: 第1个订单发送开始
[2024-03-13 11:52:44.007747] connect to MySQL:Success
[2024-03-13 11:52:44.008782] 线程2: 第1个订单发送开始
[2024-03-13 11:52:47.455158] 线程2: 第1个订单发送结束
[2024-03-13 11:52:47.455707] 线程1: 第1个订单发送结束
[2024-03-13 11:52:47.456744] 本次发送定时任务结束
[2024-03-13 11:54:00.274196] 明厨亮灶发送数据开始程序执行
[2024-03-13 11:54:00.275241] 财务暂估应收单 发送任务定时任务开始执行...
[2024-03-13 11:54:00.281383] connect to MySQL:Success
[2024-03-13 11:54:00.328945] Disconnect mysql
[2024-03-13 11:54:00.336176] connect to MySQL:Success
[2024-03-13 11:54:00.336725] 线程2: 第1个订单拼接字符串开始！
[2024-03-13 11:54:00.379728] 线程2: 第1个订单拼接字符串结束
[2024-03-13 11:54:00.380755] Disconnect mysql
[2024-03-13 11:54:00.400266] connect to MySQL:Success
[2024-03-13 11:54:00.400266] 线程2: 第1个订单发送开始
[2024-03-13 11:54:01.071147] 线程2: 第1个订单发送结束
[2024-03-13 11:54:01.073230] 本次发送定时任务结束
[2024-03-13 15:11:24.920436] 明厨亮灶发送数据开始程序执行
[2024-03-13 15:11:24.920436] 财务暂估应收单 发送任务定时任务开始执行...
[2024-03-13 15:11:24.936799] connect to MySQL:Success
[2024-03-13 15:11:25.008433] Disconnect mysql
[2024-03-13 15:11:25.015098] connect to MySQL:Success
[2024-03-13 15:11:25.016117] 线程2: 第1个订单拼接字符串开始！
[2024-03-13 15:11:25.059816] 线程2: 第1个订单拼接字符串结束
[2024-03-13 15:11:25.060822] Disconnect mysql
[2024-03-13 15:11:25.383300] connect to MySQL:Success
[2024-03-13 15:11:25.384337] 线程2: 第1个订单发送开始
[2024-03-13 15:11:40.319622] 线程2: 第1个订单发送结束
[2024-03-13 15:11:40.320646] 本次发送定时任务结束
[2024-03-13 15:16:23.543609] 明厨亮灶发送数据开始程序执行
[2024-03-13 15:16:23.544612] 财务暂估应收单 发送任务定时任务开始执行...
[2024-03-13 15:16:23.560110] connect to MySQL:Success
[2024-03-13 15:16:23.613767] Disconnect mysql
[2024-03-13 15:16:23.621578] connect to MySQL:Success
[2024-03-13 15:16:23.621578] 线程2: 第1个订单拼接字符串开始！
[2024-03-13 15:16:23.666565] 线程2: 第1个订单拼接字符串结束
[2024-03-13 15:16:23.667603] Disconnect mysql
[2024-03-13 15:16:23.688233] connect to MySQL:Success
[2024-03-13 15:16:23.689273] 线程2: 第1个订单发送开始
[2024-03-13 15:18:30.184784] 线程2: 第1个订单发送结束
[2024-03-13 15:18:30.185817] 本次发送定时任务结束
[2024-03-13 15:20:03.346930] 明厨亮灶发送数据开始程序执行
[2024-03-13 15:20:03.348460] 财务暂估应收单 发送任务定时任务开始执行...
[2024-03-13 15:20:03.354622] connect to MySQL:Success
[2024-03-13 15:20:03.414137] Disconnect mysql
[2024-03-13 15:20:03.430667] connect to MySQL:Success
[2024-03-13 15:20:03.430667] 线程2: 第1个订单拼接字符串开始！
[2024-03-13 15:20:03.474491] 线程2: 第1个订单拼接字符串结束
[2024-03-13 15:20:03.475501] Disconnect mysql
[2024-03-13 15:20:03.495096] connect to MySQL:Success
[2024-03-13 15:20:03.495096] 线程2: 第1个订单发送开始
[2024-03-13 15:20:12.367674] 线程2: 第1个订单发送结束
[2024-03-13 15:20:12.368707] 本次发送定时任务结束
[2024-03-13 15:20:56.239548] 明厨亮灶发送数据开始程序执行
[2024-03-13 15:20:56.239548] 财务暂估应收单 发送任务定时任务开始执行...
[2024-03-13 15:20:56.255570] connect to MySQL:Success
[2024-03-13 15:20:56.308004] Disconnect mysql
[2024-03-13 15:20:56.324571] connect to MySQL:Success
[2024-03-13 15:20:56.325576] 线程2: 第1个订单拼接字符串开始！
[2024-03-13 15:20:56.369436] 线程2: 第1个订单拼接字符串结束
[2024-03-13 15:20:56.370481] Disconnect mysql
[2024-03-13 15:20:56.381436] connect to MySQL:Success
[2024-03-13 15:20:56.382472] 线程2: 第1个订单发送开始
[2024-03-13 15:20:59.065748] 线程2: 第1个订单发送结束
[2024-03-13 15:20:59.066786] 本次发送定时任务结束
[2024-03-13 15:21:22.183597] 明厨亮灶发送数据开始程序执行
[2024-03-13 15:21:22.184144] 财务暂估应收单 发送任务定时任务开始执行...
[2024-03-13 15:21:22.190234] connect to MySQL:Success
[2024-03-13 15:21:22.242829] Disconnect mysql
[2024-03-13 15:21:22.250524] connect to MySQL:Success
[2024-03-13 15:21:22.251555] 线程2: 第1个订单拼接字符串开始！
[2024-03-13 15:21:22.288804] 线程2: 第1个订单拼接字符串结束
[2024-03-13 15:21:22.289825] Disconnect mysql
[2024-03-13 15:21:22.299651] connect to MySQL:Success
[2024-03-13 15:21:22.300656] 线程2: 第1个订单发送开始
[2024-03-13 15:21:25.379453] 线程2: 第1个订单发送结束
[2024-03-13 15:21:25.380461] 本次发送定时任务结束
[2024-03-13 15:23:13.967102] 明厨亮灶发送数据开始程序执行
[2024-03-13 15:23:13.968140] 财务暂估应付单 发送任务定时任务开始执行...
[2024-03-13 15:23:13.974812] connect to MySQL:Success
[2024-03-13 15:23:14.016569] Disconnect mysql
[2024-03-13 15:23:14.023734] connect to MySQL:Success
[2024-03-13 15:23:14.024771] 线程2: 第1个订单拼接字符串开始！
[2024-03-13 15:23:14.066346] 线程2: 第1个订单拼接字符串结束
[2024-03-13 15:23:14.067410] Disconnect mysql
[2024-03-13 15:23:14.087212] connect to MySQL:Success
[2024-03-13 15:23:14.088228] 线程2: 第1个订单发送开始
[2024-03-13 15:23:14.714835] 线程2: 第1个订单发送结束
[2024-03-13 15:23:14.715840] 本次发送定时任务结束
[2024-03-13 15:34:06.940905] 明厨亮灶发送数据开始程序执行
[2024-03-13 15:34:06.943043] 财务暂估应付单 发送任务定时任务开始执行...
[2024-03-13 15:34:06.955532] connect to MySQL:Success
[2024-03-13 15:34:07.001436] Disconnect mysql
[2024-03-13 15:34:07.017020] connect to MySQL:Success
[2024-03-13 15:34:07.018081] 线程2: 第1个订单拼接字符串开始！
[2024-03-13 15:34:07.057951] 线程2: 第1个订单拼接字符串结束
[2024-03-13 15:34:07.058983] Disconnect mysql
[2024-03-13 15:34:07.069923] connect to MySQL:Success
[2024-03-13 15:34:07.069923] 线程2: 第1个订单发送开始
[2024-03-13 15:34:07.768879] 线程2: 第1个订单发送结束
[2024-03-13 15:34:07.769912] 本次发送定时任务结束
[2024-03-13 15:35:46.029067] 明厨亮灶发送数据开始程序执行
[2024-03-13 15:35:46.029067] 财务暂估应付单 发送任务定时任务开始执行...
[2024-03-13 15:35:46.036183] connect to MySQL:Success
[2024-03-13 15:35:46.079992] Disconnect mysql
[2024-03-13 15:35:46.087749] connect to MySQL:Success
[2024-03-13 15:35:46.087749] 线程2: 第1个订单拼接字符串开始！
[2024-03-13 15:35:46.126914] 线程2: 第1个订单拼接字符串结束
[2024-03-13 15:35:46.127909] Disconnect mysql
[2024-03-13 15:35:46.147476] connect to MySQL:Success
[2024-03-13 15:35:46.147476] 线程2: 第1个订单发送开始
[2024-03-13 15:35:50.745866] 线程2: 第1个订单发送结束
[2024-03-13 15:35:50.746880] 本次发送定时任务结束
[2024-03-13 15:36:08.316052] 明厨亮灶发送数据开始程序执行
[2024-03-13 15:36:08.316052] 财务暂估应付单 发送任务定时任务开始执行...
[2024-03-13 15:36:08.322735] connect to MySQL:Success
[2024-03-13 15:36:08.366534] Disconnect mysql
[2024-03-13 15:36:08.373733] connect to MySQL:Success
[2024-03-13 15:36:08.374281] 线程2: 第1个订单拼接字符串开始！
[2024-03-13 15:36:08.409653] 线程2: 第1个订单拼接字符串结束
[2024-03-13 15:36:08.409653] Disconnect mysql
[2024-03-13 15:36:08.429208] connect to MySQL:Success
[2024-03-13 15:36:08.430259] 线程2: 第1个订单发送开始
[2024-03-13 15:36:09.072496] 线程2: 第1个订单发送结束
[2024-03-13 15:36:09.073529] 本次发送定时任务结束
