[2024-03-21 16:46:31.061159] 开始
[2024-03-21 16:46:31.062177] 发送定时任务开始执行...
[2024-03-21 16:46:31.069978] connect to MySQL:Success
[2024-03-21 16:46:31.076681] Disconnect mysql
[2024-03-21 16:46:31.096380] connect to MySQL:Success
[2024-03-21 16:46:31.097386] 线程1: 第2个订单拼接字符串开始！
[2024-03-21 16:46:31.097386] connect to MySQL:Success
[2024-03-21 16:46:31.098403] connect to MySQL:Success
[2024-03-21 16:46:31.098403] connect to MySQL:Success
[2024-03-21 16:46:31.098942] 线程1: 第4个订单拼接字符串开始！
[2024-03-21 16:46:31.098942] 线程2: 第1个订单拼接字符串开始！
[2024-03-21 16:46:31.098942] 线程2: 第3个订单拼接字符串开始！
[2024-03-21 16:46:31.107244] connect to MySQL:Success
[2024-03-21 16:46:31.107776] 线程2: 第5个订单拼接字符串开始！
[2024-03-21 16:46:33.940582] Disconnect mysql
[2024-03-21 16:46:33.941617] 线程1: 第4个订单拼接字符串结束
[2024-03-21 16:46:33.962413] connect to MySQL:Success
[2024-03-21 16:46:33.962413] 线程1: 第6个订单拼接字符串开始！
[2024-03-21 16:46:34.329589] Disconnect mysql
[2024-03-21 16:46:34.329589] 线程2: 第5个订单拼接字符串结束
[2024-03-21 16:46:34.339335] connect to MySQL:Success
[2024-03-21 16:46:34.340345] 线程2: 第7个订单拼接字符串开始！
[2024-03-21 16:46:35.635086] Disconnect mysql
[2024-03-21 16:46:35.636144] 线程2: 第7个订单拼接字符串结束
[2024-03-21 16:46:35.643852] connect to MySQL:Success
[2024-03-21 16:46:35.644876] 线程1: 第8个订单拼接字符串开始！
[2024-03-21 16:46:35.732539] Disconnect mysql
[2024-03-21 16:46:35.732539] 线程2: 第3个订单拼接字符串结束
[2024-03-21 16:46:35.749132] connect to MySQL:Success
[2024-03-21 16:46:35.750166] 线程2: 第9个订单拼接字符串开始！
[2024-03-21 16:46:35.825252] Disconnect mysql
[2024-03-21 16:46:35.825252] 线程1: 第6个订单拼接字符串结束
[2024-03-21 16:46:35.831464] connect to MySQL:Success
[2024-03-21 16:46:35.832509] 线程1: 第10个订单拼接字符串开始！
[2024-03-21 16:46:36.868244] Disconnect mysql
[2024-03-21 16:46:36.868244] 线程1: 第2个订单拼接字符串结束
[2024-03-21 16:46:36.880137] connect to MySQL:Success
[2024-03-21 16:46:36.881151] 线程2: 第11个订单拼接字符串开始！
[2024-03-21 16:46:39.181576] Disconnect mysql
[2024-03-21 16:46:39.182643] 线程1: 第10个订单拼接字符串结束
[2024-03-21 16:46:39.195178] connect to MySQL:Success
[2024-03-21 16:46:39.195178] 线程1: 第12个订单拼接字符串开始！
[2024-03-21 16:46:40.339709] Disconnect mysql
[2024-03-21 16:46:40.340765] 线程1: 第12个订单拼接字符串结束
[2024-03-21 16:46:40.347406] connect to MySQL:Success
[2024-03-21 16:46:40.348434] 线程2: 第13个订单拼接字符串开始！
[2024-03-21 16:46:40.380819] Disconnect mysql
[2024-03-21 16:46:40.381826] 线程2: 第11个订单拼接字符串结束
[2024-03-21 16:46:40.388511] connect to MySQL:Success
[2024-03-21 16:46:40.389548] 线程1: 第14个订单拼接字符串开始！
[2024-03-21 16:46:40.779141] Disconnect mysql
[2024-03-21 16:46:40.780169] 线程2: 第1个订单拼接字符串结束
[2024-03-21 16:46:40.795583] connect to MySQL:Success
[2024-03-21 16:46:40.796622] 线程2: 第15个订单拼接字符串开始！
[2024-03-21 16:46:40.862962] Disconnect mysql
[2024-03-21 16:46:40.864000] 线程2: 第9个订单拼接字符串结束
[2024-03-21 16:46:40.882561] connect to MySQL:Success
[2024-03-21 16:46:40.882561] 线程1: 第16个订单拼接字符串开始！
[2024-03-21 16:46:40.919826] Disconnect mysql
[2024-03-21 16:46:40.920856] 线程2: 第13个订单拼接字符串结束
[2024-03-21 16:46:40.935425] connect to MySQL:Success
[2024-03-21 16:46:40.936460] 线程2: 第17个订单拼接字符串开始！
[2024-03-21 16:46:42.087548] Disconnect mysql
[2024-03-21 16:46:42.087548] 线程2: 第17个订单拼接字符串结束
[2024-03-21 16:46:42.104125] connect to MySQL:Success
[2024-03-21 16:46:42.105177] 线程1: 第18个订单拼接字符串开始！
[2024-03-21 16:46:42.704913] Disconnect mysql
[2024-03-21 16:46:42.704913] 线程1: 第18个订单拼接字符串结束
[2024-03-21 16:46:42.720391] connect to MySQL:Success
[2024-03-21 16:46:42.720391] 线程2: 第19个订单拼接字符串开始！
[2024-03-21 16:46:43.262633] Disconnect mysql
[2024-03-21 16:46:43.264219] 线程1: 第16个订单拼接字符串结束
[2024-03-21 16:46:43.271329] connect to MySQL:Success
[2024-03-21 16:46:43.271329] 线程1: 第20个订单拼接字符串开始！
[2024-03-21 16:46:43.628533] Disconnect mysql
[2024-03-21 16:46:43.629574] 线程1: 第8个订单拼接字符串结束
[2024-03-21 16:46:43.646075] connect to MySQL:Success
[2024-03-21 16:46:43.646075] 线程2: 第21个订单拼接字符串开始！
[2024-03-21 16:46:44.488125] Disconnect mysql
[2024-03-21 16:46:44.489158] 线程1: 第20个订单拼接字符串结束
[2024-03-21 16:46:44.495869] connect to MySQL:Success
[2024-03-21 16:46:44.495869] 线程1: 第22个订单拼接字符串开始！
[2024-03-21 16:46:44.832638] Disconnect mysql
[2024-03-21 16:46:44.833680] 线程2: 第15个订单拼接字符串结束
[2024-03-21 16:46:44.853301] connect to MySQL:Success
[2024-03-21 16:46:44.853301] 线程2: 第23个订单拼接字符串开始！
[2024-03-21 16:46:44.972079] Disconnect mysql
[2024-03-21 16:46:44.972079] 线程1: 第14个订单拼接字符串结束
[2024-03-21 16:46:44.991057] connect to MySQL:Success
[2024-03-21 16:46:44.992126] 线程1: 第24个订单拼接字符串开始！
[2024-03-21 16:46:44.998888] Disconnect mysql
[2024-03-21 16:46:44.999403] 线程2: 第19个订单拼接字符串结束
[2024-03-21 16:46:45.015374] connect to MySQL:Success
[2024-03-21 16:46:45.016379] 线程2: 第25个订单拼接字符串开始！
[2024-03-21 16:46:46.515167] Disconnect mysql
[2024-03-21 16:46:46.516247] 线程2: 第21个订单拼接字符串结束
[2024-03-21 16:46:46.536853] connect to MySQL:Success
[2024-03-21 16:46:46.536853] 线程1: 第26个订单拼接字符串开始！
[2024-03-21 16:46:46.782867] Disconnect mysql
[2024-03-21 16:46:46.782867] 线程1: 第22个订单拼接字符串结束
[2024-03-21 16:46:46.789519] connect to MySQL:Success
[2024-03-21 16:46:46.790557] 线程2: 第27个订单拼接字符串开始！
[2024-03-21 16:46:47.088372] Disconnect mysql
[2024-03-21 16:46:47.088372] 线程2: 第23个订单拼接字符串结束
[2024-03-21 16:46:47.103815] connect to MySQL:Success
[2024-03-21 16:46:47.103815] 线程1: 第28个订单拼接字符串开始！
[2024-03-21 16:46:47.423230] Disconnect mysql
[2024-03-21 16:46:47.424259] 线程2: 第25个订单拼接字符串结束
[2024-03-21 16:46:47.424259] Disconnect mysql
[2024-03-21 16:46:47.425316] 线程2: 第27个订单拼接字符串结束
[2024-03-21 16:46:47.430357] connect to MySQL:Success
[2024-03-21 16:46:47.430357] 线程2: 第29个订单拼接字符串开始！
[2024-03-21 16:46:47.440743] connect to MySQL:Success
[2024-03-21 16:46:47.440743] 线程1: 第30个订单拼接字符串开始！
[2024-03-21 16:46:48.230075] Disconnect mysql
[2024-03-21 16:46:48.231108] 线程1: 第26个订单拼接字符串结束
[2024-03-21 16:46:48.241457] connect to MySQL:Success
[2024-03-21 16:46:48.241457] 线程2: 第31个订单拼接字符串开始！
[2024-03-21 16:46:48.553036] Disconnect mysql
[2024-03-21 16:46:48.554049] 线程1: 第30个订单拼接字符串结束
[2024-03-21 16:46:48.570507] connect to MySQL:Success
[2024-03-21 16:46:48.571534] 线程1: 第32个订单拼接字符串开始！
[2024-03-21 16:46:48.837452] Disconnect mysql
[2024-03-21 16:46:48.838471] 线程2: 第31个订单拼接字符串结束
[2024-03-21 16:46:48.845143] connect to MySQL:Success
[2024-03-21 16:46:48.845143] 线程2: 第33个订单拼接字符串开始！
[2024-03-21 16:46:49.060086] Disconnect mysql
[2024-03-21 16:46:49.060086] 线程1: 第24个订单拼接字符串结束
[2024-03-21 16:46:49.078618] connect to MySQL:Success
[2024-03-21 16:46:49.079651] 线程1: 第34个订单拼接字符串开始！
[2024-03-21 16:46:49.298098] Disconnect mysql
[2024-03-21 16:46:49.299101] 线程1: 第28个订单拼接字符串结束
[2024-03-21 16:46:49.305220] connect to MySQL:Success
[2024-03-21 16:46:49.305220] 线程2: 第35个订单拼接字符串开始！
[2024-03-21 16:46:50.425336] Disconnect mysql
[2024-03-21 16:46:50.425877] 线程2: 第35个订单拼接字符串结束
[2024-03-21 16:46:50.432105] connect to MySQL:Success
[2024-03-21 16:46:50.432105] 线程1: 第36个订单拼接字符串开始！
[2024-03-21 16:46:50.568633] Disconnect mysql
[2024-03-21 16:46:50.569645] 线程2: 第33个订单拼接字符串结束
[2024-03-21 16:46:50.578469] connect to MySQL:Success
[2024-03-21 16:46:50.578469] 线程2: 第37个订单拼接字符串开始！
[2024-03-21 16:46:50.984470] Disconnect mysql
[2024-03-21 16:46:50.985536] 线程1: 第32个订单拼接字符串结束
[2024-03-21 16:46:50.992258] connect to MySQL:Success
[2024-03-21 16:46:50.992258] 线程1: 第38个订单拼接字符串开始！
[2024-03-21 16:46:52.460177] Disconnect mysql
[2024-03-21 16:46:52.461184] Disconnect mysql
[2024-03-21 16:46:52.461184] 线程1: 第34个订单拼接字符串结束
[2024-03-21 16:46:52.461184] 线程2: 第29个订单拼接字符串结束
[2024-03-21 16:46:52.479743] connect to MySQL:Success
[2024-03-21 16:46:52.479743] connect to MySQL:Success
[2024-03-21 16:46:52.480777] 线程1: 第40个订单拼接字符串开始！
[2024-03-21 16:46:52.480777] 线程2: 第39个订单拼接字符串开始！
[2024-03-21 16:46:53.415197] Disconnect mysql
[2024-03-21 16:46:53.415197] 线程1: 第36个订单拼接字符串结束
[2024-03-21 16:46:53.418256] Disconnect mysql
[2024-03-21 16:46:53.418256] 线程2: 第37个订单拼接字符串结束
[2024-03-21 16:46:53.423442] connect to MySQL:Success
[2024-03-21 16:46:53.424016] 线程2: 第41个订单拼接字符串开始！
[2024-03-21 16:46:53.428105] connect to MySQL:Success
[2024-03-21 16:46:53.429108] 线程1: 第42个订单拼接字符串开始！
[2024-03-21 16:46:53.434799] Disconnect mysql
[2024-03-21 16:46:53.434799] XS20240320003351订单已存在,不上传
[2024-03-21 16:46:53.440956] connect to MySQL:Success
[2024-03-21 16:46:53.441507] 线程2: 第43个订单拼接字符串开始！
[2024-03-21 16:46:53.858683] Disconnect mysql
[2024-03-21 16:46:53.859690] 线程1: 第38个订单拼接字符串结束
[2024-03-21 16:46:53.867383] connect to MySQL:Success
[2024-03-21 16:46:53.868417] 线程1: 第44个订单拼接字符串开始！
[2024-03-21 16:46:55.216778] Disconnect mysql
[2024-03-21 16:46:55.217807] 线程2: 第41个订单拼接字符串结束
[2024-03-21 16:46:55.223939] connect to MySQL:Success
[2024-03-21 16:46:55.223939] 线程2: 第45个订单拼接字符串开始！
[2024-03-21 16:46:55.821699] Disconnect mysql
[2024-03-21 16:46:55.822699] 线程2: 第43个订单拼接字符串结束
[2024-03-21 16:46:55.837499] connect to MySQL:Success
[2024-03-21 16:46:55.838519] 线程1: 第46个订单拼接字符串开始！
[2024-03-21 16:46:55.855006] Disconnect mysql
[2024-03-21 16:46:55.855006] 线程2: 第39个订单拼接字符串结束
[2024-03-21 16:46:55.874491] connect to MySQL:Success
[2024-03-21 16:46:55.874491] 线程2: 第47个订单拼接字符串开始！
[2024-03-21 16:46:57.121653] Disconnect mysql
[2024-03-21 16:46:57.122205] 线程1: 第40个订单拼接字符串结束
[2024-03-21 16:46:57.141795] connect to MySQL:Success
[2024-03-21 16:46:57.141795] 线程1: 第48个订单拼接字符串开始！
[2024-03-21 16:46:57.617296] Disconnect mysql
[2024-03-21 16:46:57.618341] 线程1: 第46个订单拼接字符串结束
[2024-03-21 16:46:57.623519] connect to MySQL:Success
[2024-03-21 16:46:57.624573] 线程2: 第49个订单拼接字符串开始！
[2024-03-21 16:46:57.683060] Disconnect mysql
[2024-03-21 16:46:57.683060] 线程2: 第45个订单拼接字符串结束
[2024-03-21 16:46:57.698716] connect to MySQL:Success
[2024-03-21 16:46:57.699754] 线程1: 第50个订单拼接字符串开始！
[2024-03-21 16:46:58.761735] Disconnect mysql
[2024-03-21 16:46:58.761735] 线程2: 第47个订单拼接字符串结束
[2024-03-21 16:46:59.413581] Disconnect mysql
[2024-03-21 16:46:59.413581] 线程1: 第48个订单拼接字符串结束
[2024-03-21 16:47:00.634437] Disconnect mysql
[2024-03-21 16:47:00.635454] 线程1: 第50个订单拼接字符串结束
[2024-03-21 16:47:01.080710] Disconnect mysql
[2024-03-21 16:47:01.080710] 线程2: 第49个订单拼接字符串结束
[2024-03-21 16:47:04.165801] Disconnect mysql
[2024-03-21 16:47:04.165801] 线程1: 第44个订单拼接字符串结束
[2024-03-21 16:47:04.168401] 本次发送定时任务结束
[2024-03-21 16:47:04.169433] 结束
[2024-03-21 16:48:24.784220] 开始
[2024-03-21 16:48:24.785247] 发送定时任务开始执行...
[2024-03-21 16:48:24.808556] connect to MySQL:Success
[2024-03-21 16:48:24.814239] Disconnect mysql
[2024-03-21 16:48:24.824967] connect to MySQL:Success
[2024-03-21 16:48:24.824967] connect to MySQL:Success
[2024-03-21 16:48:24.824967] connect to MySQL:Success
[2024-03-21 16:48:24.826001] 线程2: 第2个订单拼接字符串开始！
[2024-03-21 16:48:24.826001] 线程3: 第3个订单拼接字符串开始！
[2024-03-21 16:48:24.826001] 线程4: 第4个订单拼接字符串开始！
[2024-03-21 16:48:24.827023] connect to MySQL:Success
[2024-03-21 16:48:24.828034] 线程5: 第5个订单拼接字符串开始！
[2024-03-21 16:48:24.833691] connect to MySQL:Success
[2024-03-21 16:48:24.834713] 线程1: 第1个订单拼接字符串开始！
[2024-03-21 16:48:25.986209] Disconnect mysql
[2024-03-21 16:48:25.987251] 线程4: 第4个订单拼接字符串结束
[2024-03-21 16:48:25.997127] connect to MySQL:Success
[2024-03-21 16:48:25.997664] 线程6: 第6个订单拼接字符串开始！
[2024-03-21 16:48:28.374529] Disconnect mysql
[2024-03-21 16:48:28.375575] 线程5: 第5个订单拼接字符串结束
[2024-03-21 16:48:28.382325] connect to MySQL:Success
[2024-03-21 16:48:28.382325] 线程7: 第7个订单拼接字符串开始！
[2024-03-21 16:48:29.407661] Disconnect mysql
[2024-03-21 16:48:29.407661] 线程3: 第3个订单拼接字符串结束
[2024-03-21 16:48:29.425218] connect to MySQL:Success
[2024-03-21 16:48:29.426244] 线程8: 第8个订单拼接字符串开始！
[2024-03-21 16:48:29.503603] Disconnect mysql
[2024-03-21 16:48:29.504670] 线程6: 第6个订单拼接字符串结束
[2024-03-21 16:48:29.511345] connect to MySQL:Success
[2024-03-21 16:48:29.512381] 线程9: 第9个订单拼接字符串开始！
[2024-03-21 16:48:29.539842] Disconnect mysql
[2024-03-21 16:48:29.540886] 线程7: 第7个订单拼接字符串结束
[2024-03-21 16:48:29.549234] connect to MySQL:Success
[2024-03-21 16:48:29.550266] 线程10: 第10个订单拼接字符串开始！
[2024-03-21 16:48:30.013123] Disconnect mysql
[2024-03-21 16:48:30.014133] 线程8: 第8个订单拼接字符串结束
[2024-03-21 16:48:30.020268] connect to MySQL:Success
[2024-03-21 16:48:30.021306] 线程11: 第11个订单拼接字符串开始！
[2024-03-21 16:48:30.392266] Disconnect mysql
[2024-03-21 16:48:30.393295] 线程2: 第2个订单拼接字符串结束
[2024-03-21 16:48:30.411541] connect to MySQL:Success
[2024-03-21 16:48:30.412591] 线程12: 第12个订单拼接字符串开始！
[2024-03-21 16:48:31.540315] Disconnect mysql
[2024-03-21 16:48:31.540315] 线程12: 第12个订单拼接字符串结束
[2024-03-21 16:48:31.548102] connect to MySQL:Success
[2024-03-21 16:48:31.549103] 线程13: 第13个订单拼接字符串开始！
[2024-03-21 16:48:32.143168] Disconnect mysql
[2024-03-21 16:48:32.144211] 线程13: 第13个订单拼接字符串结束
[2024-03-21 16:48:32.149918] connect to MySQL:Success
[2024-03-21 16:48:32.150955] 线程14: 第14个订单拼接字符串开始！
[2024-03-21 16:48:32.258017] Disconnect mysql
[2024-03-21 16:48:32.258017] 线程11: 第11个订单拼接字符串结束
[2024-03-21 16:48:32.267771] connect to MySQL:Success
[2024-03-21 16:48:32.268792] 线程15: 第15个订单拼接字符串开始！
[2024-03-21 16:48:33.434064] Disconnect mysql
[2024-03-21 16:48:33.434064] 线程10: 第10个订单拼接字符串结束
[2024-03-21 16:48:33.454290] connect to MySQL:Success
[2024-03-21 16:48:33.455328] 线程16: 第16个订单拼接字符串开始！
[2024-03-21 16:48:33.983647] Disconnect mysql
[2024-03-21 16:48:33.984685] 线程9: 第9个订单拼接字符串结束
[2024-03-21 16:48:33.992512] connect to MySQL:Success
[2024-03-21 16:48:33.992512] 线程17: 第17个订单拼接字符串开始！
[2024-03-21 16:48:34.475968] Disconnect mysql
[2024-03-21 16:48:34.477006] 线程1: 第1个订单拼接字符串结束
[2024-03-21 16:48:34.479629] Disconnect mysql
[2024-03-21 16:48:34.479629] 线程14: 第14个订单拼接字符串结束
[2024-03-21 16:48:34.485543] connect to MySQL:Success
[2024-03-21 16:48:34.485543] connect to MySQL:Success
[2024-03-21 16:48:34.486584] 线程18: 第18个订单拼接字符串开始！
[2024-03-21 16:48:34.486584] 线程19: 第19个订单拼接字符串开始！
[2024-03-21 16:48:34.587055] Disconnect mysql
[2024-03-21 16:48:34.587055] 线程16: 第16个订单拼接字符串结束
[2024-03-21 16:48:34.595163] connect to MySQL:Success
[2024-03-21 16:48:34.596191] 线程20: 第20个订单拼接字符串开始！
[2024-03-21 16:48:35.129898] Disconnect mysql
[2024-03-21 16:48:35.130942] 线程15: 第15个订单拼接字符串结束
[2024-03-21 16:48:35.141782] connect to MySQL:Success
[2024-03-21 16:48:35.142822] 线程21: 第21个订单拼接字符串开始！
[2024-03-21 16:48:36.250117] Disconnect mysql
[2024-03-21 16:48:36.250117] 线程17: 第17个订单拼接字符串结束
[2024-03-21 16:48:36.256841] connect to MySQL:Success
[2024-03-21 16:48:36.257854] 线程22: 第22个订单拼接字符串开始！
[2024-03-21 16:48:36.785174] Disconnect mysql
[2024-03-21 16:48:36.786217] 线程18: 第18个订单拼接字符串结束
[2024-03-21 16:48:36.797034] connect to MySQL:Success
[2024-03-21 16:48:36.798082] 线程23: 第23个订单拼接字符串开始！
[2024-03-21 16:48:36.851512] Disconnect mysql
[2024-03-21 16:48:36.852550] 线程22: 第22个订单拼接字符串结束
[2024-03-21 16:48:36.858686] connect to MySQL:Success
[2024-03-21 16:48:36.859695] 线程24: 第24个订单拼接字符串开始！
[2024-03-21 16:48:36.900612] Disconnect mysql
[2024-03-21 16:48:36.901625] 线程21: 第21个订单拼接字符串结束
[2024-03-21 16:48:36.908272] connect to MySQL:Success
[2024-03-21 16:48:36.909285] 线程25: 第25个订单拼接字符串开始！
[2024-03-21 16:48:36.925835] Disconnect mysql
[2024-03-21 16:48:36.925835] 线程20: 第20个订单拼接字符串结束
[2024-03-21 16:48:36.933575] connect to MySQL:Success
[2024-03-21 16:48:36.934606] 线程26: 第26个订单拼接字符串开始！
[2024-03-21 16:48:37.498944] Disconnect mysql
[2024-03-21 16:48:37.499956] 线程26: 第26个订单拼接字符串结束
[2024-03-21 16:48:37.506183] connect to MySQL:Success
[2024-03-21 16:48:37.506728] 线程27: 第27个订单拼接字符串开始！
[2024-03-21 16:48:38.081132] Disconnect mysql
[2024-03-21 16:48:38.082158] 线程25: 第25个订单拼接字符串结束
[2024-03-21 16:48:38.096693] connect to MySQL:Success
[2024-03-21 16:48:38.097731] 线程28: 第28个订单拼接字符串开始！
[2024-03-21 16:48:38.358472] Disconnect mysql
[2024-03-21 16:48:38.358472] 线程19: 第19个订单拼接字符串结束
[2024-03-21 16:48:38.367287] connect to MySQL:Success
[2024-03-21 16:48:38.367287] 线程29: 第29个订单拼接字符串开始！
[2024-03-21 16:48:39.060398] Disconnect mysql
[2024-03-21 16:48:39.060398] 线程23: 第23个订单拼接字符串结束
[2024-03-21 16:48:39.067581] connect to MySQL:Success
[2024-03-21 16:48:39.068124] 线程30: 第30个订单拼接字符串开始！
[2024-03-21 16:48:39.710708] Disconnect mysql
[2024-03-21 16:48:39.711739] 线程27: 第27个订单拼接字符串结束
[2024-03-21 16:48:39.717940] connect to MySQL:Success
[2024-03-21 16:48:39.717940] 线程31: 第31个订单拼接字符串开始！
[2024-03-21 16:48:39.812477] Disconnect mysql
[2024-03-21 16:48:39.813489] 线程28: 第28个订单拼接字符串结束
[2024-03-21 16:48:39.830002] connect to MySQL:Success
[2024-03-21 16:48:39.831038] 线程32: 第32个订单拼接字符串开始！
[2024-03-21 16:48:40.229516] Disconnect mysql
[2024-03-21 16:48:40.229516] 线程30: 第30个订单拼接字符串结束
[2024-03-21 16:48:40.236305] connect to MySQL:Success
[2024-03-21 16:48:40.236305] 线程33: 第33个订单拼接字符串开始！
[2024-03-21 16:48:41.807606] Disconnect mysql
[2024-03-21 16:48:41.808664] 线程24: 第24个订单拼接字符串结束
[2024-03-21 16:48:41.818964] connect to MySQL:Success
[2024-03-21 16:48:41.818964] 线程34: 第34个订单拼接字符串开始！
[2024-03-21 16:48:41.931653] Disconnect mysql
[2024-03-21 16:48:41.932178] 线程29: 第29个订单拼接字符串结束
[2024-03-21 16:48:41.943010] connect to MySQL:Success
[2024-03-21 16:48:41.944049] 线程35: 第35个订单拼接字符串开始！
[2024-03-21 16:48:42.423599] Disconnect mysql
[2024-03-21 16:48:42.424616] 线程31: 第31个订单拼接字符串结束
[2024-03-21 16:48:42.445821] connect to MySQL:Success
[2024-03-21 16:48:42.445821] 线程36: 第36个订单拼接字符串开始！
[2024-03-21 16:48:42.671416] Disconnect mysql
[2024-03-21 16:48:42.672457] 线程32: 第32个订单拼接字符串结束
[2024-03-21 16:48:42.680584] connect to MySQL:Success
[2024-03-21 16:48:42.681597] 线程37: 第37个订单拼接字符串开始！
[2024-03-21 16:48:43.072833] Disconnect mysql
[2024-03-21 16:48:43.073876] 线程33: 第33个订单拼接字符串结束
[2024-03-21 16:48:43.081689] connect to MySQL:Success
[2024-03-21 16:48:43.082724] 线程38: 第38个订单拼接字符串开始！
[2024-03-21 16:48:43.090536] Disconnect mysql
[2024-03-21 16:48:43.091562] XS20240320003889订单已存在,不上传
[2024-03-21 16:48:43.106041] connect to MySQL:Success
[2024-03-21 16:48:43.107082] 线程39: 第39个订单拼接字符串开始！
[2024-03-21 16:48:43.112165] Disconnect mysql
[2024-03-21 16:48:43.113176] XS20240321001413订单已存在,不上传
[2024-03-21 16:48:43.118861] connect to MySQL:Success
[2024-03-21 16:48:43.119899] 线程40: 第40个订单拼接字符串开始！
[2024-03-21 16:48:44.092614] Disconnect mysql
[2024-03-21 16:48:44.093643] 线程36: 第36个订单拼接字符串结束
[2024-03-21 16:48:44.100270] connect to MySQL:Success
[2024-03-21 16:48:44.100270] 线程41: 第41个订单拼接字符串开始！
[2024-03-21 16:48:44.876435] Disconnect mysql
[2024-03-21 16:48:44.877478] 线程37: 第37个订单拼接字符串结束
[2024-03-21 16:48:44.888271] connect to MySQL:Success
[2024-03-21 16:48:44.888271] 线程42: 第42个订单拼接字符串开始！
[2024-03-21 16:48:45.169532] Disconnect mysql
[2024-03-21 16:48:45.170556] 线程34: 第34个订单拼接字符串结束
[2024-03-21 16:48:45.178350] connect to MySQL:Success
[2024-03-21 16:48:45.179381] 线程43: 第43个订单拼接字符串开始！
[2024-03-21 16:48:46.314195] Disconnect mysql
[2024-03-21 16:48:46.314719] 线程40: 第40个订单拼接字符串结束
[2024-03-21 16:48:46.321946] connect to MySQL:Success
[2024-03-21 16:48:46.321946] 线程44: 第44个订单拼接字符串开始！
[2024-03-21 16:48:46.355936] Disconnect mysql
[2024-03-21 16:48:46.355936] 线程35: 第35个订单拼接字符串结束
[2024-03-21 16:48:46.368828] connect to MySQL:Success
[2024-03-21 16:48:46.369862] 线程45: 第45个订单拼接字符串开始！
[2024-03-21 16:48:46.473293] Disconnect mysql
[2024-03-21 16:48:46.473293] 线程41: 第41个订单拼接字符串结束
[2024-03-21 16:48:46.479956] connect to MySQL:Success
[2024-03-21 16:48:46.480982] 线程46: 第46个订单拼接字符串开始！
[2024-03-21 16:48:46.901741] Disconnect mysql
[2024-03-21 16:48:46.902753] 线程43: 第43个订单拼接字符串结束
[2024-03-21 16:48:46.909425] connect to MySQL:Success
[2024-03-21 16:48:46.909425] 线程47: 第47个订单拼接字符串开始！
[2024-03-21 16:48:48.624275] Disconnect mysql
[2024-03-21 16:48:48.625300] 线程45: 第45个订单拼接字符串结束
[2024-03-21 16:48:48.631448] connect to MySQL:Success
[2024-03-21 16:48:48.631993] 线程48: 第48个订单拼接字符串开始！
[2024-03-21 16:48:48.800896] Disconnect mysql
[2024-03-21 16:48:48.800896] Disconnect mysql
[2024-03-21 16:48:48.801909] 线程42: 第42个订单拼接字符串结束
[2024-03-21 16:48:48.801909] 线程46: 第46个订单拼接字符串结束
[2024-03-21 16:48:48.810096] connect to MySQL:Success
[2024-03-21 16:48:48.811128] connect to MySQL:Success
[2024-03-21 16:48:48.811128] 线程50: 第50个订单拼接字符串开始！
[2024-03-21 16:48:48.811681] 线程49: 第49个订单拼接字符串开始！
[2024-03-21 16:48:49.145749] Disconnect mysql
[2024-03-21 16:48:49.146783] 线程44: 第44个订单拼接字符串结束
[2024-03-21 16:48:49.956356] Disconnect mysql
[2024-03-21 16:48:49.957398] 线程49: 第49个订单拼接字符串结束
[2024-03-21 16:48:52.160859] Disconnect mysql
[2024-03-21 16:48:52.161409] 线程50: 第50个订单拼接字符串结束
[2024-03-21 16:48:53.725368] Disconnect mysql
[2024-03-21 16:48:53.726406] 线程47: 第47个订单拼接字符串结束
[2024-03-21 16:48:58.703564] Disconnect mysql
[2024-03-21 16:48:58.703564] 线程48: 第48个订单拼接字符串结束
[2024-03-21 16:48:58.707678] 本次发送定时任务结束
[2024-03-21 16:48:58.708727] 结束
[2024-03-21 16:49:26.977333] 开始
[2024-03-21 16:49:26.978358] 发送定时任务开始执行...
[2024-03-21 16:49:26.986024] connect to MySQL:Success
[2024-03-21 16:49:26.992121] Disconnect mysql
[2024-03-21 16:49:27.000847] connect to MySQL:Success
[2024-03-21 16:49:27.001883] connect to MySQL:Success
[2024-03-21 16:49:27.001883] connect to MySQL:Success
[2024-03-21 16:49:27.001883] 线程3: 第2个订单拼接字符串开始！
[2024-03-21 16:49:27.002912] 线程2: 第1个订单拼接字符串开始！
[2024-03-21 16:49:27.002912] connect to MySQL:Success
[2024-03-21 16:49:27.002912] 线程4: 第3个订单拼接字符串开始！
[2024-03-21 16:49:27.003954] 线程1: 第5个订单拼接字符串开始！
[2024-03-21 16:49:27.010651] connect to MySQL:Success
[2024-03-21 16:49:27.011647] 线程5: 第4个订单拼接字符串开始！
[2024-03-21 16:49:28.144062] Disconnect mysql
[2024-03-21 16:49:28.145108] 线程5: 第4个订单拼接字符串结束
[2024-03-21 16:49:28.151334] connect to MySQL:Success
[2024-03-21 16:49:28.151897] 线程2: 第6个订单拼接字符串开始！
[2024-03-21 16:49:31.537629] Disconnect mysql
[2024-03-21 16:49:31.538674] 线程4: 第3个订单拼接字符串结束
[2024-03-21 16:49:31.556218] connect to MySQL:Success
[2024-03-21 16:49:31.557265] 线程3: 第7个订单拼接字符串开始！
[2024-03-21 16:49:31.627559] Disconnect mysql
[2024-03-21 16:49:31.628576] 线程1: 第5个订单拼接字符串结束
[2024-03-21 16:49:31.646145] connect to MySQL:Success
[2024-03-21 16:49:31.647165] 线程4: 第8个订单拼接字符串开始！
[2024-03-21 16:49:32.119451] Disconnect mysql
[2024-03-21 16:49:32.120494] 线程2: 第6个订单拼接字符串结束
[2024-03-21 16:49:32.130369] connect to MySQL:Success
[2024-03-21 16:49:32.131395] 线程5: 第9个订单拼接字符串开始！
[2024-03-21 16:49:32.696891] Disconnect mysql
[2024-03-21 16:49:32.696891] 线程3: 第2个订单拼接字符串结束
[2024-03-21 16:49:32.700478] Disconnect mysql
[2024-03-21 16:49:32.700478] 线程5: 第9个订单拼接字符串结束
[2024-03-21 16:49:32.705595] connect to MySQL:Success
[2024-03-21 16:49:32.705595] 线程1: 第10个订单拼接字符串开始！
[2024-03-21 16:49:32.706634] connect to MySQL:Success
[2024-03-21 16:49:32.706634] 线程2: 第11个订单拼接字符串开始！
[2024-03-21 16:49:32.810874] Disconnect mysql
[2024-03-21 16:49:32.811924] 线程4: 第8个订单拼接字符串结束
[2024-03-21 16:49:32.817631] connect to MySQL:Success
[2024-03-21 16:49:32.818715] 线程3: 第12个订单拼接字符串开始！
[2024-03-21 16:49:33.868351] Disconnect mysql
[2024-03-21 16:49:33.869386] 线程3: 第7个订单拼接字符串结束
[2024-03-21 16:49:33.875521] connect to MySQL:Success
[2024-03-21 16:49:33.876528] 线程4: 第13个订单拼接字符串开始！
[2024-03-21 16:49:33.877545] Disconnect mysql
[2024-03-21 16:49:33.878102] 线程2: 第11个订单拼接字符串结束
[2024-03-21 16:49:33.883271] connect to MySQL:Success
[2024-03-21 16:49:33.884284] 线程5: 第14个订单拼接字符串开始！
[2024-03-21 16:49:34.919413] Disconnect mysql
[2024-03-21 16:49:34.919413] 线程1: 第10个订单拼接字符串结束
[2024-03-21 16:49:34.938513] connect to MySQL:Success
[2024-03-21 16:49:34.939548] 线程1: 第15个订单拼接字符串开始！
[2024-03-21 16:49:35.621585] Disconnect mysql
[2024-03-21 16:49:35.622494] 线程3: 第12个订单拼接字符串结束
[2024-03-21 16:49:35.643737] connect to MySQL:Success
[2024-03-21 16:49:35.643737] 线程2: 第16个订单拼接字符串开始！
[2024-03-21 16:49:36.092227] Disconnect mysql
[2024-03-21 16:49:36.092756] 线程5: 第14个订单拼接字符串结束
[2024-03-21 16:49:36.098905] connect to MySQL:Success
[2024-03-21 16:49:36.099929] 线程3: 第17个订单拼接字符串开始！
[2024-03-21 16:49:36.106595] Disconnect mysql
[2024-03-21 16:49:36.106595] 线程4: 第13个订单拼接字符串结束
[2024-03-21 16:49:36.112744] connect to MySQL:Success
[2024-03-21 16:49:36.112744] 线程4: 第18个订单拼接字符串开始！
[2024-03-21 16:49:36.535170] Disconnect mysql
[2024-03-21 16:49:36.536210] 线程2: 第1个订单拼接字符串结束
[2024-03-21 16:49:36.553786] connect to MySQL:Success
[2024-03-21 16:49:36.553786] 线程5: 第19个订单拼接字符串开始！
[2024-03-21 16:49:36.686868] Disconnect mysql
[2024-03-21 16:49:36.686868] 线程4: 第18个订单拼接字符串结束
[2024-03-21 16:49:36.693676] connect to MySQL:Success
[2024-03-21 16:49:36.693676] 线程1: 第20个订单拼接字符串开始！
[2024-03-21 16:49:37.768786] Disconnect mysql
[2024-03-21 16:49:37.768786] 线程3: 第17个订单拼接字符串结束
[2024-03-21 16:49:37.788300] connect to MySQL:Success
[2024-03-21 16:49:37.789318] 线程2: 第21个订单拼接字符串开始！
[2024-03-21 16:49:38.016652] Disconnect mysql
[2024-03-21 16:49:38.016652] 线程2: 第16个订单拼接字符串结束
[2024-03-21 16:49:38.023423] connect to MySQL:Success
[2024-03-21 16:49:38.023423] 线程3: 第22个订单拼接字符串开始！
[2024-03-21 16:49:38.725406] Disconnect mysql
[2024-03-21 16:49:38.726465] 线程5: 第19个订单拼接字符串结束
[2024-03-21 16:49:38.732687] connect to MySQL:Success
[2024-03-21 16:49:38.733227] 线程4: 第23个订单拼接字符串开始！
[2024-03-21 16:49:38.980329] Disconnect mysql
[2024-03-21 16:49:38.981363] 线程2: 第21个订单拼接字符串结束
[2024-03-21 16:49:38.987470] connect to MySQL:Success
[2024-03-21 16:49:38.988508] 线程5: 第24个订单拼接字符串开始！
[2024-03-21 16:49:39.192430] Disconnect mysql
[2024-03-21 16:49:39.192430] 线程1: 第15个订单拼接字符串结束
[2024-03-21 16:49:39.199158] connect to MySQL:Success
[2024-03-21 16:49:39.200189] 线程1: 第25个订单拼接字符串开始！
[2024-03-21 16:49:39.327340] Disconnect mysql
[2024-03-21 16:49:39.328372] 线程4: 第23个订单拼接字符串结束
[2024-03-21 16:49:39.334104] connect to MySQL:Success
[2024-03-21 16:49:39.334104] 线程2: 第26个订单拼接字符串开始！
[2024-03-21 16:49:40.336807] Disconnect mysql
[2024-03-21 16:49:40.336807] 线程3: 第22个订单拼接字符串结束
[2024-03-21 16:49:40.352363] connect to MySQL:Success
[2024-03-21 16:49:40.353403] 线程3: 第27个订单拼接字符串开始！
[2024-03-21 16:49:40.535014] Disconnect mysql
[2024-03-21 16:49:40.536044] 线程2: 第26个订单拼接字符串结束
[2024-03-21 16:49:40.542123] connect to MySQL:Success
[2024-03-21 16:49:40.542123] 线程4: 第28个订单拼接字符串开始！
[2024-03-21 16:49:40.674704] Disconnect mysql
[2024-03-21 16:49:40.675745] 线程5: 第24个订单拼接字符串结束
[2024-03-21 16:49:40.682516] connect to MySQL:Success
[2024-03-21 16:49:40.682516] 线程5: 第29个订单拼接字符串开始！
[2024-03-21 16:49:41.764383] Disconnect mysql
[2024-03-21 16:49:41.765418] 线程1: 第20个订单拼接字符串结束
[2024-03-21 16:49:41.780287] connect to MySQL:Success
[2024-03-21 16:49:41.781327] 线程1: 第30个订单拼接字符串开始！
[2024-03-21 16:49:42.478157] Disconnect mysql
[2024-03-21 16:49:42.479187] 线程1: 第25个订单拼接字符串结束
[2024-03-21 16:49:42.497817] connect to MySQL:Success
[2024-03-21 16:49:42.498861] 线程2: 第31个订单拼接字符串开始！
[2024-03-21 16:49:43.280200] Disconnect mysql
[2024-03-21 16:49:43.281257] 线程3: 第27个订单拼接字符串结束
[2024-03-21 16:49:43.298419] connect to MySQL:Success
[2024-03-21 16:49:43.298419] 线程3: 第32个订单拼接字符串开始！
[2024-03-21 16:49:43.400311] Disconnect mysql
[2024-03-21 16:49:43.401320] 线程5: 第29个订单拼接字符串结束
[2024-03-21 16:49:43.412672] Disconnect mysql
[2024-03-21 16:49:43.413716] 线程4: 第28个订单拼接字符串结束
[2024-03-21 16:49:43.420538] connect to MySQL:Success
[2024-03-21 16:49:43.421575] 线程4: 第33个订单拼接字符串开始！
[2024-03-21 16:49:43.422591] connect to MySQL:Success
[2024-03-21 16:49:43.423627] 线程5: 第34个订单拼接字符串开始！
[2024-03-21 16:49:43.429216] Disconnect mysql
[2024-03-21 16:49:43.429216] XS20240321001450订单已存在,不上传
[2024-03-21 16:49:43.444206] connect to MySQL:Success
[2024-03-21 16:49:43.444206] 线程1: 第35个订单拼接字符串开始！
[2024-03-21 16:49:45.044762] Disconnect mysql
[2024-03-21 16:49:45.045792] 线程3: 第32个订单拼接字符串结束
[2024-03-21 16:49:45.061218] connect to MySQL:Success
[2024-03-21 16:49:45.062234] 线程2: 第36个订单拼接字符串开始！
[2024-03-21 16:49:45.120921] Disconnect mysql
[2024-03-21 16:49:45.121935] 线程1: 第30个订单拼接字符串结束
[2024-03-21 16:49:45.135336] connect to MySQL:Success
[2024-03-21 16:49:45.136368] 线程3: 第37个订单拼接字符串开始！
[2024-03-21 16:49:45.667525] Disconnect mysql
[2024-03-21 16:49:45.668569] 线程4: 第33个订单拼接字符串结束
[2024-03-21 16:49:45.675330] connect to MySQL:Success
[2024-03-21 16:49:45.676344] 线程4: 第38个订单拼接字符串开始！
[2024-03-21 16:49:46.435137] Disconnect mysql
[2024-03-21 16:49:46.435137] 线程1: 第35个订单拼接字符串结束
[2024-03-21 16:49:46.445022] connect to MySQL:Success
[2024-03-21 16:49:46.446050] 线程5: 第39个订单拼接字符串开始！
[2024-03-21 16:49:46.845332] Disconnect mysql
[2024-03-21 16:49:46.846359] 线程2: 第36个订单拼接字符串结束
[2024-03-21 16:49:46.852035] connect to MySQL:Success
[2024-03-21 16:49:46.853064] 线程1: 第40个订单拼接字符串开始！
[2024-03-21 16:49:47.151017] Disconnect mysql
[2024-03-21 16:49:47.152061] 线程2: 第31个订单拼接字符串结束
[2024-03-21 16:49:47.170271] connect to MySQL:Success
[2024-03-21 16:49:47.171310] 线程2: 第41个订单拼接字符串开始！
[2024-03-21 16:49:47.375628] Disconnect mysql
[2024-03-21 16:49:47.375628] 线程3: 第37个订单拼接字符串结束
[2024-03-21 16:49:47.382376] connect to MySQL:Success
[2024-03-21 16:49:47.383407] 线程3: 第42个订单拼接字符串开始！
[2024-03-21 16:49:48.324723] Disconnect mysql
[2024-03-21 16:49:48.325743] 线程2: 第41个订单拼接字符串结束
[2024-03-21 16:49:48.331407] connect to MySQL:Success
[2024-03-21 16:49:48.332470] 线程4: 第43个订单拼接字符串开始！
[2024-03-21 16:49:48.716329] Disconnect mysql
[2024-03-21 16:49:48.716329] 线程5: 第39个订单拼接字符串结束
[2024-03-21 16:49:48.731775] connect to MySQL:Success
[2024-03-21 16:49:48.732802] 线程5: 第44个订单拼接字符串开始！
[2024-03-21 16:49:49.281546] Disconnect mysql
[2024-03-21 16:49:49.282582] 线程5: 第44个订单拼接字符串结束
[2024-03-21 16:49:49.289320] connect to MySQL:Success
[2024-03-21 16:49:49.289320] 线程1: 第45个订单拼接字符串开始！
[2024-03-21 16:49:50.749468] Disconnect mysql
[2024-03-21 16:49:50.750507] 线程3: 第42个订单拼接字符串结束
[2024-03-21 16:49:50.768678] connect to MySQL:Success
[2024-03-21 16:49:50.769715] 线程2: 第46个订单拼接字符串开始！
[2024-03-21 16:49:51.207291] Disconnect mysql
[2024-03-21 16:49:51.208294] 线程4: 第43个订单拼接字符串结束
[2024-03-21 16:49:51.219013] connect to MySQL:Success
[2024-03-21 16:49:51.219013] 线程3: 第47个订单拼接字符串开始！
[2024-03-21 16:49:52.208272] Disconnect mysql
[2024-03-21 16:49:52.208272] 线程1: 第45个订单拼接字符串结束
[2024-03-21 16:49:52.216026] connect to MySQL:Success
[2024-03-21 16:49:52.216026] 线程4: 第48个订单拼接字符串开始！
[2024-03-21 16:49:53.323515] Disconnect mysql
[2024-03-21 16:49:53.323515] 线程4: 第48个订单拼接字符串结束
[2024-03-21 16:49:53.330253] connect to MySQL:Success
[2024-03-21 16:49:53.331284] 线程5: 第49个订单拼接字符串开始！
[2024-03-21 16:49:53.574425] Disconnect mysql
[2024-03-21 16:49:53.575481] 线程2: 第46个订单拼接字符串结束
[2024-03-21 16:49:53.591024] connect to MySQL:Success
[2024-03-21 16:49:53.592081] 线程1: 第50个订单拼接字符串开始！
[2024-03-21 16:49:54.048942] Disconnect mysql
[2024-03-21 16:49:54.048942] 线程4: 第38个订单拼接字符串结束
[2024-03-21 16:49:55.026328] Disconnect mysql
[2024-03-21 16:49:55.026328] 线程5: 第49个订单拼接字符串结束
[2024-03-21 16:49:55.709129] Disconnect mysql
[2024-03-21 16:49:55.709685] 线程3: 第47个订单拼接字符串结束
[2024-03-21 16:49:56.346770] Disconnect mysql
[2024-03-21 16:49:56.347793] 线程1: 第50个订单拼接字符串结束
[2024-03-21 16:49:57.142513] Disconnect mysql
[2024-03-21 16:49:57.143549] 线程1: 第40个订单拼接字符串结束
[2024-03-21 16:49:57.146159] 本次发送定时任务结束
[2024-03-21 16:49:57.147186] 结束
[2024-03-21 16:55:08.811466] 开始
[2024-03-21 16:55:08.811466] 发送定时任务开始执行...
[2024-03-21 16:55:08.818180] connect to MySQL:Success
[2024-03-21 16:55:08.824373] Disconnect mysql
[2024-03-21 16:55:08.833075] connect to MySQL:Success
[2024-03-21 16:55:08.834084] connect to MySQL:Success
[2024-03-21 16:55:08.834084] connect to MySQL:Success
[2024-03-21 16:55:08.834084] 线程3: 第2个订单拼接字符串开始！
[2024-03-21 16:55:08.834084] 线程2: 第1个订单拼接字符串开始！
[2024-03-21 16:55:08.835130] 线程4: 第3个订单拼接字符串开始！
[2024-03-21 16:55:08.835130] connect to MySQL:Success
[2024-03-21 16:55:08.835130] connect to MySQL:Success
[2024-03-21 16:55:08.836166] 线程5: 第4个订单拼接字符串开始！
[2024-03-21 16:55:08.836166] 线程1: 第5个订单拼接字符串开始！
[2024-03-21 16:55:09.981565] Disconnect mysql
[2024-03-21 16:55:09.982611] 线程5: 第4个订单拼接字符串结束
[2024-03-21 16:55:09.988307] connect to MySQL:Success
[2024-03-21 16:55:09.989350] 线程2: 第6个订单拼接字符串开始！
[2024-03-21 16:55:12.839348] Disconnect mysql
[2024-03-21 16:55:12.840390] 线程2: 第6个订单拼接字符串结束
[2024-03-21 16:55:12.858053] connect to MySQL:Success
[2024-03-21 16:55:12.859090] 线程3: 第7个订单拼接字符串开始！
[2024-03-21 16:55:13.486161] Disconnect mysql
[2024-03-21 16:55:13.487727] 线程4: 第3个订单拼接字符串结束
[2024-03-21 16:55:13.500637] connect to MySQL:Success
[2024-03-21 16:55:13.500637] 线程4: 第8个订单拼接字符串开始！
[2024-03-21 16:55:14.577623] Disconnect mysql
[2024-03-21 16:55:14.577623] 线程1: 第5个订单拼接字符串结束
[2024-03-21 16:55:14.587471] connect to MySQL:Success
[2024-03-21 16:55:14.587471] 线程5: 第9个订单拼接字符串开始！
[2024-03-21 16:55:15.111704] Disconnect mysql
[2024-03-21 16:55:15.112757] 线程3: 第2个订单拼接字符串结束
[2024-03-21 16:55:15.129357] connect to MySQL:Success
[2024-03-21 16:55:15.130432] 线程1: 第10个订单拼接字符串开始！
[2024-03-21 16:55:16.074826] Disconnect mysql
[2024-03-21 16:55:16.083621] 线程3: 第7个订单拼接字符串结束
[2024-03-21 16:55:16.101105] connect to MySQL:Success
[2024-03-21 16:55:16.102116] 线程2: 第11个订单拼接字符串开始！
[2024-03-21 16:55:16.755287] Disconnect mysql
[2024-03-21 16:55:16.755287] 线程4: 第8个订单拼接字符串结束
[2024-03-21 16:55:16.771947] connect to MySQL:Success
[2024-03-21 16:55:16.772982] 线程3: 第12个订单拼接字符串开始！
[2024-03-21 16:55:17.754043] Disconnect mysql
[2024-03-21 16:55:17.755084] 线程2: 第11个订单拼接字符串结束
[2024-03-21 16:55:17.770741] connect to MySQL:Success
[2024-03-21 16:55:17.770741] 线程4: 第13个订单拼接字符串开始！
[2024-03-21 16:55:17.922225] Disconnect mysql
[2024-03-21 16:55:17.923247] 线程5: 第9个订单拼接字符串结束
[2024-03-21 16:55:17.938718] connect to MySQL:Success
[2024-03-21 16:55:17.938718] 线程5: 第14个订单拼接字符串开始！
[2024-03-21 16:55:19.011899] Disconnect mysql
[2024-03-21 16:55:19.011899] 线程3: 第12个订单拼接字符串结束
[2024-03-21 16:55:19.021762] connect to MySQL:Success
[2024-03-21 16:55:19.022793] 线程1: 第15个订单拼接字符串开始！
[2024-03-21 16:55:19.172270] Disconnect mysql
[2024-03-21 16:55:19.172825] 线程2: 第1个订单拼接字符串结束
[2024-03-21 16:55:19.183587] connect to MySQL:Success
[2024-03-21 16:55:19.183587] 线程2: 第16个订单拼接字符串开始！
[2024-03-21 16:55:19.621112] Disconnect mysql
[2024-03-21 16:55:19.632921] 线程1: 第15个订单拼接字符串结束
[2024-03-21 16:55:19.647482] connect to MySQL:Success
[2024-03-21 16:55:19.648523] 线程3: 第17个订单拼接字符串开始！
[2024-03-21 16:55:20.135057] Disconnect mysql
[2024-03-21 16:55:20.136587] 线程4: 第13个订单拼接字符串结束
[2024-03-21 16:55:20.145407] connect to MySQL:Success
[2024-03-21 16:55:20.145407] 线程4: 第18个订单拼接字符串开始！
[2024-03-21 16:55:20.625153] Disconnect mysql
[2024-03-21 16:55:20.625153] 线程1: 第10个订单拼接字符串结束
[2024-03-21 16:55:20.634990] connect to MySQL:Success
[2024-03-21 16:55:20.636580] 线程5: 第19个订单拼接字符串开始！
[2024-03-21 16:55:20.636580] Disconnect mysql
[2024-03-21 16:55:20.637605] 线程5: 第14个订单拼接字符串结束
[2024-03-21 16:55:20.653379] connect to MySQL:Success
[2024-03-21 16:55:20.654408] 线程1: 第20个订单拼接字符串开始！
[2024-03-21 16:55:21.204069] Disconnect mysql
[2024-03-21 16:55:21.205089] 线程5: 第19个订单拼接字符串结束
[2024-03-21 16:55:21.210817] connect to MySQL:Success
[2024-03-21 16:55:21.211820] 线程2: 第21个订单拼接字符串开始！
[2024-03-21 16:55:21.423063] Disconnect mysql
[2024-03-21 16:55:21.424620] 线程4: 第18个订单拼接字符串结束
[2024-03-21 16:55:21.433413] connect to MySQL:Success
[2024-03-21 16:55:21.681497] 线程3: 第22个订单拼接字符串开始！
[2024-03-21 16:55:23.036251] Disconnect mysql
[2024-03-21 16:55:23.036794] 线程3: 第17个订单拼接字符串结束
[2024-03-21 16:55:23.055435] connect to MySQL:Success
[2024-03-21 16:55:23.055435] 线程4: 第23个订单拼接字符串开始！
[2024-03-21 16:55:23.440502] Disconnect mysql
[2024-03-21 16:55:23.441065] 线程2: 第21个订单拼接字符串结束
[2024-03-21 16:55:23.447287] connect to MySQL:Success
[2024-03-21 16:55:23.448303] 线程5: 第24个订单拼接字符串开始！
[2024-03-21 16:55:23.922650] Disconnect mysql
[2024-03-21 16:55:23.923677] 线程3: 第22个订单拼接字符串结束
[2024-03-21 16:55:23.938237] connect to MySQL:Success
[2024-03-21 16:55:23.939280] 线程1: 第25个订单拼接字符串开始！
[2024-03-21 16:55:24.500522] Disconnect mysql
[2024-03-21 16:55:24.501558] 线程1: 第25个订单拼接字符串结束
[2024-03-21 16:55:24.507779] connect to MySQL:Success
[2024-03-21 16:55:24.509383] 线程2: 第26个订单拼接字符串开始！
[2024-03-21 16:55:24.803567] Disconnect mysql
[2024-03-21 16:55:24.804602] 线程2: 第16个订单拼接字符串结束
[2024-03-21 16:55:24.823752] connect to MySQL:Success
[2024-03-21 16:55:24.823752] 线程3: 第27个订单拼接字符串开始！
[2024-03-21 16:55:24.836628] Disconnect mysql
[2024-03-21 16:55:24.836628] 线程4: 第23个订单拼接字符串结束
[2024-03-21 16:55:24.852238] connect to MySQL:Success
[2024-03-21 16:55:24.852238] 线程4: 第28个订单拼接字符串开始！
[2024-03-21 16:55:25.836580] Disconnect mysql
[2024-03-21 16:55:25.837593] 线程1: 第20个订单拼接字符串结束
[2024-03-21 16:55:25.855055] connect to MySQL:Success
[2024-03-21 16:55:25.856091] 线程5: 第29个订单拼接字符串开始！
[2024-03-21 16:55:27.411764] Disconnect mysql
[2024-03-21 16:55:27.412794] 线程5: 第24个订单拼接字符串结束
[2024-03-21 16:55:27.429365] connect to MySQL:Success
[2024-03-21 16:55:27.430377] 线程1: 第30个订单拼接字符串开始！
[2024-03-21 16:55:27.787657] Disconnect mysql
[2024-03-21 16:55:27.788685] 线程4: 第28个订单拼接字符串结束
[2024-03-21 16:55:27.804222] connect to MySQL:Success
[2024-03-21 16:55:27.804222] 线程2: 第31个订单拼接字符串开始！
[2024-03-21 16:55:28.599289] Disconnect mysql
[2024-03-21 16:55:28.599832] 线程1: 第30个订单拼接字符串结束
[2024-03-21 16:55:28.606027] connect to MySQL:Success
[2024-03-21 16:55:28.607070] 线程3: 第32个订单拼接字符串开始！
[2024-03-21 16:55:28.763956] Disconnect mysql
[2024-03-21 16:55:28.764962] 线程3: 第27个订单拼接字符串结束
[2024-03-21 16:55:28.775718] connect to MySQL:Success
[2024-03-21 16:55:28.775718] 线程4: 第33个订单拼接字符串开始！
[2024-03-21 16:55:29.875639] Disconnect mysql
[2024-03-21 16:55:29.876194] 线程4: 第33个订单拼接字符串结束
[2024-03-21 16:55:29.883966] connect to MySQL:Success
[2024-03-21 16:55:29.883966] 线程5: 第34个订单拼接字符串开始！
[2024-03-21 16:55:30.211452] Disconnect mysql
[2024-03-21 16:55:30.212483] 线程2: 第26个订单拼接字符串结束
[2024-03-21 16:55:30.223897] connect to MySQL:Success
[2024-03-21 16:55:30.224898] 线程1: 第35个订单拼接字符串开始！
[2024-03-21 16:55:30.308886] Disconnect mysql
[2024-03-21 16:55:30.309915] 线程3: 第32个订单拼接字符串结束
[2024-03-21 16:55:30.315632] connect to MySQL:Success
[2024-03-21 16:55:30.315632] 线程2: 第36个订单拼接字符串开始！
[2024-03-21 16:55:31.102735] Disconnect mysql
[2024-03-21 16:55:31.102735] 线程2: 第31个订单拼接字符串结束
[2024-03-21 16:55:31.119447] connect to MySQL:Success
[2024-03-21 16:55:31.119447] 线程3: 第37个订单拼接字符串开始！
[2024-03-21 16:55:31.445753] Disconnect mysql
[2024-03-21 16:55:31.446296] 线程5: 第29个订单拼接字符串结束
[2024-03-21 16:55:31.464967] connect to MySQL:Success
[2024-03-21 16:55:31.465971] 线程4: 第38个订单拼接字符串开始！
[2024-03-21 16:55:32.793908] Disconnect mysql
[2024-03-21 16:55:32.794920] 线程3: 第37个订单拼接字符串结束
[2024-03-21 16:55:32.802031] connect to MySQL:Success
[2024-03-21 16:55:32.803077] 线程5: 第39个订单拼接字符串开始！
[2024-03-21 16:55:33.238344] Disconnect mysql
[2024-03-21 16:55:33.244076] 线程5: 第34个订单拼接字符串结束
[2024-03-21 16:55:33.264974] connect to MySQL:Success
[2024-03-21 16:55:33.264974] 线程1: 第40个订单拼接字符串开始！
[2024-03-21 16:55:33.510851] Disconnect mysql
[2024-03-21 16:55:33.511883] 线程1: 第35个订单拼接字符串结束
[2024-03-21 16:55:33.528399] connect to MySQL:Success
[2024-03-21 16:55:33.528399] 线程2: 第41个订单拼接字符串开始！
[2024-03-21 16:55:33.873008] Disconnect mysql
[2024-03-21 16:55:33.874051] 线程2: 第36个订单拼接字符串结束
[2024-03-21 16:55:33.890513] connect to MySQL:Success
[2024-03-21 16:55:33.890513] 线程3: 第42个订单拼接字符串开始！
[2024-03-21 16:55:35.605371] Disconnect mysql
[2024-03-21 16:55:35.606423] 线程5: 第39个订单拼接字符串结束
[2024-03-21 16:55:35.617853] connect to MySQL:Success
[2024-03-21 16:55:35.618885] 线程4: 第43个订单拼接字符串开始！
[2024-03-21 16:55:36.193441] Disconnect mysql
[2024-03-21 16:55:36.193441] 线程3: 第42个订单拼接字符串结束
[2024-03-21 16:55:36.210023] connect to MySQL:Success
[2024-03-21 16:55:36.211057] 线程5: 第44个订单拼接字符串开始！
[2024-03-21 16:55:36.784966] Disconnect mysql
[2024-03-21 16:55:36.784966] 线程4: 第43个订单拼接字符串结束
[2024-03-21 16:55:36.791769] connect to MySQL:Success
[2024-03-21 16:55:36.792813] 线程1: 第45个订单拼接字符串开始！
[2024-03-21 16:55:37.300684] Disconnect mysql
[2024-03-21 16:55:37.301667] 线程1: 第40个订单拼接字符串结束
[2024-03-21 16:55:37.321871] connect to MySQL:Success
[2024-03-21 16:55:37.321871] 线程2: 第46个订单拼接字符串开始！
[2024-03-21 16:55:38.632280] Disconnect mysql
[2024-03-21 16:55:38.632280] 线程4: 第38个订单拼接字符串结束
[2024-03-21 16:55:38.642076] connect to MySQL:Success
[2024-03-21 16:55:38.643113] 线程3: 第47个订单拼接字符串开始！
[2024-03-21 16:55:40.133149] Disconnect mysql
[2024-03-21 16:55:40.134155] 线程5: 第44个订单拼接字符串结束
[2024-03-21 16:55:40.145084] connect to MySQL:Success
[2024-03-21 16:55:40.146120] 线程4: 第48个订单拼接字符串开始！
[2024-03-21 16:55:40.697901] Disconnect mysql
[2024-03-21 16:55:40.698909] 线程4: 第48个订单拼接字符串结束
[2024-03-21 16:55:40.707725] connect to MySQL:Success
[2024-03-21 16:55:40.708760] 线程5: 第49个订单拼接字符串开始！
[2024-03-21 16:55:41.344198] Disconnect mysql
[2024-03-21 16:55:41.345241] 线程1: 第45个订单拼接字符串结束
[2024-03-21 16:55:41.352013] connect to MySQL:Success
[2024-03-21 16:55:41.352013] 线程1: 第50个订单拼接字符串开始！
[2024-03-21 16:55:41.816915] Disconnect mysql
[2024-03-21 16:55:41.816915] 线程2: 第41个订单拼接字符串结束
[2024-03-21 16:55:41.902690] Disconnect mysql
[2024-03-21 16:55:41.902690] 线程1: 第50个订单拼接字符串结束
[2024-03-21 16:55:42.464370] Disconnect mysql
[2024-03-21 16:55:42.465423] 线程3: 第47个订单拼接字符串结束
[2024-03-21 16:55:45.126169] Disconnect mysql
[2024-03-21 16:55:45.127202] 线程5: 第49个订单拼接字符串结束
[2024-03-21 16:55:48.186653] Disconnect mysql
[2024-03-21 16:55:48.188235] 线程2: 第46个订单拼接字符串结束
[2024-03-21 16:55:48.193435] 线程 线程2 执行了 10 次任务
[2024-03-21 16:55:48.193435] 线程 线程3 执行了 10 次任务
[2024-03-21 16:55:48.195471] 线程 线程4 执行了 10 次任务
[2024-03-21 16:55:48.196014] 线程 线程5 执行了 10 次任务
[2024-03-21 16:55:48.197037] 线程 线程1 执行了 10 次任务
[2024-03-21 16:55:48.198095] 本次发送定时任务结束
[2024-03-21 16:55:48.199100] 结束
